2013-12-30 10:47:10,704 [INFO ] com.nfl.kfb.maintenance.MailSender - MAIL_SENDER FILE[./doc/MailSender/2013-12-30 25관문 돌파.xlsx] ROWS[191]
2013-12-30 10:47:10,772 [INFO ] com.nfl.kfb.maintenance.MailSender - MAIL_SENDER SENDER[0] ITEM[100] CNT[250] MSG[크리스마스 이벤트 상품] KEEPDAYS[7] OWNERS[10]
2013-12-30 10:47:10,772 [INFO ] com.nfl.kfb.maintenance.MailSender - MAIL_SENDER SENDER[0] ITEM[100] CNT[25] MSG[크리스마스 이벤트 상품] KEEPDAYS[7] OWNERS[182]
2013-12-30 10:47:10,772 [INFO ] com.nfl.kfb.maintenance.MailSender - Waiting 5 seconds to start job
2013-12-30 10:47:15,773 [INFO ] com.nfl.kfb.maintenance.MailSender - MAIL_SENDER SENDER[0] OWNERS[10] ITEM[100] CNT[250] MSG[크리스마스 이벤트 상품] NOW[Mon Dec 30 10:47:09 KST 2013] KEEPDAYS[7]
2013-12-30 10:47:19,975 [INFO ] com.nfl.kfb.maintenance.MailSender - MAIL_SENDER PROCESSING[1/10] RESULT[SUCCESS] SENDER[0] OWNER[88298364331735280] ITEM[100] CNT[250] DEL_DT[1388972829] MSG[크리스마스 이벤트 상품] MAIL_KEY[701688]
2013-12-30 10:47:20,625 [INFO ] com.nfl.kfb.maintenance.MailSender - MAIL_SENDER PROCESSING[2/10] RESULT[SUCCESS] SENDER[0] OWNER[88583873854517649] ITEM[100] CNT[250] DEL_DT[1388972829] MSG[크리스마스 이벤트 상품] MAIL_KEY[701689]
2013-12-30 10:47:21,283 [INFO ] com.nfl.kfb.maintenance.MailSender - MAIL_SENDER PROCESSING[3/10] RESULT[SUCCESS] SENDER[0] OWNER[88712724850873585] ITEM[100] CNT[250] DEL_DT[1388972829] MSG[크리스마스 이벤트 상품] MAIL_KEY[701690]
2013-12-30 10:47:21,932 [INFO ] com.nfl.kfb.maintenance.MailSender - MAIL_SENDER PROCESSING[4/10] RESULT[SUCCESS] SENDER[0] OWNER[88185995413823680] ITEM[100] CNT[250] DEL_DT[1388972829] MSG[크리스마스 이벤트 상품] MAIL_KEY[701691]
2013-12-30 10:47:22,582 [INFO ] com.nfl.kfb.maintenance.MailSender - MAIL_SENDER PROCESSING[5/10] RESULT[SUCCESS] SENDER[0] OWNER[88208498953362577] ITEM[100] CNT[250] DEL_DT[1388972829] MSG[크리스마스 이벤트 상품] MAIL_KEY[701692]
2013-12-30 10:47:23,230 [INFO ] com.nfl.kfb.maintenance.MailSender - MAIL_SENDER PROCESSING[6/10] RESULT[SUCCESS] SENDER[0] OWNER[88176759922874305] ITEM[100] CNT[250] DEL_DT[1388972829] MSG[크리스마스 이벤트 상품] MAIL_KEY[701693]
2013-12-30 10:47:23,876 [INFO ] com.nfl.kfb.maintenance.MailSender - MAIL_SENDER PROCESSING[7/10] RESULT[SUCCESS] SENDER[0] OWNER[88816128949516320] ITEM[100] CNT[250] DEL_DT[1388972829] MSG[크리스마스 이벤트 상품] MAIL_KEY[701694]
2013-12-30 10:47:24,524 [INFO ] com.nfl.kfb.maintenance.MailSender - MAIL_SENDER PROCESSING[8/10] RESULT[SUCCESS] SENDER[0] OWNER[90189623517685057] ITEM[100] CNT[250] DEL_DT[1388972829] MSG[크리스마스 이벤트 상품] MAIL_KEY[701695]
2013-12-30 10:47:25,171 [INFO ] com.nfl.kfb.maintenance.MailSender - MAIL_SENDER PROCESSING[9/10] RESULT[SUCCESS] SENDER[0] OWNER[88174175868978049] ITEM[100] CNT[250] DEL_DT[1388972829] MSG[크리스마스 이벤트 상품] MAIL_KEY[701696]
2013-12-30 10:47:25,816 [INFO ] com.nfl.kfb.maintenance.MailSender - MAIL_SENDER PROCESSING[10/10] RESULT[SUCCESS] SENDER[0] OWNER[88473401875235761] ITEM[100] CNT[250] DEL_DT[1388972829] MSG[크리스마스 이벤트 상품] MAIL_KEY[701697]
2013-12-30 10:47:26,036 [INFO ] com.nfl.kfb.maintenance.MailSender - MAIL_SENDER PROCESSING[10/10] COMMIT[SUCCESS]
2013-12-30 10:47:26,250 [INFO ] com.nfl.kfb.maintenance.MailSender - MAIL_SENDER SENDER[0] OWNERS[182] ITEM[100] CNT[25] MSG[크리스마스 이벤트 상품] NOW[Mon Dec 30 10:47:09 KST 2013] KEEPDAYS[7]
2013-12-30 10:47:27,112 [INFO ] com.nfl.kfb.maintenance.MailSender - MAIL_SENDER PROCESSING[1/182] RESULT[SUCCESS] SENDER[0] OWNER[88231842747888352] ITEM[100] CNT[25] DEL_DT[1388972829] MSG[크리스마스 이벤트 상품] MAIL_KEY[701698]
2013-12-30 10:47:27,759 [INFO ] com.nfl.kfb.maintenance.MailSender - MAIL_SENDER PROCESSING[2/182] RESULT[SUCCESS] SENDER[0] OWNER[88613018366000288] ITEM[100] CNT[25] DEL_DT[1388972829] MSG[크리스마스 이벤트 상품] MAIL_KEY[701699]
2013-12-30 10:47:28,405 [INFO ] com.nfl.kfb.maintenance.MailSender - MAIL_SENDER PROCESSING[3/182] RESULT[SUCCESS] SENDER[0] OWNER[88249861477352865] ITEM[100] CNT[25] DEL_DT[1388972829] MSG[크리스마스 이벤트 상품] MAIL_KEY[701700]
2013-12-30 10:47:29,054 [INFO ] com.nfl.kfb.maintenance.MailSender - MAIL_SENDER PROCESSING[4/182] RESULT[SUCCESS] SENDER[0] OWNER[88141292419126800] ITEM[100] CNT[25] DEL_DT[1388972829] MSG[크리스마스 이벤트 상품] MAIL_KEY[701701]
2013-12-30 10:47:29,699 [INFO ] com.nfl.kfb.maintenance.MailSender - MAIL_SENDER PROCESSING[5/182] RESULT[SUCCESS] SENDER[0] OWNER[88292449729695809] ITEM[100] CNT[25] DEL_DT[1388972829] MSG[크리스마스 이벤트 상품] MAIL_KEY[701702]
2013-12-30 10:47:30,351 [INFO ] com.nfl.kfb.maintenance.MailSender - MAIL_SENDER PROCESSING[6/182] RESULT[SUCCESS] SENDER[0] OWNER[88216185896728241] ITEM[100] CNT[25] DEL_DT[1388972829] MSG[크리스마스 이벤트 상품] MAIL_KEY[701703]
2013-12-30 10:47:30,998 [INFO ] com.nfl.kfb.maintenance.MailSender - MAIL_SENDER PROCESSING[7/182] RESULT[SUCCESS] SENDER[0] OWNER[88173003343878417] ITEM[100] CNT[25] DEL_DT[1388972829] MSG[크리스마스 이벤트 상품] MAIL_KEY[701704]
2013-12-30 10:47:31,646 [INFO ] com.nfl.kfb.maintenance.MailSender - MAIL_SENDER PROCESSING[8/182] RESULT[SUCCESS] SENDER[0] OWNER[88343675952844976] ITEM[100] CNT[25] DEL_DT[1388972829] MSG[크리스마스 이벤트 상품] MAIL_KEY[701705]
2013-12-30 10:47:32,291 [INFO ] com.nfl.kfb.maintenance.MailSender - MAIL_SENDER PROCESSING[9/182] RESULT[SUCCESS] SENDER[0] OWNER[88210497507815537] ITEM[100] CNT[25] DEL_DT[1388972829] MSG[크리스마스 이벤트 상품] MAIL_KEY[701706]
2013-12-30 10:47:32,938 [INFO ] com.nfl.kfb.maintenance.MailSender - MAIL_SENDER PROCESSING[10/182] RESULT[SUCCESS] SENDER[0] OWNER[88284344105468336] ITEM[100] CNT[25] DEL_DT[1388972829] MSG[크리스마스 이벤트 상품] MAIL_KEY[701707]
2013-12-30 10:47:33,157 [INFO ] com.nfl.kfb.maintenance.MailSender - MAIL_SENDER PROCESSING[10/182] COMMIT[SUCCESS]
2013-12-30 10:47:33,806 [INFO ] com.nfl.kfb.maintenance.MailSender - MAIL_SENDER PROCESSING[11/182] RESULT[SUCCESS] SENDER[0] OWNER[89166023862725905] ITEM[100] CNT[25] DEL_DT[1388972829] MSG[크리스마스 이벤트 상품] MAIL_KEY[701708]
2013-12-30 10:47:34,451 [INFO ] com.nfl.kfb.maintenance.MailSender - MAIL_SENDER PROCESSING[12/182] RESULT[SUCCESS] SENDER[0] OWNER[88134104051001009] ITEM[100] CNT[25] DEL_DT[1388972829] MSG[크리스마스 이벤트 상품] MAIL_KEY[701709]
2013-12-30 10:47:35,094 [INFO ] com.nfl.kfb.maintenance.MailSender - MAIL_SENDER PROCESSING[13/182] RESULT[SUCCESS] SENDER[0] OWNER[88197343955361632] ITEM[100] CNT[25] DEL_DT[1388972829] MSG[크리스마스 이벤트 상품] MAIL_KEY[701710]
2013-12-30 10:47:35,740 [INFO ] com.nfl.kfb.maintenance.MailSender - MAIL_SENDER PROCESSING[14/182] RESULT[SUCCESS] SENDER[0] OWNER[90275018421324369] ITEM[100] CNT[25] DEL_DT[1388972829] MSG[크리스마스 이벤트 상품] MAIL_KEY[701711]
2013-12-30 10:47:36,386 [INFO ] com.nfl.kfb.maintenance.MailSender - MAIL_SENDER PROCESSING[15/182] RESULT[SUCCESS] SENDER[0] OWNER[88050829878177809] ITEM[100] CNT[25] DEL_DT[1388972829] MSG[크리스마스 이벤트 상품] MAIL_KEY[701712]
2013-12-30 10:47:37,033 [INFO ] com.nfl.kfb.maintenance.MailSender - MAIL_SENDER PROCESSING[16/182] RESULT[SUCCESS] SENDER[0] OWNER[90429673249397889] ITEM[100] CNT[25] DEL_DT[1388972829] MSG[크리스마스 이벤트 상품] MAIL_KEY[701713]
2013-12-30 10:47:37,680 [INFO ] com.nfl.kfb.maintenance.MailSender - MAIL_SENDER PROCESSING[17/182] RESULT[SUCCESS] SENDER[0] OWNER[88320628896551152] ITEM[100] CNT[25] DEL_DT[1388972829] MSG[크리스마스 이벤트 상품] MAIL_KEY[701714]
2013-12-30 10:47:38,325 [INFO ] com.nfl.kfb.maintenance.MailSender - MAIL_SENDER PROCESSING[18/182] RESULT[SUCCESS] SENDER[0] OWNER[88448624165413057] ITEM[100] CNT[25] DEL_DT[1388972829] MSG[크리스마스 이벤트 상품] MAIL_KEY[701715]
2013-12-30 10:47:38,970 [INFO ] com.nfl.kfb.maintenance.MailSender - MAIL_SENDER PROCESSING[19/182] RESULT[SUCCESS] SENDER[0] OWNER[88068931473127281] ITEM[100] CNT[25] DEL_DT[1388972829] MSG[크리스마스 이벤트 상품] MAIL_KEY[701716]
2013-12-30 10:47:39,615 [INFO ] com.nfl.kfb.maintenance.MailSender - MAIL_SENDER PROCESSING[20/182] RESULT[SUCCESS] SENDER[0] OWNER[90565657537936129] ITEM[100] CNT[25] DEL_DT[1388972829] MSG[크리스마스 이벤트 상품] MAIL_KEY[701717]
2013-12-30 10:47:39,836 [INFO ] com.nfl.kfb.maintenance.MailSender - MAIL_SENDER PROCESSING[20/182] COMMIT[SUCCESS]
2013-12-30 10:47:40,481 [INFO ] com.nfl.kfb.maintenance.MailSender - MAIL_SENDER PROCESSING[21/182] RESULT[SUCCESS] SENDER[0] OWNER[88405905148166384] ITEM[100] CNT[25] DEL_DT[1388972829] MSG[크리스마스 이벤트 상품] MAIL_KEY[701718]
2013-12-30 10:47:41,127 [INFO ] com.nfl.kfb.maintenance.MailSender - MAIL_SENDER PROCESSING[22/182] RESULT[SUCCESS] SENDER[0] OWNER[89036123046080625] ITEM[100] CNT[25] DEL_DT[1388972829] MSG[크리스마스 이벤트 상품] MAIL_KEY[701719]
2013-12-30 10:47:41,772 [INFO ] com.nfl.kfb.maintenance.MailSender - MAIL_SENDER PROCESSING[23/182] RESULT[SUCCESS] SENDER[0] OWNER[88407834918689216] ITEM[100] CNT[25] DEL_DT[1388972829] MSG[크리스마스 이벤트 상품] MAIL_KEY[701720]
2013-12-30 10:47:42,417 [INFO ] com.nfl.kfb.maintenance.MailSender - MAIL_SENDER PROCESSING[24/182] RESULT[SUCCESS] SENDER[0] OWNER[88142297359683168] ITEM[100] CNT[25] DEL_DT[1388972829] MSG[크리스마스 이벤트 상품] MAIL_KEY[701721]
2013-12-30 10:47:43,062 [INFO ] com.nfl.kfb.maintenance.MailSender - MAIL_SENDER PROCESSING[25/182] RESULT[SUCCESS] SENDER[0] OWNER[88213350776314272] ITEM[100] CNT[25] DEL_DT[1388972829] MSG[크리스마스 이벤트 상품] MAIL_KEY[701722]
2013-12-30 10:47:43,710 [INFO ] com.nfl.kfb.maintenance.MailSender - MAIL_SENDER PROCESSING[26/182] RESULT[SUCCESS] SENDER[0] OWNER[88317875847017233] ITEM[100] CNT[25] DEL_DT[1388972829] MSG[크리스마스 이벤트 상품] MAIL_KEY[701723]
2013-12-30 10:47:44,357 [INFO ] com.nfl.kfb.maintenance.MailSender - MAIL_SENDER PROCESSING[27/182] RESULT[SUCCESS] SENDER[0] OWNER[88355625857736001] ITEM[100] CNT[25] DEL_DT[1388972829] MSG[크리스마스 이벤트 상품] MAIL_KEY[701724]
2013-12-30 10:47:45,003 [INFO ] com.nfl.kfb.maintenance.MailSender - MAIL_SENDER PROCESSING[28/182] RESULT[SUCCESS] SENDER[0] OWNER[88205375148851136] ITEM[100] CNT[25] DEL_DT[1388972829] MSG[크리스마스 이벤트 상품] MAIL_KEY[701725]
2013-12-30 10:47:45,646 [INFO ] com.nfl.kfb.maintenance.MailSender - MAIL_SENDER PROCESSING[29/182] RESULT[SUCCESS] SENDER[0] OWNER[88196132018931568] ITEM[100] CNT[25] DEL_DT[1388972829] MSG[크리스마스 이벤트 상품] MAIL_KEY[701726]
2013-12-30 10:47:46,291 [INFO ] com.nfl.kfb.maintenance.MailSender - MAIL_SENDER PROCESSING[30/182] RESULT[SUCCESS] SENDER[0] OWNER[88222441888036928] ITEM[100] CNT[25] DEL_DT[1388972829] MSG[크리스마스 이벤트 상품] MAIL_KEY[701727]
2013-12-30 10:47:46,511 [INFO ] com.nfl.kfb.maintenance.MailSender - MAIL_SENDER PROCESSING[30/182] COMMIT[SUCCESS]
2013-12-30 10:47:47,157 [INFO ] com.nfl.kfb.maintenance.MailSender - MAIL_SENDER PROCESSING[31/182] RESULT[SUCCESS] SENDER[0] OWNER[88236214121895521] ITEM[100] CNT[25] DEL_DT[1388972829] MSG[크리스마스 이벤트 상품] MAIL_KEY[701728]
2013-12-30 10:47:47,801 [INFO ] com.nfl.kfb.maintenance.MailSender - MAIL_SENDER PROCESSING[32/182] RESULT[SUCCESS] SENDER[0] OWNER[88129988346438000] ITEM[100] CNT[25] DEL_DT[1388972829] MSG[크리스마스 이벤트 상품] MAIL_KEY[701729]
2013-12-30 10:47:48,447 [INFO ] com.nfl.kfb.maintenance.MailSender - MAIL_SENDER PROCESSING[33/182] RESULT[SUCCESS] SENDER[0] OWNER[90437035840245633] ITEM[100] CNT[25] DEL_DT[1388972829] MSG[크리스마스 이벤트 상품] MAIL_KEY[701730]
2013-12-30 10:47:49,093 [INFO ] com.nfl.kfb.maintenance.MailSender - MAIL_SENDER PROCESSING[34/182] RESULT[SUCCESS] SENDER[0] OWNER[88540246061978272] ITEM[100] CNT[25] DEL_DT[1388972829] MSG[크리스마스 이벤트 상품] MAIL_KEY[701731]
2013-12-30 10:47:49,738 [INFO ] com.nfl.kfb.maintenance.MailSender - MAIL_SENDER PROCESSING[35/182] RESULT[SUCCESS] SENDER[0] OWNER[88072135318246160] ITEM[100] CNT[25] DEL_DT[1388972829] MSG[크리스마스 이벤트 상품] MAIL_KEY[701732]
2013-12-30 10:47:50,385 [INFO ] com.nfl.kfb.maintenance.MailSender - MAIL_SENDER PROCESSING[36/182] RESULT[SUCCESS] SENDER[0] OWNER[88299058346410560] ITEM[100] CNT[25] DEL_DT[1388972829] MSG[크리스마스 이벤트 상품] MAIL_KEY[701733]
2013-12-30 10:47:51,032 [INFO ] com.nfl.kfb.maintenance.MailSender - MAIL_SENDER PROCESSING[37/182] RESULT[SUCCESS] SENDER[0] OWNER[88464419732855616] ITEM[100] CNT[25] DEL_DT[1388972829] MSG[크리스마스 이벤트 상품] MAIL_KEY[701734]
2013-12-30 10:47:51,680 [INFO ] com.nfl.kfb.maintenance.MailSender - MAIL_SENDER PROCESSING[38/182] RESULT[SUCCESS] SENDER[0] OWNER[88703486177784544] ITEM[100] CNT[25] DEL_DT[1388972829] MSG[크리스마스 이벤트 상품] MAIL_KEY[701735]
2013-12-30 10:47:52,325 [INFO ] com.nfl.kfb.maintenance.MailSender - MAIL_SENDER PROCESSING[39/182] RESULT[SUCCESS] SENDER[0] OWNER[88281126974822673] ITEM[100] CNT[25] DEL_DT[1388972829] MSG[크리스마스 이벤트 상품] MAIL_KEY[701736]
2013-12-30 10:47:52,974 [INFO ] com.nfl.kfb.maintenance.MailSender - MAIL_SENDER PROCESSING[40/182] RESULT[SUCCESS] SENDER[0] OWNER[88176046944153073] ITEM[100] CNT[25] DEL_DT[1388972829] MSG[크리스마스 이벤트 상품] MAIL_KEY[701737]
2013-12-30 10:47:53,196 [INFO ] com.nfl.kfb.maintenance.MailSender - MAIL_SENDER PROCESSING[40/182] COMMIT[SUCCESS]
2013-12-30 10:47:53,841 [INFO ] com.nfl.kfb.maintenance.MailSender - MAIL_SENDER PROCESSING[41/182] RESULT[SUCCESS] SENDER[0] OWNER[90520622740134737] ITEM[100] CNT[25] DEL_DT[1388972829] MSG[크리스마스 이벤트 상품] MAIL_KEY[701738]
2013-12-30 10:47:54,487 [INFO ] com.nfl.kfb.maintenance.MailSender - MAIL_SENDER PROCESSING[42/182] RESULT[SUCCESS] SENDER[0] OWNER[88328028508667840] ITEM[100] CNT[25] DEL_DT[1388972829] MSG[크리스마스 이벤트 상품] MAIL_KEY[701739]
2013-12-30 10:47:55,134 [INFO ] com.nfl.kfb.maintenance.MailSender - MAIL_SENDER PROCESSING[43/182] RESULT[SUCCESS] SENDER[0] OWNER[88305986776366656] ITEM[100] CNT[25] DEL_DT[1388972829] MSG[크리스마스 이벤트 상품] MAIL_KEY[701740]
2013-12-30 10:47:55,779 [INFO ] com.nfl.kfb.maintenance.MailSender - MAIL_SENDER PROCESSING[44/182] RESULT[SUCCESS] SENDER[0] OWNER[88369565349449376] ITEM[100] CNT[25] DEL_DT[1388972829] MSG[크리스마스 이벤트 상품] MAIL_KEY[701741]
2013-12-30 10:47:56,422 [INFO ] com.nfl.kfb.maintenance.MailSender - MAIL_SENDER PROCESSING[45/182] RESULT[SUCCESS] SENDER[0] OWNER[88509090142895553] ITEM[100] CNT[25] DEL_DT[1388972829] MSG[크리스마스 이벤트 상품] MAIL_KEY[701742]
2013-12-30 10:47:57,069 [INFO ] com.nfl.kfb.maintenance.MailSender - MAIL_SENDER PROCESSING[46/182] RESULT[SUCCESS] SENDER[0] OWNER[89652563362082736] ITEM[100] CNT[25] DEL_DT[1388972829] MSG[크리스마스 이벤트 상품] MAIL_KEY[701743]
2013-12-30 10:47:57,714 [INFO ] com.nfl.kfb.maintenance.MailSender - MAIL_SENDER PROCESSING[47/182] RESULT[SUCCESS] SENDER[0] OWNER[88163204650003729] ITEM[100] CNT[25] DEL_DT[1388972829] MSG[크리스마스 이벤트 상품] MAIL_KEY[701744]
2013-12-30 10:47:58,361 [INFO ] com.nfl.kfb.maintenance.MailSender - MAIL_SENDER PROCESSING[48/182] RESULT[SUCCESS] SENDER[0] OWNER[88148855819236624] ITEM[100] CNT[25] DEL_DT[1388972829] MSG[크리스마스 이벤트 상품] MAIL_KEY[701745]
2013-12-30 10:47:59,007 [INFO ] com.nfl.kfb.maintenance.MailSender - MAIL_SENDER PROCESSING[49/182] RESULT[SUCCESS] SENDER[0] OWNER[88196850592606032] ITEM[100] CNT[25] DEL_DT[1388972829] MSG[크리스마스 이벤트 상품] MAIL_KEY[701746]
2013-12-30 10:47:59,653 [INFO ] com.nfl.kfb.maintenance.MailSender - MAIL_SENDER PROCESSING[50/182] RESULT[SUCCESS] SENDER[0] OWNER[89970079887244432] ITEM[100] CNT[25] DEL_DT[1388972829] MSG[크리스마스 이벤트 상품] MAIL_KEY[701747]
2013-12-30 10:47:59,874 [INFO ] com.nfl.kfb.maintenance.MailSender - MAIL_SENDER PROCESSING[50/182] COMMIT[SUCCESS]
2013-12-30 10:48:00,520 [INFO ] com.nfl.kfb.maintenance.MailSender - MAIL_SENDER PROCESSING[51/182] RESULT[SUCCESS] SENDER[0] OWNER[88651715261670353] ITEM[100] CNT[25] DEL_DT[1388972829] MSG[크리스마스 이벤트 상품] MAIL_KEY[701748]
2013-12-30 10:48:01,166 [INFO ] com.nfl.kfb.maintenance.MailSender - MAIL_SENDER PROCESSING[52/182] RESULT[SUCCESS] SENDER[0] OWNER[88148018470131584] ITEM[100] CNT[25] DEL_DT[1388972829] MSG[크리스마스 이벤트 상품] MAIL_KEY[701749]
2013-12-30 10:48:01,812 [INFO ] com.nfl.kfb.maintenance.MailSender - MAIL_SENDER PROCESSING[53/182] RESULT[SUCCESS] SENDER[0] OWNER[88147611448631536] ITEM[100] CNT[25] DEL_DT[1388972829] MSG[크리스마스 이벤트 상품] MAIL_KEY[701750]
2013-12-30 10:48:02,457 [INFO ] com.nfl.kfb.maintenance.MailSender - MAIL_SENDER PROCESSING[54/182] RESULT[SUCCESS] SENDER[0] OWNER[88360639899420689] ITEM[100] CNT[25] DEL_DT[1388972829] MSG[크리스마스 이벤트 상품] MAIL_KEY[701751]
2013-12-30 10:48:03,101 [INFO ] com.nfl.kfb.maintenance.MailSender - MAIL_SENDER PROCESSING[55/182] RESULT[SUCCESS] SENDER[0] OWNER[88644153467478465] ITEM[100] CNT[25] DEL_DT[1388972829] MSG[크리스마스 이벤트 상품] MAIL_KEY[701752]
2013-12-30 10:48:03,746 [INFO ] com.nfl.kfb.maintenance.MailSender - MAIL_SENDER PROCESSING[56/182] RESULT[SUCCESS] SENDER[0] OWNER[88085653085662368] ITEM[100] CNT[25] DEL_DT[1388972829] MSG[크리스마스 이벤트 상품] MAIL_KEY[701753]
2013-12-30 10:48:04,390 [INFO ] com.nfl.kfb.maintenance.MailSender - MAIL_SENDER PROCESSING[57/182] RESULT[SUCCESS] SENDER[0] OWNER[88186386071307248] ITEM[100] CNT[25] DEL_DT[1388972829] MSG[크리스마스 이벤트 상품] MAIL_KEY[701754]
2013-12-30 10:48:05,035 [INFO ] com.nfl.kfb.maintenance.MailSender - MAIL_SENDER PROCESSING[58/182] RESULT[SUCCESS] SENDER[0] OWNER[88189575411070528] ITEM[100] CNT[25] DEL_DT[1388972829] MSG[크리스마스 이벤트 상품] MAIL_KEY[701755]
2013-12-30 10:48:05,682 [INFO ] com.nfl.kfb.maintenance.MailSender - MAIL_SENDER PROCESSING[59/182] RESULT[SUCCESS] SENDER[0] OWNER[88242250139495665] ITEM[100] CNT[25] DEL_DT[1388972829] MSG[크리스마스 이벤트 상품] MAIL_KEY[701756]
2013-12-30 10:48:06,329 [INFO ] com.nfl.kfb.maintenance.MailSender - MAIL_SENDER PROCESSING[60/182] RESULT[SUCCESS] SENDER[0] OWNER[88368262295181456] ITEM[100] CNT[25] DEL_DT[1388972829] MSG[크리스마스 이벤트 상품] MAIL_KEY[701757]
2013-12-30 10:48:06,550 [INFO ] com.nfl.kfb.maintenance.MailSender - MAIL_SENDER PROCESSING[60/182] COMMIT[SUCCESS]
2013-12-30 10:48:07,194 [INFO ] com.nfl.kfb.maintenance.MailSender - MAIL_SENDER PROCESSING[61/182] RESULT[SUCCESS] SENDER[0] OWNER[88578781946356544] ITEM[100] CNT[25] DEL_DT[1388972829] MSG[크리스마스 이벤트 상품] MAIL_KEY[701758]
2013-12-30 10:48:07,839 [INFO ] com.nfl.kfb.maintenance.MailSender - MAIL_SENDER PROCESSING[62/182] RESULT[SUCCESS] SENDER[0] OWNER[88236543436864544] ITEM[100] CNT[25] DEL_DT[1388972829] MSG[크리스마스 이벤트 상품] MAIL_KEY[701759]
2013-12-30 10:48:08,486 [INFO ] com.nfl.kfb.maintenance.MailSender - MAIL_SENDER PROCESSING[63/182] RESULT[SUCCESS] SENDER[0] OWNER[88487372820091312] ITEM[100] CNT[25] DEL_DT[1388972829] MSG[크리스마스 이벤트 상품] MAIL_KEY[701760]
2013-12-30 10:48:09,131 [INFO ] com.nfl.kfb.maintenance.MailSender - MAIL_SENDER PROCESSING[64/182] RESULT[SUCCESS] SENDER[0] OWNER[88210914165617777] ITEM[100] CNT[25] DEL_DT[1388972829] MSG[크리스마스 이벤트 상품] MAIL_KEY[701761]
2013-12-30 10:48:09,776 [INFO ] com.nfl.kfb.maintenance.MailSender - MAIL_SENDER PROCESSING[65/182] RESULT[SUCCESS] SENDER[0] OWNER[88238476081094513] ITEM[100] CNT[25] DEL_DT[1388972829] MSG[크리스마스 이벤트 상품] MAIL_KEY[701762]
2013-12-30 10:48:10,421 [INFO ] com.nfl.kfb.maintenance.MailSender - MAIL_SENDER PROCESSING[66/182] RESULT[SUCCESS] SENDER[0] OWNER[88170910744788481] ITEM[100] CNT[25] DEL_DT[1388972829] MSG[크리스마스 이벤트 상품] MAIL_KEY[701763]
2013-12-30 10:48:11,067 [INFO ] com.nfl.kfb.maintenance.MailSender - MAIL_SENDER PROCESSING[67/182] RESULT[SUCCESS] SENDER[0] OWNER[88400618771657857] ITEM[100] CNT[25] DEL_DT[1388972829] MSG[크리스마스 이벤트 상품] MAIL_KEY[701764]
2013-12-30 10:48:11,712 [INFO ] com.nfl.kfb.maintenance.MailSender - MAIL_SENDER PROCESSING[68/182] RESULT[SUCCESS] SENDER[0] OWNER[90408614546644160] ITEM[100] CNT[25] DEL_DT[1388972829] MSG[크리스마스 이벤트 상품] MAIL_KEY[701765]
2013-12-30 10:48:12,354 [INFO ] com.nfl.kfb.maintenance.MailSender - MAIL_SENDER PROCESSING[69/182] RESULT[SUCCESS] SENDER[0] OWNER[88397292115363776] ITEM[100] CNT[25] DEL_DT[1388972829] MSG[크리스마스 이벤트 상품] MAIL_KEY[701766]
2013-12-30 10:48:13,001 [INFO ] com.nfl.kfb.maintenance.MailSender - MAIL_SENDER PROCESSING[70/182] RESULT[SUCCESS] SENDER[0] OWNER[88225814678835153] ITEM[100] CNT[25] DEL_DT[1388972829] MSG[크리스마스 이벤트 상품] MAIL_KEY[701767]
2013-12-30 10:48:13,220 [INFO ] com.nfl.kfb.maintenance.MailSender - MAIL_SENDER PROCESSING[70/182] COMMIT[SUCCESS]
2013-12-30 10:48:13,864 [INFO ] com.nfl.kfb.maintenance.MailSender - MAIL_SENDER PROCESSING[71/182] RESULT[SUCCESS] SENDER[0] OWNER[88251953882424960] ITEM[100] CNT[25] DEL_DT[1388972829] MSG[크리스마스 이벤트 상품] MAIL_KEY[701768]
2013-12-30 10:48:14,508 [INFO ] com.nfl.kfb.maintenance.MailSender - MAIL_SENDER PROCESSING[72/182] RESULT[SUCCESS] SENDER[0] OWNER[88487225100579168] ITEM[100] CNT[25] DEL_DT[1388972829] MSG[크리스마스 이벤트 상품] MAIL_KEY[701769]
2013-12-30 10:48:15,153 [INFO ] com.nfl.kfb.maintenance.MailSender - MAIL_SENDER PROCESSING[73/182] RESULT[SUCCESS] SENDER[0] OWNER[88612380320225504] ITEM[100] CNT[25] DEL_DT[1388972829] MSG[크리스마스 이벤트 상품] MAIL_KEY[701770]
2013-12-30 10:48:15,797 [INFO ] com.nfl.kfb.maintenance.MailSender - MAIL_SENDER PROCESSING[74/182] RESULT[SUCCESS] SENDER[0] OWNER[90292971890434272] ITEM[100] CNT[25] DEL_DT[1388972829] MSG[크리스마스 이벤트 상품] MAIL_KEY[701771]
2013-12-30 10:48:16,441 [INFO ] com.nfl.kfb.maintenance.MailSender - MAIL_SENDER PROCESSING[75/182] RESULT[SUCCESS] SENDER[0] OWNER[89483167834515104] ITEM[100] CNT[25] DEL_DT[1388972829] MSG[크리스마스 이벤트 상품] MAIL_KEY[701772]
2013-12-30 10:48:17,086 [INFO ] com.nfl.kfb.maintenance.MailSender - MAIL_SENDER PROCESSING[76/182] RESULT[SUCCESS] SENDER[0] OWNER[90100329638543665] ITEM[100] CNT[25] DEL_DT[1388972829] MSG[크리스마스 이벤트 상품] MAIL_KEY[701773]
2013-12-30 10:48:17,731 [INFO ] com.nfl.kfb.maintenance.MailSender - MAIL_SENDER PROCESSING[77/182] RESULT[SUCCESS] SENDER[0] OWNER[88233092106982192] ITEM[100] CNT[25] DEL_DT[1388972829] MSG[크리스마스 이벤트 상품] MAIL_KEY[701774]
2013-12-30 10:48:18,376 [INFO ] com.nfl.kfb.maintenance.MailSender - MAIL_SENDER PROCESSING[78/182] RESULT[SUCCESS] SENDER[0] OWNER[88168578517633873] ITEM[100] CNT[25] DEL_DT[1388972829] MSG[크리스마스 이벤트 상품] MAIL_KEY[701775]
2013-12-30 10:48:19,021 [INFO ] com.nfl.kfb.maintenance.MailSender - MAIL_SENDER PROCESSING[79/182] RESULT[SUCCESS] SENDER[0] OWNER[90016020994462560] ITEM[100] CNT[25] DEL_DT[1388972829] MSG[크리스마스 이벤트 상품] MAIL_KEY[701776]
2013-12-30 10:48:19,666 [INFO ] com.nfl.kfb.maintenance.MailSender - MAIL_SENDER PROCESSING[80/182] RESULT[SUCCESS] SENDER[0] OWNER[88253988932967104] ITEM[100] CNT[25] DEL_DT[1388972829] MSG[크리스마스 이벤트 상품] MAIL_KEY[701777]
2013-12-30 10:48:19,886 [INFO ] com.nfl.kfb.maintenance.MailSender - MAIL_SENDER PROCESSING[80/182] COMMIT[SUCCESS]
2013-12-30 10:48:20,532 [INFO ] com.nfl.kfb.maintenance.MailSender - MAIL_SENDER PROCESSING[81/182] RESULT[SUCCESS] SENDER[0] OWNER[88118392270079921] ITEM[100] CNT[25] DEL_DT[1388972829] MSG[크리스마스 이벤트 상품] MAIL_KEY[701778]
2013-12-30 10:48:21,178 [INFO ] com.nfl.kfb.maintenance.MailSender - MAIL_SENDER PROCESSING[82/182] RESULT[SUCCESS] SENDER[0] OWNER[88390433343854817] ITEM[100] CNT[25] DEL_DT[1388972829] MSG[크리스마스 이벤트 상품] MAIL_KEY[701779]
2013-12-30 10:48:21,822 [INFO ] com.nfl.kfb.maintenance.MailSender - MAIL_SENDER PROCESSING[83/182] RESULT[SUCCESS] SENDER[0] OWNER[90061598714553888] ITEM[100] CNT[25] DEL_DT[1388972829] MSG[크리스마스 이벤트 상품] MAIL_KEY[701780]
2013-12-30 10:48:22,467 [INFO ] com.nfl.kfb.maintenance.MailSender - MAIL_SENDER PROCESSING[84/182] RESULT[SUCCESS] SENDER[0] OWNER[88300211944062833] ITEM[100] CNT[25] DEL_DT[1388972829] MSG[크리스마스 이벤트 상품] MAIL_KEY[701781]
2013-12-30 10:48:23,113 [INFO ] com.nfl.kfb.maintenance.MailSender - MAIL_SENDER PROCESSING[85/182] RESULT[SUCCESS] SENDER[0] OWNER[88101266493819537] ITEM[100] CNT[25] DEL_DT[1388972829] MSG[크리스마스 이벤트 상품] MAIL_KEY[701782]
2013-12-30 10:48:23,760 [INFO ] com.nfl.kfb.maintenance.MailSender - MAIL_SENDER PROCESSING[86/182] RESULT[SUCCESS] SENDER[0] OWNER[89858851236264369] ITEM[100] CNT[25] DEL_DT[1388972829] MSG[크리스마스 이벤트 상품] MAIL_KEY[701783]
2013-12-30 10:48:24,408 [INFO ] com.nfl.kfb.maintenance.MailSender - MAIL_SENDER PROCESSING[87/182] RESULT[SUCCESS] SENDER[0] OWNER[88177328013344417] ITEM[100] CNT[25] DEL_DT[1388972829] MSG[크리스마스 이벤트 상품] MAIL_KEY[701784]
2013-12-30 10:48:25,054 [INFO ] com.nfl.kfb.maintenance.MailSender - MAIL_SENDER PROCESSING[88/182] RESULT[SUCCESS] SENDER[0] OWNER[88437200193352528] ITEM[100] CNT[25] DEL_DT[1388972829] MSG[크리스마스 이벤트 상품] MAIL_KEY[701785]
2013-12-30 10:48:25,699 [INFO ] com.nfl.kfb.maintenance.MailSender - MAIL_SENDER PROCESSING[89/182] RESULT[SUCCESS] SENDER[0] OWNER[88253254098323297] ITEM[100] CNT[25] DEL_DT[1388972829] MSG[크리스마스 이벤트 상품] MAIL_KEY[701786]
2013-12-30 10:48:26,346 [INFO ] com.nfl.kfb.maintenance.MailSender - MAIL_SENDER PROCESSING[90/182] RESULT[SUCCESS] SENDER[0] OWNER[88190454134586001] ITEM[100] CNT[25] DEL_DT[1388972829] MSG[크리스마스 이벤트 상품] MAIL_KEY[701787]
2013-12-30 10:48:26,567 [INFO ] com.nfl.kfb.maintenance.MailSender - MAIL_SENDER PROCESSING[90/182] COMMIT[SUCCESS]
2013-12-30 10:48:27,213 [INFO ] com.nfl.kfb.maintenance.MailSender - MAIL_SENDER PROCESSING[91/182] RESULT[SUCCESS] SENDER[0] OWNER[88219107283321041] ITEM[100] CNT[25] DEL_DT[1388972829] MSG[크리스마스 이벤트 상품] MAIL_KEY[701788]
2013-12-30 10:48:27,858 [INFO ] com.nfl.kfb.maintenance.MailSender - MAIL_SENDER PROCESSING[92/182] RESULT[SUCCESS] SENDER[0] OWNER[88301116897981072] ITEM[100] CNT[25] DEL_DT[1388972829] MSG[크리스마스 이벤트 상품] MAIL_KEY[701789]
2013-12-30 10:48:28,504 [INFO ] com.nfl.kfb.maintenance.MailSender - MAIL_SENDER PROCESSING[93/182] RESULT[SUCCESS] SENDER[0] OWNER[88746269547839969] ITEM[100] CNT[25] DEL_DT[1388972829] MSG[크리스마스 이벤트 상품] MAIL_KEY[701790]
2013-12-30 10:48:29,148 [INFO ] com.nfl.kfb.maintenance.MailSender - MAIL_SENDER PROCESSING[94/182] RESULT[SUCCESS] SENDER[0] OWNER[88333337996506257] ITEM[100] CNT[25] DEL_DT[1388972829] MSG[크리스마스 이벤트 상품] MAIL_KEY[701791]
2013-12-30 10:48:29,793 [INFO ] com.nfl.kfb.maintenance.MailSender - MAIL_SENDER PROCESSING[95/182] RESULT[SUCCESS] SENDER[0] OWNER[88322603916897904] ITEM[100] CNT[25] DEL_DT[1388972829] MSG[크리스마스 이벤트 상품] MAIL_KEY[701792]
2013-12-30 10:48:30,439 [INFO ] com.nfl.kfb.maintenance.MailSender - MAIL_SENDER PROCESSING[96/182] RESULT[SUCCESS] SENDER[0] OWNER[89715573440719136] ITEM[100] CNT[25] DEL_DT[1388972829] MSG[크리스마스 이벤트 상품] MAIL_KEY[701793]
2013-12-30 10:48:31,084 [INFO ] com.nfl.kfb.maintenance.MailSender - MAIL_SENDER PROCESSING[97/182] RESULT[SUCCESS] SENDER[0] OWNER[88601819033009617] ITEM[100] CNT[25] DEL_DT[1388972829] MSG[크리스마스 이벤트 상품] MAIL_KEY[701794]
2013-12-30 10:48:31,730 [INFO ] com.nfl.kfb.maintenance.MailSender - MAIL_SENDER PROCESSING[98/182] RESULT[SUCCESS] SENDER[0] OWNER[88140008458763137] ITEM[100] CNT[25] DEL_DT[1388972829] MSG[크리스마스 이벤트 상품] MAIL_KEY[701795]
2013-12-30 10:48:32,382 [INFO ] com.nfl.kfb.maintenance.MailSender - MAIL_SENDER PROCESSING[99/182] RESULT[SUCCESS] SENDER[0] OWNER[88332801179582992] ITEM[100] CNT[25] DEL_DT[1388972829] MSG[크리스마스 이벤트 상품] MAIL_KEY[701796]
2013-12-30 10:48:33,026 [INFO ] com.nfl.kfb.maintenance.MailSender - MAIL_SENDER PROCESSING[100/182] RESULT[SUCCESS] SENDER[0] OWNER[88463804051002929] ITEM[100] CNT[25] DEL_DT[1388972829] MSG[크리스마스 이벤트 상품] MAIL_KEY[701797]
2013-12-30 10:48:33,247 [INFO ] com.nfl.kfb.maintenance.MailSender - MAIL_SENDER PROCESSING[100/182] COMMIT[SUCCESS]
2013-12-30 10:48:33,896 [INFO ] com.nfl.kfb.maintenance.MailSender - MAIL_SENDER PROCESSING[101/182] RESULT[SUCCESS] SENDER[0] OWNER[89055296304456977] ITEM[100] CNT[25] DEL_DT[1388972829] MSG[크리스마스 이벤트 상품] MAIL_KEY[701798]
2013-12-30 10:48:34,539 [INFO ] com.nfl.kfb.maintenance.MailSender - MAIL_SENDER PROCESSING[102/182] RESULT[SUCCESS] SENDER[0] OWNER[88184294175902736] ITEM[100] CNT[25] DEL_DT[1388972829] MSG[크리스마스 이벤트 상품] MAIL_KEY[701799]
2013-12-30 10:48:35,184 [INFO ] com.nfl.kfb.maintenance.MailSender - MAIL_SENDER PROCESSING[103/182] RESULT[SUCCESS] SENDER[0] OWNER[88479091476567456] ITEM[100] CNT[25] DEL_DT[1388972829] MSG[크리스마스 이벤트 상품] MAIL_KEY[701800]
2013-12-30 10:48:35,829 [INFO ] com.nfl.kfb.maintenance.MailSender - MAIL_SENDER PROCESSING[104/182] RESULT[SUCCESS] SENDER[0] OWNER[88107750502679297] ITEM[100] CNT[25] DEL_DT[1388972829] MSG[크리스마스 이벤트 상품] MAIL_KEY[701801]
2013-12-30 10:48:36,473 [INFO ] com.nfl.kfb.maintenance.MailSender - MAIL_SENDER PROCESSING[105/182] RESULT[SUCCESS] SENDER[0] OWNER[89918376123488465] ITEM[100] CNT[25] DEL_DT[1388972829] MSG[크리스마스 이벤트 상품] MAIL_KEY[701802]
2013-12-30 10:48:37,118 [INFO ] com.nfl.kfb.maintenance.MailSender - MAIL_SENDER PROCESSING[106/182] RESULT[SUCCESS] SENDER[0] OWNER[88287197048924864] ITEM[100] CNT[25] DEL_DT[1388972829] MSG[크리스마스 이벤트 상품] MAIL_KEY[701803]
2013-12-30 10:48:37,765 [INFO ] com.nfl.kfb.maintenance.MailSender - MAIL_SENDER PROCESSING[107/182] RESULT[SUCCESS] SENDER[0] OWNER[88731321732853936] ITEM[100] CNT[25] DEL_DT[1388972829] MSG[크리스마스 이벤트 상품] MAIL_KEY[701804]
2013-12-30 10:48:38,412 [INFO ] com.nfl.kfb.maintenance.MailSender - MAIL_SENDER PROCESSING[108/182] RESULT[SUCCESS] SENDER[0] OWNER[89881169760319185] ITEM[100] CNT[25] DEL_DT[1388972829] MSG[크리스마스 이벤트 상품] MAIL_KEY[701805]
2013-12-30 10:48:39,059 [INFO ] com.nfl.kfb.maintenance.MailSender - MAIL_SENDER PROCESSING[109/182] RESULT[SUCCESS] SENDER[0] OWNER[88244430613343808] ITEM[100] CNT[25] DEL_DT[1388972829] MSG[크리스마스 이벤트 상품] MAIL_KEY[701806]
2013-12-30 10:48:39,704 [INFO ] com.nfl.kfb.maintenance.MailSender - MAIL_SENDER PROCESSING[110/182] RESULT[SUCCESS] SENDER[0] OWNER[88386800438825537] ITEM[100] CNT[25] DEL_DT[1388972829] MSG[크리스마스 이벤트 상품] MAIL_KEY[701807]
2013-12-30 10:48:39,923 [INFO ] com.nfl.kfb.maintenance.MailSender - MAIL_SENDER PROCESSING[110/182] COMMIT[SUCCESS]
2013-12-30 10:48:40,569 [INFO ] com.nfl.kfb.maintenance.MailSender - MAIL_SENDER PROCESSING[111/182] RESULT[SUCCESS] SENDER[0] OWNER[88202864662979840] ITEM[100] CNT[25] DEL_DT[1388972829] MSG[크리스마스 이벤트 상품] MAIL_KEY[701808]
2013-12-30 10:48:41,214 [INFO ] com.nfl.kfb.maintenance.MailSender - MAIL_SENDER PROCESSING[112/182] RESULT[SUCCESS] SENDER[0] OWNER[88469283180237873] ITEM[100] CNT[25] DEL_DT[1388972829] MSG[크리스마스 이벤트 상품] MAIL_KEY[701809]
2013-12-30 10:48:41,860 [INFO ] com.nfl.kfb.maintenance.MailSender - MAIL_SENDER PROCESSING[113/182] RESULT[SUCCESS] SENDER[0] OWNER[88051710181811552] ITEM[100] CNT[25] DEL_DT[1388972829] MSG[크리스마스 이벤트 상품] MAIL_KEY[701810]
2013-12-30 10:48:42,505 [INFO ] com.nfl.kfb.maintenance.MailSender - MAIL_SENDER PROCESSING[114/182] RESULT[SUCCESS] SENDER[0] OWNER[88288611944953264] ITEM[100] CNT[25] DEL_DT[1388972829] MSG[크리스마스 이벤트 상품] MAIL_KEY[701811]
2013-12-30 10:48:43,151 [INFO ] com.nfl.kfb.maintenance.MailSender - MAIL_SENDER PROCESSING[115/182] RESULT[SUCCESS] SENDER[0] OWNER[88272876704588224] ITEM[100] CNT[25] DEL_DT[1388972829] MSG[크리스마스 이벤트 상품] MAIL_KEY[701812]
2013-12-30 10:48:43,794 [INFO ] com.nfl.kfb.maintenance.MailSender - MAIL_SENDER PROCESSING[116/182] RESULT[SUCCESS] SENDER[0] OWNER[88091273212386224] ITEM[100] CNT[25] DEL_DT[1388972829] MSG[크리스마스 이벤트 상품] MAIL_KEY[701813]
2013-12-30 10:48:44,438 [INFO ] com.nfl.kfb.maintenance.MailSender - MAIL_SENDER PROCESSING[117/182] RESULT[SUCCESS] SENDER[0] OWNER[88344283507527361] ITEM[100] CNT[25] DEL_DT[1388972829] MSG[크리스마스 이벤트 상품] MAIL_KEY[701814]
2013-12-30 10:48:45,084 [INFO ] com.nfl.kfb.maintenance.MailSender - MAIL_SENDER PROCESSING[118/182] RESULT[SUCCESS] SENDER[0] OWNER[90175695204898144] ITEM[100] CNT[25] DEL_DT[1388972829] MSG[크리스마스 이벤트 상품] MAIL_KEY[701815]
2013-12-30 10:48:45,731 [INFO ] com.nfl.kfb.maintenance.MailSender - MAIL_SENDER PROCESSING[119/182] RESULT[SUCCESS] SENDER[0] OWNER[88243521659821409] ITEM[100] CNT[25] DEL_DT[1388972829] MSG[크리스마스 이벤트 상품] MAIL_KEY[701816]
2013-12-30 10:48:46,376 [INFO ] com.nfl.kfb.maintenance.MailSender - MAIL_SENDER PROCESSING[120/182] RESULT[SUCCESS] SENDER[0] OWNER[88040764704225744] ITEM[100] CNT[25] DEL_DT[1388972829] MSG[크리스마스 이벤트 상품] MAIL_KEY[701817]
2013-12-30 10:48:46,596 [INFO ] com.nfl.kfb.maintenance.MailSender - MAIL_SENDER PROCESSING[120/182] COMMIT[SUCCESS]
2013-12-30 10:48:47,242 [INFO ] com.nfl.kfb.maintenance.MailSender - MAIL_SENDER PROCESSING[121/182] RESULT[SUCCESS] SENDER[0] OWNER[88553628288789888] ITEM[100] CNT[25] DEL_DT[1388972829] MSG[크리스마스 이벤트 상품] MAIL_KEY[701818]
2013-12-30 10:48:47,887 [INFO ] com.nfl.kfb.maintenance.MailSender - MAIL_SENDER PROCESSING[122/182] RESULT[SUCCESS] SENDER[0] OWNER[88358295617147217] ITEM[100] CNT[25] DEL_DT[1388972829] MSG[크리스마스 이벤트 상품] MAIL_KEY[701819]
2013-12-30 10:48:48,530 [INFO ] com.nfl.kfb.maintenance.MailSender - MAIL_SENDER PROCESSING[123/182] RESULT[SUCCESS] SENDER[0] OWNER[88730635617463552] ITEM[100] CNT[25] DEL_DT[1388972829] MSG[크리스마스 이벤트 상품] MAIL_KEY[701820]
2013-12-30 10:48:49,175 [INFO ] com.nfl.kfb.maintenance.MailSender - MAIL_SENDER PROCESSING[124/182] RESULT[SUCCESS] SENDER[0] OWNER[88226071529345424] ITEM[100] CNT[25] DEL_DT[1388972829] MSG[크리스마스 이벤트 상품] MAIL_KEY[701821]
2013-12-30 10:48:49,820 [INFO ] com.nfl.kfb.maintenance.MailSender - MAIL_SENDER PROCESSING[125/182] RESULT[SUCCESS] SENDER[0] OWNER[88901617828213841] ITEM[100] CNT[25] DEL_DT[1388972829] MSG[크리스마스 이벤트 상품] MAIL_KEY[701822]
2013-12-30 10:48:50,465 [INFO ] com.nfl.kfb.maintenance.MailSender - MAIL_SENDER PROCESSING[126/182] RESULT[SUCCESS] SENDER[0] OWNER[90162074828080848] ITEM[100] CNT[25] DEL_DT[1388972829] MSG[크리스마스 이벤트 상품] MAIL_KEY[701823]
2013-12-30 10:48:51,108 [INFO ] com.nfl.kfb.maintenance.MailSender - MAIL_SENDER PROCESSING[127/182] RESULT[SUCCESS] SENDER[0] OWNER[90560538144721472] ITEM[100] CNT[25] DEL_DT[1388972829] MSG[크리스마스 이벤트 상품] MAIL_KEY[701824]
2013-12-30 10:48:51,753 [INFO ] com.nfl.kfb.maintenance.MailSender - MAIL_SENDER PROCESSING[128/182] RESULT[SUCCESS] SENDER[0] OWNER[88063487420425360] ITEM[100] CNT[25] DEL_DT[1388972829] MSG[크리스마스 이벤트 상품] MAIL_KEY[701825]
2013-12-30 10:48:52,399 [INFO ] com.nfl.kfb.maintenance.MailSender - MAIL_SENDER PROCESSING[129/182] RESULT[SUCCESS] SENDER[0] OWNER[88089120954893088] ITEM[100] CNT[25] DEL_DT[1388972829] MSG[크리스마스 이벤트 상품] MAIL_KEY[701826]
2013-12-30 10:48:53,045 [INFO ] com.nfl.kfb.maintenance.MailSender - MAIL_SENDER PROCESSING[130/182] RESULT[SUCCESS] SENDER[0] OWNER[88333768557899921] ITEM[100] CNT[25] DEL_DT[1388972829] MSG[크리스마스 이벤트 상품] MAIL_KEY[701827]
2013-12-30 10:48:53,266 [INFO ] com.nfl.kfb.maintenance.MailSender - MAIL_SENDER PROCESSING[130/182] COMMIT[SUCCESS]
2013-12-30 10:48:53,909 [INFO ] com.nfl.kfb.maintenance.MailSender - MAIL_SENDER PROCESSING[131/182] RESULT[SUCCESS] SENDER[0] OWNER[88182557891083168] ITEM[100] CNT[25] DEL_DT[1388972829] MSG[크리스마스 이벤트 상품] MAIL_KEY[701828]
2013-12-30 10:48:54,555 [INFO ] com.nfl.kfb.maintenance.MailSender - MAIL_SENDER PROCESSING[132/182] RESULT[SUCCESS] SENDER[0] OWNER[88578217821385345] ITEM[100] CNT[25] DEL_DT[1388972829] MSG[크리스마스 이벤트 상품] MAIL_KEY[701829]
2013-12-30 10:48:55,202 [INFO ] com.nfl.kfb.maintenance.MailSender - MAIL_SENDER PROCESSING[133/182] RESULT[SUCCESS] SENDER[0] OWNER[88812507285493616] ITEM[100] CNT[25] DEL_DT[1388972829] MSG[크리스마스 이벤트 상품] MAIL_KEY[701830]
2013-12-30 10:48:55,849 [INFO ] com.nfl.kfb.maintenance.MailSender - MAIL_SENDER PROCESSING[134/182] RESULT[SUCCESS] SENDER[0] OWNER[88255409073025361] ITEM[100] CNT[25] DEL_DT[1388972829] MSG[크리스마스 이벤트 상품] MAIL_KEY[701831]
2013-12-30 10:48:56,493 [INFO ] com.nfl.kfb.maintenance.MailSender - MAIL_SENDER PROCESSING[135/182] RESULT[SUCCESS] SENDER[0] OWNER[88812350530283345] ITEM[100] CNT[25] DEL_DT[1388972829] MSG[크리스마스 이벤트 상품] MAIL_KEY[701832]
2013-12-30 10:48:57,144 [INFO ] com.nfl.kfb.maintenance.MailSender - MAIL_SENDER PROCESSING[136/182] RESULT[SUCCESS] SENDER[0] OWNER[88153732622547889] ITEM[100] CNT[25] DEL_DT[1388972829] MSG[크리스마스 이벤트 상품] MAIL_KEY[701833]
2013-12-30 10:48:57,791 [INFO ] com.nfl.kfb.maintenance.MailSender - MAIL_SENDER PROCESSING[137/182] RESULT[SUCCESS] SENDER[0] OWNER[88157807051493761] ITEM[100] CNT[25] DEL_DT[1388972829] MSG[크리스마스 이벤트 상품] MAIL_KEY[701834]
2013-12-30 10:48:58,436 [INFO ] com.nfl.kfb.maintenance.MailSender - MAIL_SENDER PROCESSING[138/182] RESULT[SUCCESS] SENDER[0] OWNER[88163309597888928] ITEM[100] CNT[25] DEL_DT[1388972829] MSG[크리스마스 이벤트 상품] MAIL_KEY[701835]
2013-12-30 10:48:59,081 [INFO ] com.nfl.kfb.maintenance.MailSender - MAIL_SENDER PROCESSING[139/182] RESULT[SUCCESS] SENDER[0] OWNER[89913428449844192] ITEM[100] CNT[25] DEL_DT[1388972829] MSG[크리스마스 이벤트 상품] MAIL_KEY[701836]
2013-12-30 10:48:59,725 [INFO ] com.nfl.kfb.maintenance.MailSender - MAIL_SENDER PROCESSING[140/182] RESULT[SUCCESS] SENDER[0] OWNER[88241281427448449] ITEM[100] CNT[25] DEL_DT[1388972829] MSG[크리스마스 이벤트 상품] MAIL_KEY[701837]
2013-12-30 10:48:59,945 [INFO ] com.nfl.kfb.maintenance.MailSender - MAIL_SENDER PROCESSING[140/182] COMMIT[SUCCESS]
2013-12-30 10:49:00,590 [INFO ] com.nfl.kfb.maintenance.MailSender - MAIL_SENDER PROCESSING[141/182] RESULT[SUCCESS] SENDER[0] OWNER[90676238810947232] ITEM[100] CNT[25] DEL_DT[1388972829] MSG[크리스마스 이벤트 상품] MAIL_KEY[701838]
2013-12-30 10:49:01,236 [INFO ] com.nfl.kfb.maintenance.MailSender - MAIL_SENDER PROCESSING[142/182] RESULT[SUCCESS] SENDER[0] OWNER[90102067401684784] ITEM[100] CNT[25] DEL_DT[1388972829] MSG[크리스마스 이벤트 상품] MAIL_KEY[701839]
2013-12-30 10:49:01,882 [INFO ] com.nfl.kfb.maintenance.MailSender - MAIL_SENDER PROCESSING[143/182] RESULT[SUCCESS] SENDER[0] OWNER[88232304087405841] ITEM[100] CNT[25] DEL_DT[1388972829] MSG[크리스마스 이벤트 상품] MAIL_KEY[701840]
2013-12-30 10:49:02,529 [INFO ] com.nfl.kfb.maintenance.MailSender - MAIL_SENDER PROCESSING[144/182] RESULT[SUCCESS] SENDER[0] OWNER[89490221603420145] ITEM[100] CNT[25] DEL_DT[1388972829] MSG[크리스마스 이벤트 상품] MAIL_KEY[701841]
2013-12-30 10:49:03,175 [INFO ] com.nfl.kfb.maintenance.MailSender - MAIL_SENDER PROCESSING[145/182] RESULT[SUCCESS] SENDER[0] OWNER[88038592405584993] ITEM[100] CNT[25] DEL_DT[1388972829] MSG[크리스마스 이벤트 상품] MAIL_KEY[701842]
2013-12-30 10:49:03,820 [INFO ] com.nfl.kfb.maintenance.MailSender - MAIL_SENDER PROCESSING[146/182] RESULT[SUCCESS] SENDER[0] OWNER[90259495099657009] ITEM[100] CNT[25] DEL_DT[1388972829] MSG[크리스마스 이벤트 상품] MAIL_KEY[701843]
2013-12-30 10:49:04,466 [INFO ] com.nfl.kfb.maintenance.MailSender - MAIL_SENDER PROCESSING[147/182] RESULT[SUCCESS] SENDER[0] OWNER[88067786985676865] ITEM[100] CNT[25] DEL_DT[1388972829] MSG[크리스마스 이벤트 상품] MAIL_KEY[701844]
2013-12-30 10:49:05,111 [INFO ] com.nfl.kfb.maintenance.MailSender - MAIL_SENDER PROCESSING[148/182] RESULT[SUCCESS] SENDER[0] OWNER[88901035268557872] ITEM[100] CNT[25] DEL_DT[1388972829] MSG[크리스마스 이벤트 상품] MAIL_KEY[701845]
2013-12-30 10:49:05,755 [INFO ] com.nfl.kfb.maintenance.MailSender - MAIL_SENDER PROCESSING[149/182] RESULT[SUCCESS] SENDER[0] OWNER[88209276596141489] ITEM[100] CNT[25] DEL_DT[1388972829] MSG[크리스마스 이벤트 상품] MAIL_KEY[701846]
2013-12-30 10:49:06,402 [INFO ] com.nfl.kfb.maintenance.MailSender - MAIL_SENDER PROCESSING[150/182] RESULT[SUCCESS] SENDER[0] OWNER[88485963231951825] ITEM[100] CNT[25] DEL_DT[1388972829] MSG[크리스마스 이벤트 상품] MAIL_KEY[701847]
2013-12-30 10:49:06,622 [INFO ] com.nfl.kfb.maintenance.MailSender - MAIL_SENDER PROCESSING[150/182] COMMIT[SUCCESS]
2013-12-30 10:49:07,267 [INFO ] com.nfl.kfb.maintenance.MailSender - MAIL_SENDER PROCESSING[151/182] RESULT[SUCCESS] SENDER[0] OWNER[88519562592188128] ITEM[100] CNT[25] DEL_DT[1388972829] MSG[크리스마스 이벤트 상품] MAIL_KEY[701848]
2013-12-30 10:49:07,911 [INFO ] com.nfl.kfb.maintenance.MailSender - MAIL_SENDER PROCESSING[152/182] RESULT[SUCCESS] SENDER[0] OWNER[88641635666729200] ITEM[100] CNT[25] DEL_DT[1388972829] MSG[크리스마스 이벤트 상품] MAIL_KEY[701849]
2013-12-30 10:49:08,557 [INFO ] com.nfl.kfb.maintenance.MailSender - MAIL_SENDER PROCESSING[153/182] RESULT[SUCCESS] SENDER[0] OWNER[88253761768467665] ITEM[100] CNT[25] DEL_DT[1388972829] MSG[크리스마스 이벤트 상품] MAIL_KEY[701850]
2013-12-30 10:49:09,202 [INFO ] com.nfl.kfb.maintenance.MailSender - MAIL_SENDER PROCESSING[154/182] RESULT[SUCCESS] SENDER[0] OWNER[88219691355935281] ITEM[100] CNT[25] DEL_DT[1388972829] MSG[크리스마스 이벤트 상품] MAIL_KEY[701851]
2013-12-30 10:49:09,845 [INFO ] com.nfl.kfb.maintenance.MailSender - MAIL_SENDER PROCESSING[155/182] RESULT[SUCCESS] SENDER[0] OWNER[88049906927678832] ITEM[100] CNT[25] DEL_DT[1388972829] MSG[크리스마스 이벤트 상품] MAIL_KEY[701852]
2013-12-30 10:49:10,491 [INFO ] com.nfl.kfb.maintenance.MailSender - MAIL_SENDER PROCESSING[156/182] RESULT[SUCCESS] SENDER[0] OWNER[88135750108871313] ITEM[100] CNT[25] DEL_DT[1388972829] MSG[크리스마스 이벤트 상품] MAIL_KEY[701853]
2013-12-30 10:49:11,135 [INFO ] com.nfl.kfb.maintenance.MailSender - MAIL_SENDER PROCESSING[157/182] RESULT[SUCCESS] SENDER[0] OWNER[88301160364921937] ITEM[100] CNT[25] DEL_DT[1388972829] MSG[크리스마스 이벤트 상품] MAIL_KEY[701854]
2013-12-30 10:49:11,781 [INFO ] com.nfl.kfb.maintenance.MailSender - MAIL_SENDER PROCESSING[158/182] RESULT[SUCCESS] SENDER[0] OWNER[88678462382460560] ITEM[100] CNT[25] DEL_DT[1388972829] MSG[크리스마스 이벤트 상품] MAIL_KEY[701855]
2013-12-30 10:49:12,425 [INFO ] com.nfl.kfb.maintenance.MailSender - MAIL_SENDER PROCESSING[159/182] RESULT[SUCCESS] SENDER[0] OWNER[88734796924243232] ITEM[100] CNT[25] DEL_DT[1388972829] MSG[크리스마스 이벤트 상품] MAIL_KEY[701856]
2013-12-30 10:49:13,070 [INFO ] com.nfl.kfb.maintenance.MailSender - MAIL_SENDER PROCESSING[160/182] RESULT[SUCCESS] SENDER[0] OWNER[88062665082851296] ITEM[100] CNT[25] DEL_DT[1388972829] MSG[크리스마스 이벤트 상품] MAIL_KEY[701857]
2013-12-30 10:49:13,290 [INFO ] com.nfl.kfb.maintenance.MailSender - MAIL_SENDER PROCESSING[160/182] COMMIT[SUCCESS]
2013-12-30 10:49:13,937 [INFO ] com.nfl.kfb.maintenance.MailSender - MAIL_SENDER PROCESSING[161/182] RESULT[SUCCESS] SENDER[0] OWNER[88270560177957968] ITEM[100] CNT[25] DEL_DT[1388972829] MSG[크리스마스 이벤트 상품] MAIL_KEY[701858]
2013-12-30 10:49:14,583 [INFO ] com.nfl.kfb.maintenance.MailSender - MAIL_SENDER PROCESSING[162/182] RESULT[SUCCESS] SENDER[0] OWNER[89495199495588465] ITEM[100] CNT[25] DEL_DT[1388972829] MSG[크리스마스 이벤트 상품] MAIL_KEY[701859]
2013-12-30 10:49:15,228 [INFO ] com.nfl.kfb.maintenance.MailSender - MAIL_SENDER PROCESSING[163/182] RESULT[SUCCESS] SENDER[0] OWNER[89241617529902032] ITEM[100] CNT[25] DEL_DT[1388972829] MSG[크리스마스 이벤트 상품] MAIL_KEY[701860]
2013-12-30 10:49:15,874 [INFO ] com.nfl.kfb.maintenance.MailSender - MAIL_SENDER PROCESSING[164/182] RESULT[SUCCESS] SENDER[0] OWNER[88352294669042864] ITEM[100] CNT[25] DEL_DT[1388972829] MSG[크리스마스 이벤트 상품] MAIL_KEY[701861]
2013-12-30 10:49:16,520 [INFO ] com.nfl.kfb.maintenance.MailSender - MAIL_SENDER PROCESSING[165/182] RESULT[SUCCESS] SENDER[0] OWNER[88583532920347904] ITEM[100] CNT[25] DEL_DT[1388972829] MSG[크리스마스 이벤트 상품] MAIL_KEY[701862]
2013-12-30 10:49:17,164 [INFO ] com.nfl.kfb.maintenance.MailSender - MAIL_SENDER PROCESSING[166/182] RESULT[SUCCESS] SENDER[0] OWNER[88289586977178704] ITEM[100] CNT[25] DEL_DT[1388972829] MSG[크리스마스 이벤트 상품] MAIL_KEY[701863]
2013-12-30 10:49:17,808 [INFO ] com.nfl.kfb.maintenance.MailSender - MAIL_SENDER PROCESSING[167/182] RESULT[SUCCESS] SENDER[0] OWNER[88955158263858592] ITEM[100] CNT[25] DEL_DT[1388972829] MSG[크리스마스 이벤트 상품] MAIL_KEY[701864]
2013-12-30 10:49:18,454 [INFO ] com.nfl.kfb.maintenance.MailSender - MAIL_SENDER PROCESSING[168/182] RESULT[SUCCESS] SENDER[0] OWNER[88349701599008801] ITEM[100] CNT[25] DEL_DT[1388972829] MSG[크리스마스 이벤트 상품] MAIL_KEY[701865]
2013-12-30 10:49:19,099 [INFO ] com.nfl.kfb.maintenance.MailSender - MAIL_SENDER PROCESSING[169/182] RESULT[SUCCESS] SENDER[0] OWNER[88148096110587297] ITEM[100] CNT[25] DEL_DT[1388972829] MSG[크리스마스 이벤트 상품] MAIL_KEY[701866]
2013-12-30 10:49:19,743 [INFO ] com.nfl.kfb.maintenance.MailSender - MAIL_SENDER PROCESSING[170/182] RESULT[SUCCESS] SENDER[0] OWNER[88204199882407616] ITEM[100] CNT[25] DEL_DT[1388972829] MSG[크리스마스 이벤트 상품] MAIL_KEY[701867]
2013-12-30 10:49:19,963 [INFO ] com.nfl.kfb.maintenance.MailSender - MAIL_SENDER PROCESSING[170/182] COMMIT[SUCCESS]
2013-12-30 10:49:20,608 [INFO ] com.nfl.kfb.maintenance.MailSender - MAIL_SENDER PROCESSING[171/182] RESULT[SUCCESS] SENDER[0] OWNER[88211067631937201] ITEM[100] CNT[25] DEL_DT[1388972829] MSG[크리스마스 이벤트 상품] MAIL_KEY[701868]
2013-12-30 10:49:21,252 [INFO ] com.nfl.kfb.maintenance.MailSender - MAIL_SENDER PROCESSING[172/182] RESULT[SUCCESS] SENDER[0] OWNER[88193347464642145] ITEM[100] CNT[25] DEL_DT[1388972829] MSG[크리스마스 이벤트 상품] MAIL_KEY[701869]
2013-12-30 10:49:21,899 [INFO ] com.nfl.kfb.maintenance.MailSender - MAIL_SENDER PROCESSING[173/182] RESULT[SUCCESS] SENDER[0] OWNER[88812505629975745] ITEM[100] CNT[25] DEL_DT[1388972829] MSG[크리스마스 이벤트 상품] MAIL_KEY[701870]
2013-12-30 10:49:22,544 [INFO ] com.nfl.kfb.maintenance.MailSender - MAIL_SENDER PROCESSING[174/182] RESULT[SUCCESS] SENDER[0] OWNER[90528572471220257] ITEM[100] CNT[25] DEL_DT[1388972829] MSG[크리스마스 이벤트 상품] MAIL_KEY[701871]
2013-12-30 10:49:23,187 [INFO ] com.nfl.kfb.maintenance.MailSender - MAIL_SENDER PROCESSING[175/182] RESULT[SUCCESS] SENDER[0] OWNER[88300500314305104] ITEM[100] CNT[25] DEL_DT[1388972829] MSG[크리스마스 이벤트 상품] MAIL_KEY[701872]
2013-12-30 10:49:23,834 [INFO ] com.nfl.kfb.maintenance.MailSender - MAIL_SENDER PROCESSING[176/182] RESULT[SUCCESS] SENDER[0] OWNER[88611133493837872] ITEM[100] CNT[25] DEL_DT[1388972829] MSG[크리스마스 이벤트 상품] MAIL_KEY[701873]
2013-12-30 10:49:24,479 [INFO ] com.nfl.kfb.maintenance.MailSender - MAIL_SENDER PROCESSING[177/182] RESULT[SUCCESS] SENDER[0] OWNER[88362131280257617] ITEM[100] CNT[25] DEL_DT[1388972829] MSG[크리스마스 이벤트 상품] MAIL_KEY[701874]
2013-12-30 10:49:25,125 [INFO ] com.nfl.kfb.maintenance.MailSender - MAIL_SENDER PROCESSING[178/182] RESULT[SUCCESS] SENDER[0] OWNER[90486860066359185] ITEM[100] CNT[25] DEL_DT[1388972829] MSG[크리스마스 이벤트 상품] MAIL_KEY[701875]
2013-12-30 10:49:25,770 [INFO ] com.nfl.kfb.maintenance.MailSender - MAIL_SENDER PROCESSING[179/182] RESULT[SUCCESS] SENDER[0] OWNER[88662041752127200] ITEM[100] CNT[25] DEL_DT[1388972829] MSG[크리스마스 이벤트 상품] MAIL_KEY[701876]
2013-12-30 10:49:26,414 [INFO ] com.nfl.kfb.maintenance.MailSender - MAIL_SENDER PROCESSING[180/182] RESULT[SUCCESS] SENDER[0] OWNER[88812292914838432] ITEM[100] CNT[25] DEL_DT[1388972829] MSG[크리스마스 이벤트 상품] MAIL_KEY[701877]
2013-12-30 10:49:26,637 [INFO ] com.nfl.kfb.maintenance.MailSender - MAIL_SENDER PROCESSING[180/182] COMMIT[SUCCESS]
2013-12-30 10:49:27,282 [INFO ] com.nfl.kfb.maintenance.MailSender - MAIL_SENDER PROCESSING[181/182] RESULT[SUCCESS] SENDER[0] OWNER[88151981091254496] ITEM[100] CNT[25] DEL_DT[1388972829] MSG[크리스마스 이벤트 상품] MAIL_KEY[701878]
2013-12-30 10:49:27,929 [INFO ] com.nfl.kfb.maintenance.MailSender - MAIL_SENDER PROCESSING[182/182] RESULT[SUCCESS] SENDER[0] OWNER[88187716173643697] ITEM[100] CNT[25] DEL_DT[1388972829] MSG[크리스마스 이벤트 상품] MAIL_KEY[701879]
2013-12-30 10:49:28,150 [INFO ] com.nfl.kfb.maintenance.MailSender - MAIL_SENDER PROCESSING[182/182] COMMIT[SUCCESS]
2013-12-30 10:49:28,365 [INFO ] com.nfl.kfb.maintenance.MailSender - MAIL_SENDER SUCCESS[192]
