2013-11-28 11:19:11,651 [INFO ] com.nfl.kfb.maintenance.MailSender - MAIL_SENDER FILE[./doc/MailSender/2013-11-28 열삼2상고 크로스프로모.xlsx] ROWS[332]
2013-11-28 11:19:11,743 [INFO ] com.nfl.kfb.maintenance.MailSender - MAIL_SENDER SENDER[0] ITEM[100] CNT[10] MSG[크로스 이벤트 상품] KEEPDAYS[7] OWNERS[333]
2013-11-28 11:19:11,743 [INFO ] com.nfl.kfb.maintenance.MailSender - Waiting 5 seconds to start job
2013-11-28 11:19:16,743 [INFO ] com.nfl.kfb.maintenance.MailSender - MAIL_SENDER SENDER[0] OWNERS[333] ITEM[100] CNT[10] MSG[크로스 이벤트 상품] NOW[Thu Nov 28 11:19:10 KST 2013] KEEPDAYS[7]
2013-11-28 11:19:21,385 [INFO ] com.nfl.kfb.maintenance.MailSender - MAIL_SENDER PROCESSING[1/333] RESULT[SUCCESS] SENDER[0] OWNER[88375243035427920] ITEM[100] CNT[10] DEL_DT[1386209950] MSG[크로스 이벤트 상품] MAIL_KEY[675945]
2013-11-28 11:19:22,070 [INFO ] com.nfl.kfb.maintenance.MailSender - MAIL_SENDER PROCESSING[2/333] RESULT[SUCCESS] SENDER[0] OWNER[88238749597810289] ITEM[100] CNT[10] DEL_DT[1386209950] MSG[크로스 이벤트 상품] MAIL_KEY[675946]
2013-11-28 11:19:22,737 [INFO ] com.nfl.kfb.maintenance.MailSender - MAIL_SENDER PROCESSING[3/333] RESULT[SUCCESS] SENDER[0] OWNER[88839704381589473] ITEM[100] CNT[10] DEL_DT[1386209950] MSG[크로스 이벤트 상품] MAIL_KEY[675947]
2013-11-28 11:19:23,420 [INFO ] com.nfl.kfb.maintenance.MailSender - MAIL_SENDER PROCESSING[4/333] RESULT[SUCCESS] SENDER[0] OWNER[88084402930442049] ITEM[100] CNT[10] DEL_DT[1386209950] MSG[크로스 이벤트 상품] MAIL_KEY[675948]
2013-11-28 11:19:24,099 [INFO ] com.nfl.kfb.maintenance.MailSender - MAIL_SENDER PROCESSING[5/333] RESULT[SUCCESS] SENDER[0] OWNER[88245686416505936] ITEM[100] CNT[10] DEL_DT[1386209950] MSG[크로스 이벤트 상품] MAIL_KEY[675949]
2013-11-28 11:19:24,794 [INFO ] com.nfl.kfb.maintenance.MailSender - MAIL_SENDER PROCESSING[6/333] RESULT[SUCCESS] SENDER[0] OWNER[88605463160272993] ITEM[100] CNT[10] DEL_DT[1386209950] MSG[크로스 이벤트 상품] MAIL_KEY[675950]
2013-11-28 11:19:25,461 [INFO ] com.nfl.kfb.maintenance.MailSender - MAIL_SENDER PROCESSING[7/333] RESULT[SUCCESS] SENDER[0] OWNER[88520771771591504] ITEM[100] CNT[10] DEL_DT[1386209950] MSG[크로스 이벤트 상품] MAIL_KEY[675951]
2013-11-28 11:19:26,165 [INFO ] com.nfl.kfb.maintenance.MailSender - MAIL_SENDER PROCESSING[8/333] RESULT[SUCCESS] SENDER[0] OWNER[89319402281086448] ITEM[100] CNT[10] DEL_DT[1386209950] MSG[크로스 이벤트 상품] MAIL_KEY[675952]
2013-11-28 11:19:26,857 [INFO ] com.nfl.kfb.maintenance.MailSender - MAIL_SENDER PROCESSING[9/333] RESULT[SUCCESS] SENDER[0] OWNER[88545621865982240] ITEM[100] CNT[10] DEL_DT[1386209950] MSG[크로스 이벤트 상품] MAIL_KEY[675953]
2013-11-28 11:19:27,523 [INFO ] com.nfl.kfb.maintenance.MailSender - MAIL_SENDER PROCESSING[10/333] RESULT[SUCCESS] SENDER[0] OWNER[88812520926960513] ITEM[100] CNT[10] DEL_DT[1386209950] MSG[크로스 이벤트 상품] MAIL_KEY[675954]
2013-11-28 11:19:27,750 [INFO ] com.nfl.kfb.maintenance.MailSender - MAIL_SENDER PROCESSING[10/333] COMMIT[SUCCESS]
2013-11-28 11:19:28,425 [INFO ] com.nfl.kfb.maintenance.MailSender - MAIL_SENDER PROCESSING[11/333] RESULT[SUCCESS] SENDER[0] OWNER[88221917764586880] ITEM[100] CNT[10] DEL_DT[1386209950] MSG[크로스 이벤트 상품] MAIL_KEY[675955]
2013-11-28 11:19:29,119 [INFO ] com.nfl.kfb.maintenance.MailSender - MAIL_SENDER PROCESSING[12/333] RESULT[SUCCESS] SENDER[0] OWNER[88173690579302705] ITEM[100] CNT[10] DEL_DT[1386209950] MSG[크로스 이벤트 상품] MAIL_KEY[675956]
2013-11-28 11:19:29,789 [INFO ] com.nfl.kfb.maintenance.MailSender - MAIL_SENDER PROCESSING[13/333] RESULT[SUCCESS] SENDER[0] OWNER[88340411141168032] ITEM[100] CNT[10] DEL_DT[1386209950] MSG[크로스 이벤트 상품] MAIL_KEY[675957]
2013-11-28 11:19:30,466 [INFO ] com.nfl.kfb.maintenance.MailSender - MAIL_SENDER PROCESSING[14/333] RESULT[SUCCESS] SENDER[0] OWNER[88287446182566592] ITEM[100] CNT[10] DEL_DT[1386209950] MSG[크로스 이벤트 상품] MAIL_KEY[675958]
2013-11-28 11:19:31,133 [INFO ] com.nfl.kfb.maintenance.MailSender - MAIL_SENDER PROCESSING[15/333] RESULT[SUCCESS] SENDER[0] OWNER[90401971012830608] ITEM[100] CNT[10] DEL_DT[1386209950] MSG[크로스 이벤트 상품] MAIL_KEY[675959]
2013-11-28 11:19:31,817 [INFO ] com.nfl.kfb.maintenance.MailSender - MAIL_SENDER PROCESSING[16/333] RESULT[SUCCESS] SENDER[0] OWNER[88779962529147329] ITEM[100] CNT[10] DEL_DT[1386209950] MSG[크로스 이벤트 상품] MAIL_KEY[675960]
2013-11-28 11:19:32,490 [INFO ] com.nfl.kfb.maintenance.MailSender - MAIL_SENDER PROCESSING[17/333] RESULT[SUCCESS] SENDER[0] OWNER[88078854575862513] ITEM[100] CNT[10] DEL_DT[1386209950] MSG[크로스 이벤트 상품] MAIL_KEY[675961]
2013-11-28 11:19:33,156 [INFO ] com.nfl.kfb.maintenance.MailSender - MAIL_SENDER PROCESSING[18/333] RESULT[SUCCESS] SENDER[0] OWNER[90769144399942176] ITEM[100] CNT[10] DEL_DT[1386209950] MSG[크로스 이벤트 상품] MAIL_KEY[675962]
2013-11-28 11:19:33,825 [INFO ] com.nfl.kfb.maintenance.MailSender - MAIL_SENDER PROCESSING[19/333] RESULT[SUCCESS] SENDER[0] OWNER[88181475931462768] ITEM[100] CNT[10] DEL_DT[1386209950] MSG[크로스 이벤트 상품] MAIL_KEY[675963]
2013-11-28 11:19:34,505 [INFO ] com.nfl.kfb.maintenance.MailSender - MAIL_SENDER PROCESSING[20/333] RESULT[SUCCESS] SENDER[0] OWNER[88181460960245664] ITEM[100] CNT[10] DEL_DT[1386209950] MSG[크로스 이벤트 상품] MAIL_KEY[675964]
2013-11-28 11:19:34,734 [INFO ] com.nfl.kfb.maintenance.MailSender - MAIL_SENDER PROCESSING[20/333] COMMIT[SUCCESS]
2013-11-28 11:19:35,419 [INFO ] com.nfl.kfb.maintenance.MailSender - MAIL_SENDER PROCESSING[21/333] RESULT[SUCCESS] SENDER[0] OWNER[88304683404474480] ITEM[100] CNT[10] DEL_DT[1386209950] MSG[크로스 이벤트 상품] MAIL_KEY[675965]
2013-11-28 11:19:36,083 [INFO ] com.nfl.kfb.maintenance.MailSender - MAIL_SENDER PROCESSING[22/333] RESULT[SUCCESS] SENDER[0] OWNER[88812475072153008] ITEM[100] CNT[10] DEL_DT[1386209950] MSG[크로스 이벤트 상품] MAIL_KEY[675966]
2013-11-28 11:19:36,757 [INFO ] com.nfl.kfb.maintenance.MailSender - MAIL_SENDER PROCESSING[23/333] RESULT[SUCCESS] SENDER[0] OWNER[88408233053040257] ITEM[100] CNT[10] DEL_DT[1386209950] MSG[크로스 이벤트 상품] MAIL_KEY[675967]
2013-11-28 11:19:37,428 [INFO ] com.nfl.kfb.maintenance.MailSender - MAIL_SENDER PROCESSING[24/333] RESULT[SUCCESS] SENDER[0] OWNER[88284059852918689] ITEM[100] CNT[10] DEL_DT[1386209950] MSG[크로스 이벤트 상품] MAIL_KEY[675968]
2013-11-28 11:19:38,094 [INFO ] com.nfl.kfb.maintenance.MailSender - MAIL_SENDER PROCESSING[25/333] RESULT[SUCCESS] SENDER[0] OWNER[88345707129702737] ITEM[100] CNT[10] DEL_DT[1386209950] MSG[크로스 이벤트 상품] MAIL_KEY[675969]
2013-11-28 11:19:38,759 [INFO ] com.nfl.kfb.maintenance.MailSender - MAIL_SENDER PROCESSING[26/333] RESULT[SUCCESS] SENDER[0] OWNER[88184984009767904] ITEM[100] CNT[10] DEL_DT[1386209950] MSG[크로스 이벤트 상품] MAIL_KEY[675970]
2013-11-28 11:19:39,426 [INFO ] com.nfl.kfb.maintenance.MailSender - MAIL_SENDER PROCESSING[27/333] RESULT[SUCCESS] SENDER[0] OWNER[88482451611405696] ITEM[100] CNT[10] DEL_DT[1386209950] MSG[크로스 이벤트 상품] MAIL_KEY[675971]
2013-11-28 11:19:40,091 [INFO ] com.nfl.kfb.maintenance.MailSender - MAIL_SENDER PROCESSING[28/333] RESULT[SUCCESS] SENDER[0] OWNER[89760115129871584] ITEM[100] CNT[10] DEL_DT[1386209950] MSG[크로스 이벤트 상품] MAIL_KEY[675972]
2013-11-28 11:19:40,761 [INFO ] com.nfl.kfb.maintenance.MailSender - MAIL_SENDER PROCESSING[29/333] RESULT[SUCCESS] SENDER[0] OWNER[88532072505136465] ITEM[100] CNT[10] DEL_DT[1386209950] MSG[크로스 이벤트 상품] MAIL_KEY[675973]
2013-11-28 11:19:41,426 [INFO ] com.nfl.kfb.maintenance.MailSender - MAIL_SENDER PROCESSING[30/333] RESULT[SUCCESS] SENDER[0] OWNER[88402663981933809] ITEM[100] CNT[10] DEL_DT[1386209950] MSG[크로스 이벤트 상품] MAIL_KEY[675974]
2013-11-28 11:19:41,654 [INFO ] com.nfl.kfb.maintenance.MailSender - MAIL_SENDER PROCESSING[30/333] COMMIT[SUCCESS]
2013-11-28 11:19:42,320 [INFO ] com.nfl.kfb.maintenance.MailSender - MAIL_SENDER PROCESSING[31/333] RESULT[SUCCESS] SENDER[0] OWNER[90769951197436433] ITEM[100] CNT[10] DEL_DT[1386209950] MSG[크로스 이벤트 상품] MAIL_KEY[675975]
2013-11-28 11:19:42,986 [INFO ] com.nfl.kfb.maintenance.MailSender - MAIL_SENDER PROCESSING[32/333] RESULT[SUCCESS] SENDER[0] OWNER[88282136961996817] ITEM[100] CNT[10] DEL_DT[1386209950] MSG[크로스 이벤트 상품] MAIL_KEY[675976]
2013-11-28 11:19:43,651 [INFO ] com.nfl.kfb.maintenance.MailSender - MAIL_SENDER PROCESSING[33/333] RESULT[SUCCESS] SENDER[0] OWNER[88204357302418417] ITEM[100] CNT[10] DEL_DT[1386209950] MSG[크로스 이벤트 상품] MAIL_KEY[675977]
2013-11-28 11:19:44,324 [INFO ] com.nfl.kfb.maintenance.MailSender - MAIL_SENDER PROCESSING[34/333] RESULT[SUCCESS] SENDER[0] OWNER[88341222205705121] ITEM[100] CNT[10] DEL_DT[1386209950] MSG[크로스 이벤트 상품] MAIL_KEY[675978]
2013-11-28 11:19:44,990 [INFO ] com.nfl.kfb.maintenance.MailSender - MAIL_SENDER PROCESSING[35/333] RESULT[SUCCESS] SENDER[0] OWNER[88324950397286257] ITEM[100] CNT[10] DEL_DT[1386209950] MSG[크로스 이벤트 상품] MAIL_KEY[675979]
2013-11-28 11:19:45,655 [INFO ] com.nfl.kfb.maintenance.MailSender - MAIL_SENDER PROCESSING[36/333] RESULT[SUCCESS] SENDER[0] OWNER[88208005598300144] ITEM[100] CNT[10] DEL_DT[1386209950] MSG[크로스 이벤트 상품] MAIL_KEY[675980]
2013-11-28 11:19:46,327 [INFO ] com.nfl.kfb.maintenance.MailSender - MAIL_SENDER PROCESSING[37/333] RESULT[SUCCESS] SENDER[0] OWNER[88451611160896080] ITEM[100] CNT[10] DEL_DT[1386209950] MSG[크로스 이벤트 상품] MAIL_KEY[675981]
2013-11-28 11:19:46,991 [INFO ] com.nfl.kfb.maintenance.MailSender - MAIL_SENDER PROCESSING[38/333] RESULT[SUCCESS] SENDER[0] OWNER[88792291654745233] ITEM[100] CNT[10] DEL_DT[1386209950] MSG[크로스 이벤트 상품] MAIL_KEY[675982]
2013-11-28 11:19:47,662 [INFO ] com.nfl.kfb.maintenance.MailSender - MAIL_SENDER PROCESSING[39/333] RESULT[SUCCESS] SENDER[0] OWNER[88074877493711456] ITEM[100] CNT[10] DEL_DT[1386209950] MSG[크로스 이벤트 상품] MAIL_KEY[675983]
2013-11-28 11:19:48,331 [INFO ] com.nfl.kfb.maintenance.MailSender - MAIL_SENDER PROCESSING[40/333] RESULT[SUCCESS] SENDER[0] OWNER[88249342955164993] ITEM[100] CNT[10] DEL_DT[1386209950] MSG[크로스 이벤트 상품] MAIL_KEY[675984]
2013-11-28 11:19:48,559 [INFO ] com.nfl.kfb.maintenance.MailSender - MAIL_SENDER PROCESSING[40/333] COMMIT[SUCCESS]
2013-11-28 11:19:49,224 [INFO ] com.nfl.kfb.maintenance.MailSender - MAIL_SENDER PROCESSING[41/333] RESULT[SUCCESS] SENDER[0] OWNER[88306071419098464] ITEM[100] CNT[10] DEL_DT[1386209950] MSG[크로스 이벤트 상품] MAIL_KEY[675985]
2013-11-28 11:19:49,891 [INFO ] com.nfl.kfb.maintenance.MailSender - MAIL_SENDER PROCESSING[42/333] RESULT[SUCCESS] SENDER[0] OWNER[90460940291477889] ITEM[100] CNT[10] DEL_DT[1386209950] MSG[크로스 이벤트 상품] MAIL_KEY[675986]
2013-11-28 11:19:50,553 [INFO ] com.nfl.kfb.maintenance.MailSender - MAIL_SENDER PROCESSING[43/333] RESULT[SUCCESS] SENDER[0] OWNER[88173705110048656] ITEM[100] CNT[10] DEL_DT[1386209950] MSG[크로스 이벤트 상품] MAIL_KEY[675987]
2013-11-28 11:19:51,217 [INFO ] com.nfl.kfb.maintenance.MailSender - MAIL_SENDER PROCESSING[44/333] RESULT[SUCCESS] SENDER[0] OWNER[88199556862933441] ITEM[100] CNT[10] DEL_DT[1386209950] MSG[크로스 이벤트 상품] MAIL_KEY[675988]
2013-11-28 11:19:51,882 [INFO ] com.nfl.kfb.maintenance.MailSender - MAIL_SENDER PROCESSING[45/333] RESULT[SUCCESS] SENDER[0] OWNER[88662041752127200] ITEM[100] CNT[10] DEL_DT[1386209950] MSG[크로스 이벤트 상품] MAIL_KEY[675989]
2013-11-28 11:19:52,546 [INFO ] com.nfl.kfb.maintenance.MailSender - MAIL_SENDER PROCESSING[46/333] RESULT[SUCCESS] SENDER[0] OWNER[88154003035178656] ITEM[100] CNT[10] DEL_DT[1386209950] MSG[크로스 이벤트 상품] MAIL_KEY[675990]
2013-11-28 11:19:53,215 [INFO ] com.nfl.kfb.maintenance.MailSender - MAIL_SENDER PROCESSING[47/333] RESULT[SUCCESS] SENDER[0] OWNER[88414311769542929] ITEM[100] CNT[10] DEL_DT[1386209950] MSG[크로스 이벤트 상품] MAIL_KEY[675991]
2013-11-28 11:19:53,880 [INFO ] com.nfl.kfb.maintenance.MailSender - MAIL_SENDER PROCESSING[48/333] RESULT[SUCCESS] SENDER[0] OWNER[88514994442572352] ITEM[100] CNT[10] DEL_DT[1386209950] MSG[크로스 이벤트 상품] MAIL_KEY[675992]
2013-11-28 11:19:54,546 [INFO ] com.nfl.kfb.maintenance.MailSender - MAIL_SENDER PROCESSING[49/333] RESULT[SUCCESS] SENDER[0] OWNER[88419220407467520] ITEM[100] CNT[10] DEL_DT[1386209950] MSG[크로스 이벤트 상품] MAIL_KEY[675993]
2013-11-28 11:19:55,212 [INFO ] com.nfl.kfb.maintenance.MailSender - MAIL_SENDER PROCESSING[50/333] RESULT[SUCCESS] SENDER[0] OWNER[88734410293431633] ITEM[100] CNT[10] DEL_DT[1386209950] MSG[크로스 이벤트 상품] MAIL_KEY[675994]
2013-11-28 11:19:55,440 [INFO ] com.nfl.kfb.maintenance.MailSender - MAIL_SENDER PROCESSING[50/333] COMMIT[SUCCESS]
2013-11-28 11:19:56,104 [INFO ] com.nfl.kfb.maintenance.MailSender - MAIL_SENDER PROCESSING[51/333] RESULT[SUCCESS] SENDER[0] OWNER[88196754041607760] ITEM[100] CNT[10] DEL_DT[1386209950] MSG[크로스 이벤트 상품] MAIL_KEY[675995]
2013-11-28 11:19:56,770 [INFO ] com.nfl.kfb.maintenance.MailSender - MAIL_SENDER PROCESSING[52/333] RESULT[SUCCESS] SENDER[0] OWNER[88165760769826768] ITEM[100] CNT[10] DEL_DT[1386209950] MSG[크로스 이벤트 상품] MAIL_KEY[675996]
2013-11-28 11:19:57,437 [INFO ] com.nfl.kfb.maintenance.MailSender - MAIL_SENDER PROCESSING[53/333] RESULT[SUCCESS] SENDER[0] OWNER[88192406810165217] ITEM[100] CNT[10] DEL_DT[1386209950] MSG[크로스 이벤트 상품] MAIL_KEY[675997]
2013-11-28 11:19:58,103 [INFO ] com.nfl.kfb.maintenance.MailSender - MAIL_SENDER PROCESSING[54/333] RESULT[SUCCESS] SENDER[0] OWNER[88555756979410368] ITEM[100] CNT[10] DEL_DT[1386209950] MSG[크로스 이벤트 상품] MAIL_KEY[675998]
2013-11-28 11:19:58,769 [INFO ] com.nfl.kfb.maintenance.MailSender - MAIL_SENDER PROCESSING[55/333] RESULT[SUCCESS] SENDER[0] OWNER[88413095892441681] ITEM[100] CNT[10] DEL_DT[1386209950] MSG[크로스 이벤트 상품] MAIL_KEY[675999]
2013-11-28 11:19:59,431 [INFO ] com.nfl.kfb.maintenance.MailSender - MAIL_SENDER PROCESSING[56/333] RESULT[SUCCESS] SENDER[0] OWNER[89021773800229456] ITEM[100] CNT[10] DEL_DT[1386209950] MSG[크로스 이벤트 상품] MAIL_KEY[676000]
2013-11-28 11:20:00,095 [INFO ] com.nfl.kfb.maintenance.MailSender - MAIL_SENDER PROCESSING[57/333] RESULT[SUCCESS] SENDER[0] OWNER[88265681756259089] ITEM[100] CNT[10] DEL_DT[1386209950] MSG[크로스 이벤트 상품] MAIL_KEY[676001]
2013-11-28 11:20:00,760 [INFO ] com.nfl.kfb.maintenance.MailSender - MAIL_SENDER PROCESSING[58/333] RESULT[SUCCESS] SENDER[0] OWNER[88435300425212784] ITEM[100] CNT[10] DEL_DT[1386209950] MSG[크로스 이벤트 상품] MAIL_KEY[676002]
2013-11-28 11:20:01,426 [INFO ] com.nfl.kfb.maintenance.MailSender - MAIL_SENDER PROCESSING[59/333] RESULT[SUCCESS] SENDER[0] OWNER[88233538481829760] ITEM[100] CNT[10] DEL_DT[1386209950] MSG[크로스 이벤트 상품] MAIL_KEY[676003]
2013-11-28 11:20:02,092 [INFO ] com.nfl.kfb.maintenance.MailSender - MAIL_SENDER PROCESSING[60/333] RESULT[SUCCESS] SENDER[0] OWNER[88478525314311040] ITEM[100] CNT[10] DEL_DT[1386209950] MSG[크로스 이벤트 상품] MAIL_KEY[676004]
2013-11-28 11:20:02,321 [INFO ] com.nfl.kfb.maintenance.MailSender - MAIL_SENDER PROCESSING[60/333] COMMIT[SUCCESS]
2013-11-28 11:20:02,988 [INFO ] com.nfl.kfb.maintenance.MailSender - MAIL_SENDER PROCESSING[61/333] RESULT[SUCCESS] SENDER[0] OWNER[88097737213303312] ITEM[100] CNT[10] DEL_DT[1386209950] MSG[크로스 이벤트 상품] MAIL_KEY[676005]
2013-11-28 11:20:03,656 [INFO ] com.nfl.kfb.maintenance.MailSender - MAIL_SENDER PROCESSING[62/333] RESULT[SUCCESS] SENDER[0] OWNER[88526413719625649] ITEM[100] CNT[10] DEL_DT[1386209950] MSG[크로스 이벤트 상품] MAIL_KEY[676006]
2013-11-28 11:20:04,320 [INFO ] com.nfl.kfb.maintenance.MailSender - MAIL_SENDER PROCESSING[63/333] RESULT[SUCCESS] SENDER[0] OWNER[88759530101732049] ITEM[100] CNT[10] DEL_DT[1386209950] MSG[크로스 이벤트 상품] MAIL_KEY[676007]
2013-11-28 11:20:04,983 [INFO ] com.nfl.kfb.maintenance.MailSender - MAIL_SENDER PROCESSING[64/333] RESULT[SUCCESS] SENDER[0] OWNER[88295034952657441] ITEM[100] CNT[10] DEL_DT[1386209950] MSG[크로스 이벤트 상품] MAIL_KEY[676008]
2013-11-28 11:20:05,652 [INFO ] com.nfl.kfb.maintenance.MailSender - MAIL_SENDER PROCESSING[65/333] RESULT[SUCCESS] SENDER[0] OWNER[88368936625961393] ITEM[100] CNT[10] DEL_DT[1386209950] MSG[크로스 이벤트 상품] MAIL_KEY[676009]
2013-11-28 11:20:06,317 [INFO ] com.nfl.kfb.maintenance.MailSender - MAIL_SENDER PROCESSING[66/333] RESULT[SUCCESS] SENDER[0] OWNER[88226097376309841] ITEM[100] CNT[10] DEL_DT[1386209950] MSG[크로스 이벤트 상품] MAIL_KEY[676010]
2013-11-28 11:20:06,988 [INFO ] com.nfl.kfb.maintenance.MailSender - MAIL_SENDER PROCESSING[67/333] RESULT[SUCCESS] SENDER[0] OWNER[88763144923357584] ITEM[100] CNT[10] DEL_DT[1386209950] MSG[크로스 이벤트 상품] MAIL_KEY[676011]
2013-11-28 11:20:07,653 [INFO ] com.nfl.kfb.maintenance.MailSender - MAIL_SENDER PROCESSING[68/333] RESULT[SUCCESS] SENDER[0] OWNER[88799909674934192] ITEM[100] CNT[10] DEL_DT[1386209950] MSG[크로스 이벤트 상품] MAIL_KEY[676012]
2013-11-28 11:20:08,318 [INFO ] com.nfl.kfb.maintenance.MailSender - MAIL_SENDER PROCESSING[69/333] RESULT[SUCCESS] SENDER[0] OWNER[89564125900317217] ITEM[100] CNT[10] DEL_DT[1386209950] MSG[크로스 이벤트 상품] MAIL_KEY[676013]
2013-11-28 11:20:08,985 [INFO ] com.nfl.kfb.maintenance.MailSender - MAIL_SENDER PROCESSING[70/333] RESULT[SUCCESS] SENDER[0] OWNER[88797211816420080] ITEM[100] CNT[10] DEL_DT[1386209950] MSG[크로스 이벤트 상품] MAIL_KEY[676014]
2013-11-28 11:20:09,213 [INFO ] com.nfl.kfb.maintenance.MailSender - MAIL_SENDER PROCESSING[70/333] COMMIT[SUCCESS]
2013-11-28 11:20:09,887 [INFO ] com.nfl.kfb.maintenance.MailSender - MAIL_SENDER PROCESSING[71/333] RESULT[SUCCESS] SENDER[0] OWNER[88283438730046161] ITEM[100] CNT[10] DEL_DT[1386209950] MSG[크로스 이벤트 상품] MAIL_KEY[676015]
2013-11-28 11:20:10,548 [INFO ] com.nfl.kfb.maintenance.MailSender - MAIL_SENDER PROCESSING[72/333] RESULT[SUCCESS] SENDER[0] OWNER[88261006945867905] ITEM[100] CNT[10] DEL_DT[1386209950] MSG[크로스 이벤트 상품] MAIL_KEY[676016]
2013-11-28 11:20:11,214 [INFO ] com.nfl.kfb.maintenance.MailSender - MAIL_SENDER PROCESSING[73/333] RESULT[SUCCESS] SENDER[0] OWNER[88434828317870577] ITEM[100] CNT[10] DEL_DT[1386209950] MSG[크로스 이벤트 상품] MAIL_KEY[676017]
2013-11-28 11:20:11,879 [INFO ] com.nfl.kfb.maintenance.MailSender - MAIL_SENDER PROCESSING[74/333] RESULT[SUCCESS] SENDER[0] OWNER[88812016729917904] ITEM[100] CNT[10] DEL_DT[1386209950] MSG[크로스 이벤트 상품] MAIL_KEY[676018]
2013-11-28 11:20:12,543 [INFO ] com.nfl.kfb.maintenance.MailSender - MAIL_SENDER PROCESSING[75/333] RESULT[SUCCESS] SENDER[0] OWNER[88236683835322449] ITEM[100] CNT[10] DEL_DT[1386209950] MSG[크로스 이벤트 상품] MAIL_KEY[676019]
2013-11-28 11:20:13,210 [INFO ] com.nfl.kfb.maintenance.MailSender - MAIL_SENDER PROCESSING[76/333] RESULT[SUCCESS] SENDER[0] OWNER[88204525792531809] ITEM[100] CNT[10] DEL_DT[1386209950] MSG[크로스 이벤트 상품] MAIL_KEY[676020]
2013-11-28 11:20:13,888 [INFO ] com.nfl.kfb.maintenance.MailSender - MAIL_SENDER PROCESSING[77/333] RESULT[SUCCESS] SENDER[0] OWNER[88358101694291377] ITEM[100] CNT[10] DEL_DT[1386209950] MSG[크로스 이벤트 상품] MAIL_KEY[676021]
2013-11-28 11:20:14,555 [INFO ] com.nfl.kfb.maintenance.MailSender - MAIL_SENDER PROCESSING[78/333] RESULT[SUCCESS] SENDER[0] OWNER[88304732188866097] ITEM[100] CNT[10] DEL_DT[1386209950] MSG[크로스 이벤트 상품] MAIL_KEY[676022]
2013-11-28 11:20:15,225 [INFO ] com.nfl.kfb.maintenance.MailSender - MAIL_SENDER PROCESSING[79/333] RESULT[SUCCESS] SENDER[0] OWNER[89603927704965776] ITEM[100] CNT[10] DEL_DT[1386209950] MSG[크로스 이벤트 상품] MAIL_KEY[676023]
2013-11-28 11:20:15,891 [INFO ] com.nfl.kfb.maintenance.MailSender - MAIL_SENDER PROCESSING[80/333] RESULT[SUCCESS] SENDER[0] OWNER[90014419655831793] ITEM[100] CNT[10] DEL_DT[1386209950] MSG[크로스 이벤트 상품] MAIL_KEY[676024]
2013-11-28 11:20:16,119 [INFO ] com.nfl.kfb.maintenance.MailSender - MAIL_SENDER PROCESSING[80/333] COMMIT[SUCCESS]
2013-11-28 11:20:16,783 [INFO ] com.nfl.kfb.maintenance.MailSender - MAIL_SENDER PROCESSING[81/333] RESULT[SUCCESS] SENDER[0] OWNER[88300716742027744] ITEM[100] CNT[10] DEL_DT[1386209950] MSG[크로스 이벤트 상품] MAIL_KEY[676025]
2013-11-28 11:20:17,449 [INFO ] com.nfl.kfb.maintenance.MailSender - MAIL_SENDER PROCESSING[82/333] RESULT[SUCCESS] SENDER[0] OWNER[88902355188562193] ITEM[100] CNT[10] DEL_DT[1386209950] MSG[크로스 이벤트 상품] MAIL_KEY[676026]
2013-11-28 11:20:18,120 [INFO ] com.nfl.kfb.maintenance.MailSender - MAIL_SENDER PROCESSING[83/333] RESULT[SUCCESS] SENDER[0] OWNER[88261467783985409] ITEM[100] CNT[10] DEL_DT[1386209950] MSG[크로스 이벤트 상품] MAIL_KEY[676027]
2013-11-28 11:20:18,784 [INFO ] com.nfl.kfb.maintenance.MailSender - MAIL_SENDER PROCESSING[84/333] RESULT[SUCCESS] SENDER[0] OWNER[89657535471894289] ITEM[100] CNT[10] DEL_DT[1386209950] MSG[크로스 이벤트 상품] MAIL_KEY[676028]
2013-11-28 11:20:19,449 [INFO ] com.nfl.kfb.maintenance.MailSender - MAIL_SENDER PROCESSING[85/333] RESULT[SUCCESS] SENDER[0] OWNER[89623980489413681] ITEM[100] CNT[10] DEL_DT[1386209950] MSG[크로스 이벤트 상품] MAIL_KEY[676029]
2013-11-28 11:20:20,117 [INFO ] com.nfl.kfb.maintenance.MailSender - MAIL_SENDER PROCESSING[86/333] RESULT[SUCCESS] SENDER[0] OWNER[88622700962362832] ITEM[100] CNT[10] DEL_DT[1386209950] MSG[크로스 이벤트 상품] MAIL_KEY[676030]
2013-11-28 11:20:20,780 [INFO ] com.nfl.kfb.maintenance.MailSender - MAIL_SENDER PROCESSING[87/333] RESULT[SUCCESS] SENDER[0] OWNER[88341264985117680] ITEM[100] CNT[10] DEL_DT[1386209950] MSG[크로스 이벤트 상품] MAIL_KEY[676031]
2013-11-28 11:20:21,443 [INFO ] com.nfl.kfb.maintenance.MailSender - MAIL_SENDER PROCESSING[88/333] RESULT[SUCCESS] SENDER[0] OWNER[89250394669198561] ITEM[100] CNT[10] DEL_DT[1386209950] MSG[크로스 이벤트 상품] MAIL_KEY[676032]
2013-11-28 11:20:22,109 [INFO ] com.nfl.kfb.maintenance.MailSender - MAIL_SENDER PROCESSING[89/333] RESULT[SUCCESS] SENDER[0] OWNER[88413031753138736] ITEM[100] CNT[10] DEL_DT[1386209950] MSG[크로스 이벤트 상품] MAIL_KEY[676033]
2013-11-28 11:20:22,773 [INFO ] com.nfl.kfb.maintenance.MailSender - MAIL_SENDER PROCESSING[90/333] RESULT[SUCCESS] SENDER[0] OWNER[88309956064559937] ITEM[100] CNT[10] DEL_DT[1386209950] MSG[크로스 이벤트 상품] MAIL_KEY[676034]
2013-11-28 11:20:23,000 [INFO ] com.nfl.kfb.maintenance.MailSender - MAIL_SENDER PROCESSING[90/333] COMMIT[SUCCESS]
2013-11-28 11:20:23,670 [INFO ] com.nfl.kfb.maintenance.MailSender - MAIL_SENDER PROCESSING[91/333] RESULT[SUCCESS] SENDER[0] OWNER[88304927798012033] ITEM[100] CNT[10] DEL_DT[1386209950] MSG[크로스 이벤트 상품] MAIL_KEY[676035]
2013-11-28 11:20:24,333 [INFO ] com.nfl.kfb.maintenance.MailSender - MAIL_SENDER PROCESSING[92/333] RESULT[SUCCESS] SENDER[0] OWNER[89971486971543792] ITEM[100] CNT[10] DEL_DT[1386209950] MSG[크로스 이벤트 상품] MAIL_KEY[676036]
2013-11-28 11:20:25,000 [INFO ] com.nfl.kfb.maintenance.MailSender - MAIL_SENDER PROCESSING[93/333] RESULT[SUCCESS] SENDER[0] OWNER[88126737405449681] ITEM[100] CNT[10] DEL_DT[1386209950] MSG[크로스 이벤트 상품] MAIL_KEY[676037]
2013-11-28 11:20:25,668 [INFO ] com.nfl.kfb.maintenance.MailSender - MAIL_SENDER PROCESSING[94/333] RESULT[SUCCESS] SENDER[0] OWNER[88175939372275008] ITEM[100] CNT[10] DEL_DT[1386209950] MSG[크로스 이벤트 상품] MAIL_KEY[676038]
2013-11-28 11:20:26,332 [INFO ] com.nfl.kfb.maintenance.MailSender - MAIL_SENDER PROCESSING[95/333] RESULT[SUCCESS] SENDER[0] OWNER[89897047043574304] ITEM[100] CNT[10] DEL_DT[1386209950] MSG[크로스 이벤트 상품] MAIL_KEY[676039]
2013-11-28 11:20:27,000 [INFO ] com.nfl.kfb.maintenance.MailSender - MAIL_SENDER PROCESSING[96/333] RESULT[SUCCESS] SENDER[0] OWNER[88183918669385169] ITEM[100] CNT[10] DEL_DT[1386209950] MSG[크로스 이벤트 상품] MAIL_KEY[676040]
2013-11-28 11:20:27,667 [INFO ] com.nfl.kfb.maintenance.MailSender - MAIL_SENDER PROCESSING[97/333] RESULT[SUCCESS] SENDER[0] OWNER[90484804601960641] ITEM[100] CNT[10] DEL_DT[1386209950] MSG[크로스 이벤트 상품] MAIL_KEY[676041]
2013-11-28 11:20:28,332 [INFO ] com.nfl.kfb.maintenance.MailSender - MAIL_SENDER PROCESSING[98/333] RESULT[SUCCESS] SENDER[0] OWNER[88273944272343377] ITEM[100] CNT[10] DEL_DT[1386209950] MSG[크로스 이벤트 상품] MAIL_KEY[676042]
2013-11-28 11:20:28,997 [INFO ] com.nfl.kfb.maintenance.MailSender - MAIL_SENDER PROCESSING[99/333] RESULT[SUCCESS] SENDER[0] OWNER[88250625312036769] ITEM[100] CNT[10] DEL_DT[1386209950] MSG[크로스 이벤트 상품] MAIL_KEY[676043]
2013-11-28 11:20:29,662 [INFO ] com.nfl.kfb.maintenance.MailSender - MAIL_SENDER PROCESSING[100/333] RESULT[SUCCESS] SENDER[0] OWNER[88073291744063025] ITEM[100] CNT[10] DEL_DT[1386209950] MSG[크로스 이벤트 상품] MAIL_KEY[676044]
2013-11-28 11:20:29,888 [INFO ] com.nfl.kfb.maintenance.MailSender - MAIL_SENDER PROCESSING[100/333] COMMIT[SUCCESS]
2013-11-28 11:20:30,549 [INFO ] com.nfl.kfb.maintenance.MailSender - MAIL_SENDER PROCESSING[101/333] RESULT[SUCCESS] SENDER[0] OWNER[88211044282620849] ITEM[100] CNT[10] DEL_DT[1386209950] MSG[크로스 이벤트 상품] MAIL_KEY[676045]
2013-11-28 11:20:31,214 [INFO ] com.nfl.kfb.maintenance.MailSender - MAIL_SENDER PROCESSING[102/333] RESULT[SUCCESS] SENDER[0] OWNER[88152023516153696] ITEM[100] CNT[10] DEL_DT[1386209950] MSG[크로스 이벤트 상품] MAIL_KEY[676046]
2013-11-28 11:20:31,879 [INFO ] com.nfl.kfb.maintenance.MailSender - MAIL_SENDER PROCESSING[103/333] RESULT[SUCCESS] SENDER[0] OWNER[88273074482744465] ITEM[100] CNT[10] DEL_DT[1386209950] MSG[크로스 이벤트 상품] MAIL_KEY[676047]
2013-11-28 11:20:32,541 [INFO ] com.nfl.kfb.maintenance.MailSender - MAIL_SENDER PROCESSING[104/333] RESULT[SUCCESS] SENDER[0] OWNER[88378115191138401] ITEM[100] CNT[10] DEL_DT[1386209950] MSG[크로스 이벤트 상품] MAIL_KEY[676048]
2013-11-28 11:20:33,206 [INFO ] com.nfl.kfb.maintenance.MailSender - MAIL_SENDER PROCESSING[105/333] RESULT[SUCCESS] SENDER[0] OWNER[88314934436756273] ITEM[100] CNT[10] DEL_DT[1386209950] MSG[크로스 이벤트 상품] MAIL_KEY[676049]
2013-11-28 11:20:33,872 [INFO ] com.nfl.kfb.maintenance.MailSender - MAIL_SENDER PROCESSING[106/333] RESULT[SUCCESS] SENDER[0] OWNER[88481493389808320] ITEM[100] CNT[10] DEL_DT[1386209950] MSG[크로스 이벤트 상품] MAIL_KEY[676050]
2013-11-28 11:20:34,536 [INFO ] com.nfl.kfb.maintenance.MailSender - MAIL_SENDER PROCESSING[107/333] RESULT[SUCCESS] SENDER[0] OWNER[88282611011825889] ITEM[100] CNT[10] DEL_DT[1386209950] MSG[크로스 이벤트 상품] MAIL_KEY[676051]
2013-11-28 11:20:35,205 [INFO ] com.nfl.kfb.maintenance.MailSender - MAIL_SENDER PROCESSING[108/333] RESULT[SUCCESS] SENDER[0] OWNER[88236006052250864] ITEM[100] CNT[10] DEL_DT[1386209950] MSG[크로스 이벤트 상품] MAIL_KEY[676052]
2013-11-28 11:20:35,870 [INFO ] com.nfl.kfb.maintenance.MailSender - MAIL_SENDER PROCESSING[109/333] RESULT[SUCCESS] SENDER[0] OWNER[89621201355855632] ITEM[100] CNT[10] DEL_DT[1386209950] MSG[크로스 이벤트 상품] MAIL_KEY[676053]
2013-11-28 11:20:36,535 [INFO ] com.nfl.kfb.maintenance.MailSender - MAIL_SENDER PROCESSING[110/333] RESULT[SUCCESS] SENDER[0] OWNER[90638542874445664] ITEM[100] CNT[10] DEL_DT[1386209950] MSG[크로스 이벤트 상품] MAIL_KEY[676054]
2013-11-28 11:20:36,772 [INFO ] com.nfl.kfb.maintenance.MailSender - MAIL_SENDER PROCESSING[110/333] COMMIT[SUCCESS]
2013-11-28 11:20:37,436 [INFO ] com.nfl.kfb.maintenance.MailSender - MAIL_SENDER PROCESSING[111/333] RESULT[SUCCESS] SENDER[0] OWNER[88812345591566800] ITEM[100] CNT[10] DEL_DT[1386209950] MSG[크로스 이벤트 상품] MAIL_KEY[676055]
2013-11-28 11:20:38,103 [INFO ] com.nfl.kfb.maintenance.MailSender - MAIL_SENDER PROCESSING[112/333] RESULT[SUCCESS] SENDER[0] OWNER[88205964885371457] ITEM[100] CNT[10] DEL_DT[1386209950] MSG[크로스 이벤트 상품] MAIL_KEY[676056]
2013-11-28 11:20:38,774 [INFO ] com.nfl.kfb.maintenance.MailSender - MAIL_SENDER PROCESSING[113/333] RESULT[SUCCESS] SENDER[0] OWNER[88072321732044432] ITEM[100] CNT[10] DEL_DT[1386209950] MSG[크로스 이벤트 상품] MAIL_KEY[676057]
2013-11-28 11:20:39,439 [INFO ] com.nfl.kfb.maintenance.MailSender - MAIL_SENDER PROCESSING[114/333] RESULT[SUCCESS] SENDER[0] OWNER[90773337718877585] ITEM[100] CNT[10] DEL_DT[1386209950] MSG[크로스 이벤트 상품] MAIL_KEY[676058]
2013-11-28 11:20:40,105 [INFO ] com.nfl.kfb.maintenance.MailSender - MAIL_SENDER PROCESSING[115/333] RESULT[SUCCESS] SENDER[0] OWNER[88155861258337952] ITEM[100] CNT[10] DEL_DT[1386209950] MSG[크로스 이벤트 상품] MAIL_KEY[676059]
2013-11-28 11:20:40,769 [INFO ] com.nfl.kfb.maintenance.MailSender - MAIL_SENDER PROCESSING[116/333] RESULT[SUCCESS] SENDER[0] OWNER[88323018559584865] ITEM[100] CNT[10] DEL_DT[1386209950] MSG[크로스 이벤트 상품] MAIL_KEY[676060]
2013-11-28 11:20:41,435 [INFO ] com.nfl.kfb.maintenance.MailSender - MAIL_SENDER PROCESSING[117/333] RESULT[SUCCESS] SENDER[0] OWNER[88198381474212305] ITEM[100] CNT[10] DEL_DT[1386209950] MSG[크로스 이벤트 상품] MAIL_KEY[676061]
2013-11-28 11:20:42,100 [INFO ] com.nfl.kfb.maintenance.MailSender - MAIL_SENDER PROCESSING[118/333] RESULT[SUCCESS] SENDER[0] OWNER[88332851124556193] ITEM[100] CNT[10] DEL_DT[1386209950] MSG[크로스 이벤트 상품] MAIL_KEY[676062]
2013-11-28 11:20:42,771 [INFO ] com.nfl.kfb.maintenance.MailSender - MAIL_SENDER PROCESSING[119/333] RESULT[SUCCESS] SENDER[0] OWNER[88373330756552993] ITEM[100] CNT[10] DEL_DT[1386209950] MSG[크로스 이벤트 상품] MAIL_KEY[676063]
2013-11-28 11:20:43,438 [INFO ] com.nfl.kfb.maintenance.MailSender - MAIL_SENDER PROCESSING[120/333] RESULT[SUCCESS] SENDER[0] OWNER[88281412182099424] ITEM[100] CNT[10] DEL_DT[1386209950] MSG[크로스 이벤트 상품] MAIL_KEY[676064]
2013-11-28 11:20:43,666 [INFO ] com.nfl.kfb.maintenance.MailSender - MAIL_SENDER PROCESSING[120/333] COMMIT[SUCCESS]
2013-11-28 11:20:44,330 [INFO ] com.nfl.kfb.maintenance.MailSender - MAIL_SENDER PROCESSING[121/333] RESULT[SUCCESS] SENDER[0] OWNER[88205390989170177] ITEM[100] CNT[10] DEL_DT[1386209950] MSG[크로스 이벤트 상품] MAIL_KEY[676065]
2013-11-28 11:20:44,994 [INFO ] com.nfl.kfb.maintenance.MailSender - MAIL_SENDER PROCESSING[122/333] RESULT[SUCCESS] SENDER[0] OWNER[88368618389991600] ITEM[100] CNT[10] DEL_DT[1386209950] MSG[크로스 이벤트 상품] MAIL_KEY[676066]
2013-11-28 11:20:45,660 [INFO ] com.nfl.kfb.maintenance.MailSender - MAIL_SENDER PROCESSING[123/333] RESULT[SUCCESS] SENDER[0] OWNER[90639332309652176] ITEM[100] CNT[10] DEL_DT[1386209950] MSG[크로스 이벤트 상품] MAIL_KEY[676067]
2013-11-28 11:20:46,325 [INFO ] com.nfl.kfb.maintenance.MailSender - MAIL_SENDER PROCESSING[124/333] RESULT[SUCCESS] SENDER[0] OWNER[88228483662270576] ITEM[100] CNT[10] DEL_DT[1386209950] MSG[크로스 이벤트 상품] MAIL_KEY[676068]
2013-11-28 11:20:46,991 [INFO ] com.nfl.kfb.maintenance.MailSender - MAIL_SENDER PROCESSING[125/333] RESULT[SUCCESS] SENDER[0] OWNER[90026765728191441] ITEM[100] CNT[10] DEL_DT[1386209950] MSG[크로스 이벤트 상품] MAIL_KEY[676069]
2013-11-28 11:20:47,655 [INFO ] com.nfl.kfb.maintenance.MailSender - MAIL_SENDER PROCESSING[126/333] RESULT[SUCCESS] SENDER[0] OWNER[88419960777907617] ITEM[100] CNT[10] DEL_DT[1386209950] MSG[크로스 이벤트 상품] MAIL_KEY[676070]
2013-11-28 11:20:48,321 [INFO ] com.nfl.kfb.maintenance.MailSender - MAIL_SENDER PROCESSING[127/333] RESULT[SUCCESS] SENDER[0] OWNER[89863951994698049] ITEM[100] CNT[10] DEL_DT[1386209950] MSG[크로스 이벤트 상품] MAIL_KEY[676071]
2013-11-28 11:20:48,986 [INFO ] com.nfl.kfb.maintenance.MailSender - MAIL_SENDER PROCESSING[128/333] RESULT[SUCCESS] SENDER[0] OWNER[88215968699062576] ITEM[100] CNT[10] DEL_DT[1386209950] MSG[크로스 이벤트 상품] MAIL_KEY[676072]
2013-11-28 11:20:49,661 [INFO ] com.nfl.kfb.maintenance.MailSender - MAIL_SENDER PROCESSING[129/333] RESULT[SUCCESS] SENDER[0] OWNER[88151949006066768] ITEM[100] CNT[10] DEL_DT[1386209950] MSG[크로스 이벤트 상품] MAIL_KEY[676073]
2013-11-28 11:20:50,327 [INFO ] com.nfl.kfb.maintenance.MailSender - MAIL_SENDER PROCESSING[130/333] RESULT[SUCCESS] SENDER[0] OWNER[90768404546376512] ITEM[100] CNT[10] DEL_DT[1386209950] MSG[크로스 이벤트 상품] MAIL_KEY[676074]
2013-11-28 11:20:50,556 [INFO ] com.nfl.kfb.maintenance.MailSender - MAIL_SENDER PROCESSING[130/333] COMMIT[SUCCESS]
2013-11-28 11:20:51,222 [INFO ] com.nfl.kfb.maintenance.MailSender - MAIL_SENDER PROCESSING[131/333] RESULT[SUCCESS] SENDER[0] OWNER[88657211943419744] ITEM[100] CNT[10] DEL_DT[1386209950] MSG[크로스 이벤트 상품] MAIL_KEY[676075]
2013-11-28 11:20:51,888 [INFO ] com.nfl.kfb.maintenance.MailSender - MAIL_SENDER PROCESSING[132/333] RESULT[SUCCESS] SENDER[0] OWNER[88236774714792225] ITEM[100] CNT[10] DEL_DT[1386209950] MSG[크로스 이벤트 상품] MAIL_KEY[676076]
2013-11-28 11:20:52,553 [INFO ] com.nfl.kfb.maintenance.MailSender - MAIL_SENDER PROCESSING[133/333] RESULT[SUCCESS] SENDER[0] OWNER[88812336883623040] ITEM[100] CNT[10] DEL_DT[1386209950] MSG[크로스 이벤트 상품] MAIL_KEY[676077]
2013-11-28 11:20:53,217 [INFO ] com.nfl.kfb.maintenance.MailSender - MAIL_SENDER PROCESSING[134/333] RESULT[SUCCESS] SENDER[0] OWNER[88208270230247376] ITEM[100] CNT[10] DEL_DT[1386209950] MSG[크로스 이벤트 상품] MAIL_KEY[676078]
2013-11-28 11:20:53,882 [INFO ] com.nfl.kfb.maintenance.MailSender - MAIL_SENDER PROCESSING[135/333] RESULT[SUCCESS] SENDER[0] OWNER[88284324923440912] ITEM[100] CNT[10] DEL_DT[1386209950] MSG[크로스 이벤트 상품] MAIL_KEY[676079]
2013-11-28 11:20:54,547 [INFO ] com.nfl.kfb.maintenance.MailSender - MAIL_SENDER PROCESSING[136/333] RESULT[SUCCESS] SENDER[0] OWNER[88384625150315504] ITEM[100] CNT[10] DEL_DT[1386209950] MSG[크로스 이벤트 상품] MAIL_KEY[676080]
2013-11-28 11:20:55,214 [INFO ] com.nfl.kfb.maintenance.MailSender - MAIL_SENDER PROCESSING[137/333] RESULT[SUCCESS] SENDER[0] OWNER[88261113179014192] ITEM[100] CNT[10] DEL_DT[1386209950] MSG[크로스 이벤트 상품] MAIL_KEY[676081]
2013-11-28 11:20:55,876 [INFO ] com.nfl.kfb.maintenance.MailSender - MAIL_SENDER PROCESSING[138/333] RESULT[SUCCESS] SENDER[0] OWNER[88146535651011937] ITEM[100] CNT[10] DEL_DT[1386209950] MSG[크로스 이벤트 상품] MAIL_KEY[676082]
2013-11-28 11:20:56,541 [INFO ] com.nfl.kfb.maintenance.MailSender - MAIL_SENDER PROCESSING[139/333] RESULT[SUCCESS] SENDER[0] OWNER[88566062447452768] ITEM[100] CNT[10] DEL_DT[1386209950] MSG[크로스 이벤트 상품] MAIL_KEY[676083]
2013-11-28 11:20:57,211 [INFO ] com.nfl.kfb.maintenance.MailSender - MAIL_SENDER PROCESSING[140/333] RESULT[SUCCESS] SENDER[0] OWNER[89898124529229328] ITEM[100] CNT[10] DEL_DT[1386209950] MSG[크로스 이벤트 상품] MAIL_KEY[676084]
2013-11-28 11:20:57,439 [INFO ] com.nfl.kfb.maintenance.MailSender - MAIL_SENDER PROCESSING[140/333] COMMIT[SUCCESS]
2013-11-28 11:20:58,123 [INFO ] com.nfl.kfb.maintenance.MailSender - MAIL_SENDER PROCESSING[141/333] RESULT[SUCCESS] SENDER[0] OWNER[88069564763453072] ITEM[100] CNT[10] DEL_DT[1386209950] MSG[크로스 이벤트 상품] MAIL_KEY[676085]
2013-11-28 11:20:58,785 [INFO ] com.nfl.kfb.maintenance.MailSender - MAIL_SENDER PROCESSING[142/333] RESULT[SUCCESS] SENDER[0] OWNER[88254295663029744] ITEM[100] CNT[10] DEL_DT[1386209950] MSG[크로스 이벤트 상품] MAIL_KEY[676086]
2013-11-28 11:20:59,448 [INFO ] com.nfl.kfb.maintenance.MailSender - MAIL_SENDER PROCESSING[143/333] RESULT[SUCCESS] SENDER[0] OWNER[88524558251619297] ITEM[100] CNT[10] DEL_DT[1386209950] MSG[크로스 이벤트 상품] MAIL_KEY[676087]
2013-11-28 11:21:00,111 [INFO ] com.nfl.kfb.maintenance.MailSender - MAIL_SENDER PROCESSING[144/333] RESULT[SUCCESS] SENDER[0] OWNER[88634994550146768] ITEM[100] CNT[10] DEL_DT[1386209950] MSG[크로스 이벤트 상품] MAIL_KEY[676088]
2013-11-28 11:21:00,774 [INFO ] com.nfl.kfb.maintenance.MailSender - MAIL_SENDER PROCESSING[145/333] RESULT[SUCCESS] SENDER[0] OWNER[88131573511994753] ITEM[100] CNT[10] DEL_DT[1386209950] MSG[크로스 이벤트 상품] MAIL_KEY[676089]
2013-11-28 11:21:01,437 [INFO ] com.nfl.kfb.maintenance.MailSender - MAIL_SENDER PROCESSING[146/333] RESULT[SUCCESS] SENDER[0] OWNER[88063225086773808] ITEM[100] CNT[10] DEL_DT[1386209950] MSG[크로스 이벤트 상품] MAIL_KEY[676090]
2013-11-28 11:21:02,099 [INFO ] com.nfl.kfb.maintenance.MailSender - MAIL_SENDER PROCESSING[147/333] RESULT[SUCCESS] SENDER[0] OWNER[89545493538694544] ITEM[100] CNT[10] DEL_DT[1386209950] MSG[크로스 이벤트 상품] MAIL_KEY[676091]
2013-11-28 11:21:02,762 [INFO ] com.nfl.kfb.maintenance.MailSender - MAIL_SENDER PROCESSING[148/333] RESULT[SUCCESS] SENDER[0] OWNER[89858851236264369] ITEM[100] CNT[10] DEL_DT[1386209950] MSG[크로스 이벤트 상품] MAIL_KEY[676092]
2013-11-28 11:21:03,426 [INFO ] com.nfl.kfb.maintenance.MailSender - MAIL_SENDER PROCESSING[149/333] RESULT[SUCCESS] SENDER[0] OWNER[90106253115895041] ITEM[100] CNT[10] DEL_DT[1386209950] MSG[크로스 이벤트 상품] MAIL_KEY[676093]
2013-11-28 11:21:04,089 [INFO ] com.nfl.kfb.maintenance.MailSender - MAIL_SENDER PROCESSING[150/333] RESULT[SUCCESS] SENDER[0] OWNER[90771575170526273] ITEM[100] CNT[10] DEL_DT[1386209950] MSG[크로스 이벤트 상품] MAIL_KEY[676094]
2013-11-28 11:21:04,315 [INFO ] com.nfl.kfb.maintenance.MailSender - MAIL_SENDER PROCESSING[150/333] COMMIT[SUCCESS]
2013-11-28 11:21:04,979 [INFO ] com.nfl.kfb.maintenance.MailSender - MAIL_SENDER PROCESSING[151/333] RESULT[SUCCESS] SENDER[0] OWNER[88283032151993281] ITEM[100] CNT[10] DEL_DT[1386209950] MSG[크로스 이벤트 상품] MAIL_KEY[676095]
2013-11-28 11:21:05,673 [INFO ] com.nfl.kfb.maintenance.MailSender - MAIL_SENDER PROCESSING[152/333] RESULT[SUCCESS] SENDER[0] OWNER[88232386226006017] ITEM[100] CNT[10] DEL_DT[1386209950] MSG[크로스 이벤트 상품] MAIL_KEY[676096]
2013-11-28 11:21:06,342 [INFO ] com.nfl.kfb.maintenance.MailSender - MAIL_SENDER PROCESSING[153/333] RESULT[SUCCESS] SENDER[0] OWNER[88673878494770752] ITEM[100] CNT[10] DEL_DT[1386209950] MSG[크로스 이벤트 상품] MAIL_KEY[676097]
2013-11-28 11:21:07,021 [INFO ] com.nfl.kfb.maintenance.MailSender - MAIL_SENDER PROCESSING[154/333] RESULT[SUCCESS] SENDER[0] OWNER[88812585547439409] ITEM[100] CNT[10] DEL_DT[1386209950] MSG[크로스 이벤트 상품] MAIL_KEY[676098]
2013-11-28 11:21:07,696 [INFO ] com.nfl.kfb.maintenance.MailSender - MAIL_SENDER PROCESSING[155/333] RESULT[SUCCESS] SENDER[0] OWNER[88337882010375393] ITEM[100] CNT[10] DEL_DT[1386209950] MSG[크로스 이벤트 상품] MAIL_KEY[676099]
2013-11-28 11:21:08,365 [INFO ] com.nfl.kfb.maintenance.MailSender - MAIL_SENDER PROCESSING[156/333] RESULT[SUCCESS] SENDER[0] OWNER[88142167484145537] ITEM[100] CNT[10] DEL_DT[1386209950] MSG[크로스 이벤트 상품] MAIL_KEY[676100]
2013-11-28 11:21:09,040 [INFO ] com.nfl.kfb.maintenance.MailSender - MAIL_SENDER PROCESSING[157/333] RESULT[SUCCESS] SENDER[0] OWNER[88735341147261297] ITEM[100] CNT[10] DEL_DT[1386209950] MSG[크로스 이벤트 상품] MAIL_KEY[676101]
2013-11-28 11:21:09,716 [INFO ] com.nfl.kfb.maintenance.MailSender - MAIL_SENDER PROCESSING[158/333] RESULT[SUCCESS] SENDER[0] OWNER[88581863883231520] ITEM[100] CNT[10] DEL_DT[1386209950] MSG[크로스 이벤트 상품] MAIL_KEY[676102]
2013-11-28 11:21:10,394 [INFO ] com.nfl.kfb.maintenance.MailSender - MAIL_SENDER PROCESSING[159/333] RESULT[SUCCESS] SENDER[0] OWNER[90778552115784673] ITEM[100] CNT[10] DEL_DT[1386209950] MSG[크로스 이벤트 상품] MAIL_KEY[676103]
2013-11-28 11:21:11,070 [INFO ] com.nfl.kfb.maintenance.MailSender - MAIL_SENDER PROCESSING[160/333] RESULT[SUCCESS] SENDER[0] OWNER[88180175298973440] ITEM[100] CNT[10] DEL_DT[1386209950] MSG[크로스 이벤트 상품] MAIL_KEY[676104]
2013-11-28 11:21:11,296 [INFO ] com.nfl.kfb.maintenance.MailSender - MAIL_SENDER PROCESSING[160/333] COMMIT[SUCCESS]
2013-11-28 11:21:11,961 [INFO ] com.nfl.kfb.maintenance.MailSender - MAIL_SENDER PROCESSING[161/333] RESULT[SUCCESS] SENDER[0] OWNER[88812545075637168] ITEM[100] CNT[10] DEL_DT[1386209950] MSG[크로스 이벤트 상품] MAIL_KEY[676105]
2013-11-28 11:21:12,623 [INFO ] com.nfl.kfb.maintenance.MailSender - MAIL_SENDER PROCESSING[162/333] RESULT[SUCCESS] SENDER[0] OWNER[90712212215924433] ITEM[100] CNT[10] DEL_DT[1386209950] MSG[크로스 이벤트 상품] MAIL_KEY[676106]
2013-11-28 11:21:13,285 [INFO ] com.nfl.kfb.maintenance.MailSender - MAIL_SENDER PROCESSING[163/333] RESULT[SUCCESS] SENDER[0] OWNER[88651011558435121] ITEM[100] CNT[10] DEL_DT[1386209950] MSG[크로스 이벤트 상품] MAIL_KEY[676107]
2013-11-28 11:21:13,966 [INFO ] com.nfl.kfb.maintenance.MailSender - MAIL_SENDER PROCESSING[164/333] RESULT[SUCCESS] SENDER[0] OWNER[88193628690113296] ITEM[100] CNT[10] DEL_DT[1386209950] MSG[크로스 이벤트 상품] MAIL_KEY[676108]
2013-11-28 11:21:14,635 [INFO ] com.nfl.kfb.maintenance.MailSender - MAIL_SENDER PROCESSING[165/333] RESULT[SUCCESS] SENDER[0] OWNER[90022852137279105] ITEM[100] CNT[10] DEL_DT[1386209950] MSG[크로스 이벤트 상품] MAIL_KEY[676109]
2013-11-28 11:21:15,302 [INFO ] com.nfl.kfb.maintenance.MailSender - MAIL_SENDER PROCESSING[166/333] RESULT[SUCCESS] SENDER[0] OWNER[88385009157079873] ITEM[100] CNT[10] DEL_DT[1386209950] MSG[크로스 이벤트 상품] MAIL_KEY[676110]
2013-11-28 11:21:15,977 [INFO ] com.nfl.kfb.maintenance.MailSender - MAIL_SENDER PROCESSING[167/333] RESULT[SUCCESS] SENDER[0] OWNER[88225249936798912] ITEM[100] CNT[10] DEL_DT[1386209950] MSG[크로스 이벤트 상품] MAIL_KEY[676111]
2013-11-28 11:21:16,646 [INFO ] com.nfl.kfb.maintenance.MailSender - MAIL_SENDER PROCESSING[168/333] RESULT[SUCCESS] SENDER[0] OWNER[88191607096473553] ITEM[100] CNT[10] DEL_DT[1386209950] MSG[크로스 이벤트 상품] MAIL_KEY[676112]
2013-11-28 11:21:17,309 [INFO ] com.nfl.kfb.maintenance.MailSender - MAIL_SENDER PROCESSING[169/333] RESULT[SUCCESS] SENDER[0] OWNER[88812607621298657] ITEM[100] CNT[10] DEL_DT[1386209950] MSG[크로스 이벤트 상품] MAIL_KEY[676113]
2013-11-28 11:21:18,310 [INFO ] com.nfl.kfb.maintenance.MailSender - MAIL_SENDER PROCESSING[170/333] RESULT[SUCCESS] SENDER[0] OWNER[88317353225350528] ITEM[100] CNT[10] DEL_DT[1386209950] MSG[크로스 이벤트 상품] MAIL_KEY[676114]
2013-11-28 11:21:18,536 [INFO ] com.nfl.kfb.maintenance.MailSender - MAIL_SENDER PROCESSING[170/333] COMMIT[SUCCESS]
2013-11-28 11:21:19,212 [INFO ] com.nfl.kfb.maintenance.MailSender - MAIL_SENDER PROCESSING[171/333] RESULT[SUCCESS] SENDER[0] OWNER[88299807286069377] ITEM[100] CNT[10] DEL_DT[1386209950] MSG[크로스 이벤트 상품] MAIL_KEY[676115]
2013-11-28 11:21:19,903 [INFO ] com.nfl.kfb.maintenance.MailSender - MAIL_SENDER PROCESSING[172/333] RESULT[SUCCESS] SENDER[0] OWNER[89286613152137745] ITEM[100] CNT[10] DEL_DT[1386209950] MSG[크로스 이벤트 상품] MAIL_KEY[676116]
2013-11-28 11:21:20,571 [INFO ] com.nfl.kfb.maintenance.MailSender - MAIL_SENDER PROCESSING[173/333] RESULT[SUCCESS] SENDER[0] OWNER[90259495099657009] ITEM[100] CNT[10] DEL_DT[1386209950] MSG[크로스 이벤트 상품] MAIL_KEY[676117]
2013-11-28 11:21:21,256 [INFO ] com.nfl.kfb.maintenance.MailSender - MAIL_SENDER PROCESSING[174/333] RESULT[SUCCESS] SENDER[0] OWNER[89682545061455201] ITEM[100] CNT[10] DEL_DT[1386209950] MSG[크로스 이벤트 상품] MAIL_KEY[676118]
2013-11-28 11:21:21,959 [INFO ] com.nfl.kfb.maintenance.MailSender - MAIL_SENDER PROCESSING[175/333] RESULT[SUCCESS] SENDER[0] OWNER[88527704002529953] ITEM[100] CNT[10] DEL_DT[1386209950] MSG[크로스 이벤트 상품] MAIL_KEY[676119]
2013-11-28 11:21:22,639 [INFO ] com.nfl.kfb.maintenance.MailSender - MAIL_SENDER PROCESSING[176/333] RESULT[SUCCESS] SENDER[0] OWNER[88219483260756433] ITEM[100] CNT[10] DEL_DT[1386209950] MSG[크로스 이벤트 상품] MAIL_KEY[676120]
2013-11-28 11:21:23,308 [INFO ] com.nfl.kfb.maintenance.MailSender - MAIL_SENDER PROCESSING[177/333] RESULT[SUCCESS] SENDER[0] OWNER[88595418135272945] ITEM[100] CNT[10] DEL_DT[1386209950] MSG[크로스 이벤트 상품] MAIL_KEY[676121]
2013-11-28 11:21:23,974 [INFO ] com.nfl.kfb.maintenance.MailSender - MAIL_SENDER PROCESSING[178/333] RESULT[SUCCESS] SENDER[0] OWNER[88168138399828880] ITEM[100] CNT[10] DEL_DT[1386209950] MSG[크로스 이벤트 상품] MAIL_KEY[676122]
2013-11-28 11:21:24,638 [INFO ] com.nfl.kfb.maintenance.MailSender - MAIL_SENDER PROCESSING[179/333] RESULT[SUCCESS] SENDER[0] OWNER[88150782864262144] ITEM[100] CNT[10] DEL_DT[1386209950] MSG[크로스 이벤트 상품] MAIL_KEY[676123]
2013-11-28 11:21:25,302 [INFO ] com.nfl.kfb.maintenance.MailSender - MAIL_SENDER PROCESSING[180/333] RESULT[SUCCESS] SENDER[0] OWNER[89053283175758257] ITEM[100] CNT[10] DEL_DT[1386209950] MSG[크로스 이벤트 상품] MAIL_KEY[676124]
2013-11-28 11:21:25,528 [INFO ] com.nfl.kfb.maintenance.MailSender - MAIL_SENDER PROCESSING[180/333] COMMIT[SUCCESS]
2013-11-28 11:21:26,199 [INFO ] com.nfl.kfb.maintenance.MailSender - MAIL_SENDER PROCESSING[181/333] RESULT[SUCCESS] SENDER[0] OWNER[88228753500850144] ITEM[100] CNT[10] DEL_DT[1386209950] MSG[크로스 이벤트 상품] MAIL_KEY[676125]
2013-11-28 11:21:26,866 [INFO ] com.nfl.kfb.maintenance.MailSender - MAIL_SENDER PROCESSING[182/333] RESULT[SUCCESS] SENDER[0] OWNER[88162901004813344] ITEM[100] CNT[10] DEL_DT[1386209950] MSG[크로스 이벤트 상품] MAIL_KEY[676126]
2013-11-28 11:21:27,535 [INFO ] com.nfl.kfb.maintenance.MailSender - MAIL_SENDER PROCESSING[183/333] RESULT[SUCCESS] SENDER[0] OWNER[88335763019346849] ITEM[100] CNT[10] DEL_DT[1386209950] MSG[크로스 이벤트 상품] MAIL_KEY[676127]
2013-11-28 11:21:28,206 [INFO ] com.nfl.kfb.maintenance.MailSender - MAIL_SENDER PROCESSING[184/333] RESULT[SUCCESS] SENDER[0] OWNER[90786760195456752] ITEM[100] CNT[10] DEL_DT[1386209950] MSG[크로스 이벤트 상품] MAIL_KEY[676128]
2013-11-28 11:21:28,872 [INFO ] com.nfl.kfb.maintenance.MailSender - MAIL_SENDER PROCESSING[185/333] RESULT[SUCCESS] SENDER[0] OWNER[88199871216251073] ITEM[100] CNT[10] DEL_DT[1386209950] MSG[크로스 이벤트 상품] MAIL_KEY[676129]
2013-11-28 11:21:29,538 [INFO ] com.nfl.kfb.maintenance.MailSender - MAIL_SENDER PROCESSING[186/333] RESULT[SUCCESS] SENDER[0] OWNER[88812292921325153] ITEM[100] CNT[10] DEL_DT[1386209950] MSG[크로스 이벤트 상품] MAIL_KEY[676130]
2013-11-28 11:21:30,216 [INFO ] com.nfl.kfb.maintenance.MailSender - MAIL_SENDER PROCESSING[187/333] RESULT[SUCCESS] SENDER[0] OWNER[88328473134374864] ITEM[100] CNT[10] DEL_DT[1386209950] MSG[크로스 이벤트 상품] MAIL_KEY[676131]
2013-11-28 11:21:30,886 [INFO ] com.nfl.kfb.maintenance.MailSender - MAIL_SENDER PROCESSING[188/333] RESULT[SUCCESS] SENDER[0] OWNER[88199103309074625] ITEM[100] CNT[10] DEL_DT[1386209950] MSG[크로스 이벤트 상품] MAIL_KEY[676132]
2013-11-28 11:21:31,555 [INFO ] com.nfl.kfb.maintenance.MailSender - MAIL_SENDER PROCESSING[189/333] RESULT[SUCCESS] SENDER[0] OWNER[89048323340248449] ITEM[100] CNT[10] DEL_DT[1386209950] MSG[크로스 이벤트 상품] MAIL_KEY[676133]
2013-11-28 11:21:32,224 [INFO ] com.nfl.kfb.maintenance.MailSender - MAIL_SENDER PROCESSING[190/333] RESULT[SUCCESS] SENDER[0] OWNER[88186665882902705] ITEM[100] CNT[10] DEL_DT[1386209950] MSG[크로스 이벤트 상품] MAIL_KEY[676134]
2013-11-28 11:21:32,449 [INFO ] com.nfl.kfb.maintenance.MailSender - MAIL_SENDER PROCESSING[190/333] COMMIT[SUCCESS]
2013-11-28 11:21:33,121 [INFO ] com.nfl.kfb.maintenance.MailSender - MAIL_SENDER PROCESSING[191/333] RESULT[SUCCESS] SENDER[0] OWNER[90768454627839776] ITEM[100] CNT[10] DEL_DT[1386209950] MSG[크로스 이벤트 상품] MAIL_KEY[676135]
2013-11-28 11:21:33,795 [INFO ] com.nfl.kfb.maintenance.MailSender - MAIL_SENDER PROCESSING[192/333] RESULT[SUCCESS] SENDER[0] OWNER[90286114119094896] ITEM[100] CNT[10] DEL_DT[1386209950] MSG[크로스 이벤트 상품] MAIL_KEY[676136]
2013-11-28 11:21:34,456 [INFO ] com.nfl.kfb.maintenance.MailSender - MAIL_SENDER PROCESSING[193/333] RESULT[SUCCESS] SENDER[0] OWNER[88462730348611280] ITEM[100] CNT[10] DEL_DT[1386209950] MSG[크로스 이벤트 상품] MAIL_KEY[676137]
2013-11-28 11:21:35,121 [INFO ] com.nfl.kfb.maintenance.MailSender - MAIL_SENDER PROCESSING[194/333] RESULT[SUCCESS] SENDER[0] OWNER[88578217821385345] ITEM[100] CNT[10] DEL_DT[1386209950] MSG[크로스 이벤트 상품] MAIL_KEY[676138]
2013-11-28 11:21:35,784 [INFO ] com.nfl.kfb.maintenance.MailSender - MAIL_SENDER PROCESSING[195/333] RESULT[SUCCESS] SENDER[0] OWNER[88346659931222513] ITEM[100] CNT[10] DEL_DT[1386209950] MSG[크로스 이벤트 상품] MAIL_KEY[676139]
2013-11-28 11:21:36,446 [INFO ] com.nfl.kfb.maintenance.MailSender - MAIL_SENDER PROCESSING[196/333] RESULT[SUCCESS] SENDER[0] OWNER[90769237673209104] ITEM[100] CNT[10] DEL_DT[1386209950] MSG[크로스 이벤트 상품] MAIL_KEY[676140]
2013-11-28 11:21:37,108 [INFO ] com.nfl.kfb.maintenance.MailSender - MAIL_SENDER PROCESSING[197/333] RESULT[SUCCESS] SENDER[0] OWNER[89811543499078961] ITEM[100] CNT[10] DEL_DT[1386209950] MSG[크로스 이벤트 상품] MAIL_KEY[676141]
2013-11-28 11:21:37,781 [INFO ] com.nfl.kfb.maintenance.MailSender - MAIL_SENDER PROCESSING[198/333] RESULT[SUCCESS] SENDER[0] OWNER[88186085084413840] ITEM[100] CNT[10] DEL_DT[1386209950] MSG[크로스 이벤트 상품] MAIL_KEY[676142]
2013-11-28 11:21:38,445 [INFO ] com.nfl.kfb.maintenance.MailSender - MAIL_SENDER PROCESSING[199/333] RESULT[SUCCESS] SENDER[0] OWNER[88629099653890225] ITEM[100] CNT[10] DEL_DT[1386209950] MSG[크로스 이벤트 상품] MAIL_KEY[676143]
2013-11-28 11:21:39,120 [INFO ] com.nfl.kfb.maintenance.MailSender - MAIL_SENDER PROCESSING[200/333] RESULT[SUCCESS] SENDER[0] OWNER[88198175919802208] ITEM[100] CNT[10] DEL_DT[1386209950] MSG[크로스 이벤트 상품] MAIL_KEY[676144]
2013-11-28 11:21:39,346 [INFO ] com.nfl.kfb.maintenance.MailSender - MAIL_SENDER PROCESSING[200/333] COMMIT[SUCCESS]
2013-11-28 11:21:40,015 [INFO ] com.nfl.kfb.maintenance.MailSender - MAIL_SENDER PROCESSING[201/333] RESULT[SUCCESS] SENDER[0] OWNER[88318018315298800] ITEM[100] CNT[10] DEL_DT[1386209950] MSG[크로스 이벤트 상품] MAIL_KEY[676145]
2013-11-28 11:21:40,686 [INFO ] com.nfl.kfb.maintenance.MailSender - MAIL_SENDER PROCESSING[202/333] RESULT[SUCCESS] SENDER[0] OWNER[88076987616907217] ITEM[100] CNT[10] DEL_DT[1386209950] MSG[크로스 이벤트 상품] MAIL_KEY[676146]
2013-11-28 11:21:41,354 [INFO ] com.nfl.kfb.maintenance.MailSender - MAIL_SENDER PROCESSING[203/333] RESULT[SUCCESS] SENDER[0] OWNER[90770826709317697] ITEM[100] CNT[10] DEL_DT[1386209950] MSG[크로스 이벤트 상품] MAIL_KEY[676147]
2013-11-28 11:21:42,028 [INFO ] com.nfl.kfb.maintenance.MailSender - MAIL_SENDER PROCESSING[204/333] RESULT[SUCCESS] SENDER[0] OWNER[88215767489636209] ITEM[100] CNT[10] DEL_DT[1386209950] MSG[크로스 이벤트 상품] MAIL_KEY[676148]
2013-11-28 11:21:42,695 [INFO ] com.nfl.kfb.maintenance.MailSender - MAIL_SENDER PROCESSING[205/333] RESULT[SUCCESS] SENDER[0] OWNER[88283839227538737] ITEM[100] CNT[10] DEL_DT[1386209950] MSG[크로스 이벤트 상품] MAIL_KEY[676149]
2013-11-28 11:21:43,359 [INFO ] com.nfl.kfb.maintenance.MailSender - MAIL_SENDER PROCESSING[206/333] RESULT[SUCCESS] SENDER[0] OWNER[88612380320225504] ITEM[100] CNT[10] DEL_DT[1386209950] MSG[크로스 이벤트 상품] MAIL_KEY[676150]
2013-11-28 11:21:44,039 [INFO ] com.nfl.kfb.maintenance.MailSender - MAIL_SENDER PROCESSING[207/333] RESULT[SUCCESS] SENDER[0] OWNER[89928816571300640] ITEM[100] CNT[10] DEL_DT[1386209950] MSG[크로스 이벤트 상품] MAIL_KEY[676151]
2013-11-28 11:21:44,707 [INFO ] com.nfl.kfb.maintenance.MailSender - MAIL_SENDER PROCESSING[208/333] RESULT[SUCCESS] SENDER[0] OWNER[89682859875756225] ITEM[100] CNT[10] DEL_DT[1386209950] MSG[크로스 이벤트 상품] MAIL_KEY[676152]
2013-11-28 11:21:45,375 [INFO ] com.nfl.kfb.maintenance.MailSender - MAIL_SENDER PROCESSING[209/333] RESULT[SUCCESS] SENDER[0] OWNER[88300780455445568] ITEM[100] CNT[10] DEL_DT[1386209950] MSG[크로스 이벤트 상품] MAIL_KEY[676153]
2013-11-28 11:21:46,074 [INFO ] com.nfl.kfb.maintenance.MailSender - MAIL_SENDER PROCESSING[210/333] RESULT[SUCCESS] SENDER[0] OWNER[88219706713262864] ITEM[100] CNT[10] DEL_DT[1386209950] MSG[크로스 이벤트 상품] MAIL_KEY[676154]
2013-11-28 11:21:46,300 [INFO ] com.nfl.kfb.maintenance.MailSender - MAIL_SENDER PROCESSING[210/333] COMMIT[SUCCESS]
2013-11-28 11:21:46,967 [INFO ] com.nfl.kfb.maintenance.MailSender - MAIL_SENDER PROCESSING[211/333] RESULT[SUCCESS] SENDER[0] OWNER[88345540415744929] ITEM[100] CNT[10] DEL_DT[1386209950] MSG[크로스 이벤트 상품] MAIL_KEY[676155]
2013-11-28 11:21:47,630 [INFO ] com.nfl.kfb.maintenance.MailSender - MAIL_SENDER PROCESSING[212/333] RESULT[SUCCESS] SENDER[0] OWNER[88882329404337313] ITEM[100] CNT[10] DEL_DT[1386209950] MSG[크로스 이벤트 상품] MAIL_KEY[676156]
2013-11-28 11:21:48,292 [INFO ] com.nfl.kfb.maintenance.MailSender - MAIL_SENDER PROCESSING[213/333] RESULT[SUCCESS] SENDER[0] OWNER[90773649690790465] ITEM[100] CNT[10] DEL_DT[1386209950] MSG[크로스 이벤트 상품] MAIL_KEY[676157]
2013-11-28 11:21:48,953 [INFO ] com.nfl.kfb.maintenance.MailSender - MAIL_SENDER PROCESSING[214/333] RESULT[SUCCESS] SENDER[0] OWNER[88198498118652129] ITEM[100] CNT[10] DEL_DT[1386209950] MSG[크로스 이벤트 상품] MAIL_KEY[676158]
2013-11-28 11:21:49,615 [INFO ] com.nfl.kfb.maintenance.MailSender - MAIL_SENDER PROCESSING[215/333] RESULT[SUCCESS] SENDER[0] OWNER[88607207497522592] ITEM[100] CNT[10] DEL_DT[1386209950] MSG[크로스 이벤트 상품] MAIL_KEY[676159]
2013-11-28 11:21:50,284 [INFO ] com.nfl.kfb.maintenance.MailSender - MAIL_SENDER PROCESSING[216/333] RESULT[SUCCESS] SENDER[0] OWNER[88292377610179328] ITEM[100] CNT[10] DEL_DT[1386209950] MSG[크로스 이벤트 상품] MAIL_KEY[676160]
2013-11-28 11:21:50,956 [INFO ] com.nfl.kfb.maintenance.MailSender - MAIL_SENDER PROCESSING[217/333] RESULT[SUCCESS] SENDER[0] OWNER[90770235185680177] ITEM[100] CNT[10] DEL_DT[1386209950] MSG[크로스 이벤트 상품] MAIL_KEY[676161]
2013-11-28 11:21:51,618 [INFO ] com.nfl.kfb.maintenance.MailSender - MAIL_SENDER PROCESSING[218/333] RESULT[SUCCESS] SENDER[0] OWNER[90777722651738049] ITEM[100] CNT[10] DEL_DT[1386209950] MSG[크로스 이벤트 상품] MAIL_KEY[676162]
2013-11-28 11:21:52,289 [INFO ] com.nfl.kfb.maintenance.MailSender - MAIL_SENDER PROCESSING[219/333] RESULT[SUCCESS] SENDER[0] OWNER[90779223589168464] ITEM[100] CNT[10] DEL_DT[1386209950] MSG[크로스 이벤트 상품] MAIL_KEY[676163]
2013-11-28 11:21:52,963 [INFO ] com.nfl.kfb.maintenance.MailSender - MAIL_SENDER PROCESSING[220/333] RESULT[SUCCESS] SENDER[0] OWNER[90775638159467872] ITEM[100] CNT[10] DEL_DT[1386209950] MSG[크로스 이벤트 상품] MAIL_KEY[676164]
2013-11-28 11:21:53,189 [INFO ] com.nfl.kfb.maintenance.MailSender - MAIL_SENDER PROCESSING[220/333] COMMIT[SUCCESS]
2013-11-28 11:21:53,862 [INFO ] com.nfl.kfb.maintenance.MailSender - MAIL_SENDER PROCESSING[221/333] RESULT[SUCCESS] SENDER[0] OWNER[88125071234196368] ITEM[100] CNT[10] DEL_DT[1386209950] MSG[크로스 이벤트 상품] MAIL_KEY[676165]
2013-11-28 11:21:54,531 [INFO ] com.nfl.kfb.maintenance.MailSender - MAIL_SENDER PROCESSING[222/333] RESULT[SUCCESS] SENDER[0] OWNER[88259654592968385] ITEM[100] CNT[10] DEL_DT[1386209950] MSG[크로스 이벤트 상품] MAIL_KEY[676166]
2013-11-28 11:21:55,206 [INFO ] com.nfl.kfb.maintenance.MailSender - MAIL_SENDER PROCESSING[223/333] RESULT[SUCCESS] SENDER[0] OWNER[89512557071951360] ITEM[100] CNT[10] DEL_DT[1386209950] MSG[크로스 이벤트 상품] MAIL_KEY[676167]
2013-11-28 11:21:55,880 [INFO ] com.nfl.kfb.maintenance.MailSender - MAIL_SENDER PROCESSING[224/333] RESULT[SUCCESS] SENDER[0] OWNER[88299011293035104] ITEM[100] CNT[10] DEL_DT[1386209950] MSG[크로스 이벤트 상품] MAIL_KEY[676168]
2013-11-28 11:21:56,542 [INFO ] com.nfl.kfb.maintenance.MailSender - MAIL_SENDER PROCESSING[225/333] RESULT[SUCCESS] SENDER[0] OWNER[88179482683442192] ITEM[100] CNT[10] DEL_DT[1386209950] MSG[크로스 이벤트 상품] MAIL_KEY[676169]
2013-11-28 11:21:57,213 [INFO ] com.nfl.kfb.maintenance.MailSender - MAIL_SENDER PROCESSING[226/333] RESULT[SUCCESS] SENDER[0] OWNER[88229915319441280] ITEM[100] CNT[10] DEL_DT[1386209950] MSG[크로스 이벤트 상품] MAIL_KEY[676170]
2013-11-28 11:21:57,885 [INFO ] com.nfl.kfb.maintenance.MailSender - MAIL_SENDER PROCESSING[227/333] RESULT[SUCCESS] SENDER[0] OWNER[88220059054997776] ITEM[100] CNT[10] DEL_DT[1386209950] MSG[크로스 이벤트 상품] MAIL_KEY[676171]
2013-11-28 11:21:58,549 [INFO ] com.nfl.kfb.maintenance.MailSender - MAIL_SENDER PROCESSING[228/333] RESULT[SUCCESS] SENDER[0] OWNER[90514952340394016] ITEM[100] CNT[10] DEL_DT[1386209950] MSG[크로스 이벤트 상품] MAIL_KEY[676172]
2013-11-28 11:21:59,221 [INFO ] com.nfl.kfb.maintenance.MailSender - MAIL_SENDER PROCESSING[229/333] RESULT[SUCCESS] SENDER[0] OWNER[88358339762444720] ITEM[100] CNT[10] DEL_DT[1386209950] MSG[크로스 이벤트 상품] MAIL_KEY[676173]
2013-11-28 11:21:59,881 [INFO ] com.nfl.kfb.maintenance.MailSender - MAIL_SENDER PROCESSING[230/333] RESULT[SUCCESS] SENDER[0] OWNER[88168903826190752] ITEM[100] CNT[10] DEL_DT[1386209950] MSG[크로스 이벤트 상품] MAIL_KEY[676174]
2013-11-28 11:22:00,109 [INFO ] com.nfl.kfb.maintenance.MailSender - MAIL_SENDER PROCESSING[230/333] COMMIT[SUCCESS]
2013-11-28 11:22:00,773 [INFO ] com.nfl.kfb.maintenance.MailSender - MAIL_SENDER PROCESSING[231/333] RESULT[SUCCESS] SENDER[0] OWNER[88740013285902368] ITEM[100] CNT[10] DEL_DT[1386209950] MSG[크로스 이벤트 상품] MAIL_KEY[676175]
2013-11-28 11:22:01,435 [INFO ] com.nfl.kfb.maintenance.MailSender - MAIL_SENDER PROCESSING[232/333] RESULT[SUCCESS] SENDER[0] OWNER[88985846005717808] ITEM[100] CNT[10] DEL_DT[1386209950] MSG[크로스 이벤트 상품] MAIL_KEY[676176]
2013-11-28 11:22:02,110 [INFO ] com.nfl.kfb.maintenance.MailSender - MAIL_SENDER PROCESSING[233/333] RESULT[SUCCESS] SENDER[0] OWNER[90659043590162544] ITEM[100] CNT[10] DEL_DT[1386209950] MSG[크로스 이벤트 상품] MAIL_KEY[676177]
2013-11-28 11:22:02,777 [INFO ] com.nfl.kfb.maintenance.MailSender - MAIL_SENDER PROCESSING[234/333] RESULT[SUCCESS] SENDER[0] OWNER[88812593324734433] ITEM[100] CNT[10] DEL_DT[1386209950] MSG[크로스 이벤트 상품] MAIL_KEY[676178]
2013-11-28 11:22:03,444 [INFO ] com.nfl.kfb.maintenance.MailSender - MAIL_SENDER PROCESSING[235/333] RESULT[SUCCESS] SENDER[0] OWNER[88401110918948529] ITEM[100] CNT[10] DEL_DT[1386209950] MSG[크로스 이벤트 상품] MAIL_KEY[676179]
2013-11-28 11:22:04,117 [INFO ] com.nfl.kfb.maintenance.MailSender - MAIL_SENDER PROCESSING[236/333] RESULT[SUCCESS] SENDER[0] OWNER[88203041304033809] ITEM[100] CNT[10] DEL_DT[1386209950] MSG[크로스 이벤트 상품] MAIL_KEY[676180]
2013-11-28 11:22:04,787 [INFO ] com.nfl.kfb.maintenance.MailSender - MAIL_SENDER PROCESSING[237/333] RESULT[SUCCESS] SENDER[0] OWNER[88508012075993633] ITEM[100] CNT[10] DEL_DT[1386209950] MSG[크로스 이벤트 상품] MAIL_KEY[676181]
2013-11-28 11:22:05,454 [INFO ] com.nfl.kfb.maintenance.MailSender - MAIL_SENDER PROCESSING[238/333] RESULT[SUCCESS] SENDER[0] OWNER[88382532843775904] ITEM[100] CNT[10] DEL_DT[1386209950] MSG[크로스 이벤트 상품] MAIL_KEY[676182]
2013-11-28 11:22:06,131 [INFO ] com.nfl.kfb.maintenance.MailSender - MAIL_SENDER PROCESSING[239/333] RESULT[SUCCESS] SENDER[0] OWNER[88310006518196032] ITEM[100] CNT[10] DEL_DT[1386209950] MSG[크로스 이벤트 상품] MAIL_KEY[676183]
2013-11-28 11:22:06,804 [INFO ] com.nfl.kfb.maintenance.MailSender - MAIL_SENDER PROCESSING[240/333] RESULT[SUCCESS] SENDER[0] OWNER[88519805203505648] ITEM[100] CNT[10] DEL_DT[1386209950] MSG[크로스 이벤트 상품] MAIL_KEY[676184]
2013-11-28 11:22:07,036 [INFO ] com.nfl.kfb.maintenance.MailSender - MAIL_SENDER PROCESSING[240/333] COMMIT[SUCCESS]
2013-11-28 11:22:07,700 [INFO ] com.nfl.kfb.maintenance.MailSender - MAIL_SENDER PROCESSING[241/333] RESULT[SUCCESS] SENDER[0] OWNER[90768333145868129] ITEM[100] CNT[10] DEL_DT[1386209950] MSG[크로스 이벤트 상품] MAIL_KEY[676185]
2013-11-28 11:22:08,367 [INFO ] com.nfl.kfb.maintenance.MailSender - MAIL_SENDER PROCESSING[242/333] RESULT[SUCCESS] SENDER[0] OWNER[88267339316245249] ITEM[100] CNT[10] DEL_DT[1386209950] MSG[크로스 이벤트 상품] MAIL_KEY[676186]
2013-11-28 11:22:09,039 [INFO ] com.nfl.kfb.maintenance.MailSender - MAIL_SENDER PROCESSING[243/333] RESULT[SUCCESS] SENDER[0] OWNER[88204650895733168] ITEM[100] CNT[10] DEL_DT[1386209950] MSG[크로스 이벤트 상품] MAIL_KEY[676187]
2013-11-28 11:22:09,700 [INFO ] com.nfl.kfb.maintenance.MailSender - MAIL_SENDER PROCESSING[244/333] RESULT[SUCCESS] SENDER[0] OWNER[88299071276296784] ITEM[100] CNT[10] DEL_DT[1386209950] MSG[크로스 이벤트 상품] MAIL_KEY[676188]
2013-11-28 11:22:10,368 [INFO ] com.nfl.kfb.maintenance.MailSender - MAIL_SENDER PROCESSING[245/333] RESULT[SUCCESS] SENDER[0] OWNER[88305023315005377] ITEM[100] CNT[10] DEL_DT[1386209950] MSG[크로스 이벤트 상품] MAIL_KEY[676189]
2013-11-28 11:22:11,036 [INFO ] com.nfl.kfb.maintenance.MailSender - MAIL_SENDER PROCESSING[246/333] RESULT[SUCCESS] SENDER[0] OWNER[88645032000717888] ITEM[100] CNT[10] DEL_DT[1386209950] MSG[크로스 이벤트 상품] MAIL_KEY[676190]
2013-11-28 11:22:11,697 [INFO ] com.nfl.kfb.maintenance.MailSender - MAIL_SENDER PROCESSING[247/333] RESULT[SUCCESS] SENDER[0] OWNER[88146099885667841] ITEM[100] CNT[10] DEL_DT[1386209950] MSG[크로스 이벤트 상품] MAIL_KEY[676191]
2013-11-28 11:22:12,361 [INFO ] com.nfl.kfb.maintenance.MailSender - MAIL_SENDER PROCESSING[248/333] RESULT[SUCCESS] SENDER[0] OWNER[88073299782351921] ITEM[100] CNT[10] DEL_DT[1386209950] MSG[크로스 이벤트 상품] MAIL_KEY[676192]
2013-11-28 11:22:13,022 [INFO ] com.nfl.kfb.maintenance.MailSender - MAIL_SENDER PROCESSING[249/333] RESULT[SUCCESS] SENDER[0] OWNER[88425007653033825] ITEM[100] CNT[10] DEL_DT[1386209950] MSG[크로스 이벤트 상품] MAIL_KEY[676193]
2013-11-28 11:22:13,685 [INFO ] com.nfl.kfb.maintenance.MailSender - MAIL_SENDER PROCESSING[250/333] RESULT[SUCCESS] SENDER[0] OWNER[90090359041224672] ITEM[100] CNT[10] DEL_DT[1386209950] MSG[크로스 이벤트 상품] MAIL_KEY[676194]
2013-11-28 11:22:13,912 [INFO ] com.nfl.kfb.maintenance.MailSender - MAIL_SENDER PROCESSING[250/333] COMMIT[SUCCESS]
2013-11-28 11:22:14,583 [INFO ] com.nfl.kfb.maintenance.MailSender - MAIL_SENDER PROCESSING[251/333] RESULT[SUCCESS] SENDER[0] OWNER[88213921230077152] ITEM[100] CNT[10] DEL_DT[1386209950] MSG[크로스 이벤트 상품] MAIL_KEY[676195]
2013-11-28 11:22:15,250 [INFO ] com.nfl.kfb.maintenance.MailSender - MAIL_SENDER PROCESSING[252/333] RESULT[SUCCESS] SENDER[0] OWNER[88273254772677040] ITEM[100] CNT[10] DEL_DT[1386209950] MSG[크로스 이벤트 상품] MAIL_KEY[676196]
2013-11-28 11:22:15,921 [INFO ] com.nfl.kfb.maintenance.MailSender - MAIL_SENDER PROCESSING[253/333] RESULT[SUCCESS] SENDER[0] OWNER[88222787696363313] ITEM[100] CNT[10] DEL_DT[1386209950] MSG[크로스 이벤트 상품] MAIL_KEY[676197]
2013-11-28 11:22:16,597 [INFO ] com.nfl.kfb.maintenance.MailSender - MAIL_SENDER PROCESSING[254/333] RESULT[SUCCESS] SENDER[0] OWNER[90768624512706800] ITEM[100] CNT[10] DEL_DT[1386209950] MSG[크로스 이벤트 상품] MAIL_KEY[676198]
2013-11-28 11:22:17,268 [INFO ] com.nfl.kfb.maintenance.MailSender - MAIL_SENDER PROCESSING[255/333] RESULT[SUCCESS] SENDER[0] OWNER[88236170555638321] ITEM[100] CNT[10] DEL_DT[1386209950] MSG[크로스 이벤트 상품] MAIL_KEY[676199]
2013-11-28 11:22:17,935 [INFO ] com.nfl.kfb.maintenance.MailSender - MAIL_SENDER PROCESSING[256/333] RESULT[SUCCESS] SENDER[0] OWNER[88140309338324993] ITEM[100] CNT[10] DEL_DT[1386209950] MSG[크로스 이벤트 상품] MAIL_KEY[676200]
2013-11-28 11:22:18,600 [INFO ] com.nfl.kfb.maintenance.MailSender - MAIL_SENDER PROCESSING[257/333] RESULT[SUCCESS] SENDER[0] OWNER[90354254445519680] ITEM[100] CNT[10] DEL_DT[1386209950] MSG[크로스 이벤트 상품] MAIL_KEY[676201]
2013-11-28 11:22:19,275 [INFO ] com.nfl.kfb.maintenance.MailSender - MAIL_SENDER PROCESSING[258/333] RESULT[SUCCESS] SENDER[0] OWNER[88152894804804017] ITEM[100] CNT[10] DEL_DT[1386209950] MSG[크로스 이벤트 상품] MAIL_KEY[676202]
2013-11-28 11:22:19,945 [INFO ] com.nfl.kfb.maintenance.MailSender - MAIL_SENDER PROCESSING[259/333] RESULT[SUCCESS] SENDER[0] OWNER[90769994402134417] ITEM[100] CNT[10] DEL_DT[1386209950] MSG[크로스 이벤트 상품] MAIL_KEY[676203]
2013-11-28 11:22:20,608 [INFO ] com.nfl.kfb.maintenance.MailSender - MAIL_SENDER PROCESSING[260/333] RESULT[SUCCESS] SENDER[0] OWNER[88267168839152656] ITEM[100] CNT[10] DEL_DT[1386209950] MSG[크로스 이벤트 상품] MAIL_KEY[676204]
2013-11-28 11:22:20,839 [INFO ] com.nfl.kfb.maintenance.MailSender - MAIL_SENDER PROCESSING[260/333] COMMIT[SUCCESS]
2013-11-28 11:22:21,508 [INFO ] com.nfl.kfb.maintenance.MailSender - MAIL_SENDER PROCESSING[261/333] RESULT[SUCCESS] SENDER[0] OWNER[88215922676710577] ITEM[100] CNT[10] DEL_DT[1386209950] MSG[크로스 이벤트 상품] MAIL_KEY[676205]
2013-11-28 11:22:22,176 [INFO ] com.nfl.kfb.maintenance.MailSender - MAIL_SENDER PROCESSING[262/333] RESULT[SUCCESS] SENDER[0] OWNER[88906737969437104] ITEM[100] CNT[10] DEL_DT[1386209950] MSG[크로스 이벤트 상품] MAIL_KEY[676206]
2013-11-28 11:22:22,846 [INFO ] com.nfl.kfb.maintenance.MailSender - MAIL_SENDER PROCESSING[263/333] RESULT[SUCCESS] SENDER[0] OWNER[88369089509247488] ITEM[100] CNT[10] DEL_DT[1386209950] MSG[크로스 이벤트 상품] MAIL_KEY[676207]
2013-11-28 11:22:23,515 [INFO ] com.nfl.kfb.maintenance.MailSender - MAIL_SENDER PROCESSING[264/333] RESULT[SUCCESS] SENDER[0] OWNER[88522363213726784] ITEM[100] CNT[10] DEL_DT[1386209950] MSG[크로스 이벤트 상품] MAIL_KEY[676208]
2013-11-28 11:22:24,176 [INFO ] com.nfl.kfb.maintenance.MailSender - MAIL_SENDER PROCESSING[265/333] RESULT[SUCCESS] SENDER[0] OWNER[90769977916830032] ITEM[100] CNT[10] DEL_DT[1386209950] MSG[크로스 이벤트 상품] MAIL_KEY[676209]
2013-11-28 11:22:24,839 [INFO ] com.nfl.kfb.maintenance.MailSender - MAIL_SENDER PROCESSING[266/333] RESULT[SUCCESS] SENDER[0] OWNER[88199888084378672] ITEM[100] CNT[10] DEL_DT[1386209950] MSG[크로스 이벤트 상품] MAIL_KEY[676210]
2013-11-28 11:22:25,502 [INFO ] com.nfl.kfb.maintenance.MailSender - MAIL_SENDER PROCESSING[267/333] RESULT[SUCCESS] SENDER[0] OWNER[88334263057288000] ITEM[100] CNT[10] DEL_DT[1386209950] MSG[크로스 이벤트 상품] MAIL_KEY[676211]
2013-11-28 11:22:26,177 [INFO ] com.nfl.kfb.maintenance.MailSender - MAIL_SENDER PROCESSING[268/333] RESULT[SUCCESS] SENDER[0] OWNER[88208653137693248] ITEM[100] CNT[10] DEL_DT[1386209950] MSG[크로스 이벤트 상품] MAIL_KEY[676212]
2013-11-28 11:22:26,840 [INFO ] com.nfl.kfb.maintenance.MailSender - MAIL_SENDER PROCESSING[269/333] RESULT[SUCCESS] SENDER[0] OWNER[88289830531904336] ITEM[100] CNT[10] DEL_DT[1386209950] MSG[크로스 이벤트 상품] MAIL_KEY[676213]
2013-11-28 11:22:27,508 [INFO ] com.nfl.kfb.maintenance.MailSender - MAIL_SENDER PROCESSING[270/333] RESULT[SUCCESS] SENDER[0] OWNER[88366719174553409] ITEM[100] CNT[10] DEL_DT[1386209950] MSG[크로스 이벤트 상품] MAIL_KEY[676214]
2013-11-28 11:22:27,733 [INFO ] com.nfl.kfb.maintenance.MailSender - MAIL_SENDER PROCESSING[270/333] COMMIT[SUCCESS]
2013-11-28 11:22:28,411 [INFO ] com.nfl.kfb.maintenance.MailSender - MAIL_SENDER PROCESSING[271/333] RESULT[SUCCESS] SENDER[0] OWNER[88278717129694512] ITEM[100] CNT[10] DEL_DT[1386209950] MSG[크로스 이벤트 상품] MAIL_KEY[676215]
2013-11-28 11:22:29,092 [INFO ] com.nfl.kfb.maintenance.MailSender - MAIL_SENDER PROCESSING[272/333] RESULT[SUCCESS] SENDER[0] OWNER[90773087561123312] ITEM[100] CNT[10] DEL_DT[1386209950] MSG[크로스 이벤트 상품] MAIL_KEY[676216]
2013-11-28 11:22:29,755 [INFO ] com.nfl.kfb.maintenance.MailSender - MAIL_SENDER PROCESSING[273/333] RESULT[SUCCESS] SENDER[0] OWNER[88219121631424352] ITEM[100] CNT[10] DEL_DT[1386209950] MSG[크로스 이벤트 상품] MAIL_KEY[676217]
2013-11-28 11:22:30,427 [INFO ] com.nfl.kfb.maintenance.MailSender - MAIL_SENDER PROCESSING[274/333] RESULT[SUCCESS] SENDER[0] OWNER[88757709076682593] ITEM[100] CNT[10] DEL_DT[1386209950] MSG[크로스 이벤트 상품] MAIL_KEY[676218]
2013-11-28 11:22:31,098 [INFO ] com.nfl.kfb.maintenance.MailSender - MAIL_SENDER PROCESSING[275/333] RESULT[SUCCESS] SENDER[0] OWNER[88373324696073089] ITEM[100] CNT[10] DEL_DT[1386209950] MSG[크로스 이벤트 상품] MAIL_KEY[676219]
2013-11-28 11:22:31,761 [INFO ] com.nfl.kfb.maintenance.MailSender - MAIL_SENDER PROCESSING[276/333] RESULT[SUCCESS] SENDER[0] OWNER[88706617910513824] ITEM[100] CNT[10] DEL_DT[1386209950] MSG[크로스 이벤트 상품] MAIL_KEY[676220]
2013-11-28 11:22:32,435 [INFO ] com.nfl.kfb.maintenance.MailSender - MAIL_SENDER PROCESSING[277/333] RESULT[SUCCESS] SENDER[0] OWNER[88226171464952481] ITEM[100] CNT[10] DEL_DT[1386209950] MSG[크로스 이벤트 상품] MAIL_KEY[676221]
2013-11-28 11:22:33,113 [INFO ] com.nfl.kfb.maintenance.MailSender - MAIL_SENDER PROCESSING[278/333] RESULT[SUCCESS] SENDER[0] OWNER[88108837559787968] ITEM[100] CNT[10] DEL_DT[1386209950] MSG[크로스 이벤트 상품] MAIL_KEY[676222]
2013-11-28 11:22:33,774 [INFO ] com.nfl.kfb.maintenance.MailSender - MAIL_SENDER PROCESSING[279/333] RESULT[SUCCESS] SENDER[0] OWNER[88177132272816129] ITEM[100] CNT[10] DEL_DT[1386209950] MSG[크로스 이벤트 상품] MAIL_KEY[676223]
2013-11-28 11:22:34,458 [INFO ] com.nfl.kfb.maintenance.MailSender - MAIL_SENDER PROCESSING[280/333] RESULT[SUCCESS] SENDER[0] OWNER[90770946881398144] ITEM[100] CNT[10] DEL_DT[1386209950] MSG[크로스 이벤트 상품] MAIL_KEY[676224]
2013-11-28 11:22:34,683 [INFO ] com.nfl.kfb.maintenance.MailSender - MAIL_SENDER PROCESSING[280/333] COMMIT[SUCCESS]
2013-11-28 11:22:35,361 [INFO ] com.nfl.kfb.maintenance.MailSender - MAIL_SENDER PROCESSING[281/333] RESULT[SUCCESS] SENDER[0] OWNER[88310462190191424] ITEM[100] CNT[10] DEL_DT[1386209950] MSG[크로스 이벤트 상품] MAIL_KEY[676225]
2013-11-28 11:22:36,022 [INFO ] com.nfl.kfb.maintenance.MailSender - MAIL_SENDER PROCESSING[282/333] RESULT[SUCCESS] SENDER[0] OWNER[90061716327009217] ITEM[100] CNT[10] DEL_DT[1386209950] MSG[크로스 이벤트 상품] MAIL_KEY[676226]
2013-11-28 11:22:36,685 [INFO ] com.nfl.kfb.maintenance.MailSender - MAIL_SENDER PROCESSING[283/333] RESULT[SUCCESS] SENDER[0] OWNER[88310337396031056] ITEM[100] CNT[10] DEL_DT[1386209950] MSG[크로스 이벤트 상품] MAIL_KEY[676227]
2013-11-28 11:22:37,347 [INFO ] com.nfl.kfb.maintenance.MailSender - MAIL_SENDER PROCESSING[284/333] RESULT[SUCCESS] SENDER[0] OWNER[88548171631905712] ITEM[100] CNT[10] DEL_DT[1386209950] MSG[크로스 이벤트 상품] MAIL_KEY[676228]
2013-11-28 11:22:38,011 [INFO ] com.nfl.kfb.maintenance.MailSender - MAIL_SENDER PROCESSING[285/333] RESULT[SUCCESS] SENDER[0] OWNER[88928042749491840] ITEM[100] CNT[10] DEL_DT[1386209950] MSG[크로스 이벤트 상품] MAIL_KEY[676229]
2013-11-28 11:22:38,696 [INFO ] com.nfl.kfb.maintenance.MailSender - MAIL_SENDER PROCESSING[286/333] RESULT[SUCCESS] SENDER[0] OWNER[88812437833570784] ITEM[100] CNT[10] DEL_DT[1386209950] MSG[크로스 이벤트 상품] MAIL_KEY[676230]
2013-11-28 11:22:39,364 [INFO ] com.nfl.kfb.maintenance.MailSender - MAIL_SENDER PROCESSING[287/333] RESULT[SUCCESS] SENDER[0] OWNER[88140286653807601] ITEM[100] CNT[10] DEL_DT[1386209950] MSG[크로스 이벤트 상품] MAIL_KEY[676231]
2013-11-28 11:22:40,030 [INFO ] com.nfl.kfb.maintenance.MailSender - MAIL_SENDER PROCESSING[288/333] RESULT[SUCCESS] SENDER[0] OWNER[88304023478053600] ITEM[100] CNT[10] DEL_DT[1386209950] MSG[크로스 이벤트 상품] MAIL_KEY[676232]
2013-11-28 11:22:40,697 [INFO ] com.nfl.kfb.maintenance.MailSender - MAIL_SENDER PROCESSING[289/333] RESULT[SUCCESS] SENDER[0] OWNER[88400477460058944] ITEM[100] CNT[10] DEL_DT[1386209950] MSG[크로스 이벤트 상품] MAIL_KEY[676233]
2013-11-28 11:22:41,366 [INFO ] com.nfl.kfb.maintenance.MailSender - MAIL_SENDER PROCESSING[290/333] RESULT[SUCCESS] SENDER[0] OWNER[88173591813415169] ITEM[100] CNT[10] DEL_DT[1386209950] MSG[크로스 이벤트 상품] MAIL_KEY[676234]
2013-11-28 11:22:41,592 [INFO ] com.nfl.kfb.maintenance.MailSender - MAIL_SENDER PROCESSING[290/333] COMMIT[SUCCESS]
2013-11-28 11:22:42,274 [INFO ] com.nfl.kfb.maintenance.MailSender - MAIL_SENDER PROCESSING[291/333] RESULT[SUCCESS] SENDER[0] OWNER[90162437170984912] ITEM[100] CNT[10] DEL_DT[1386209950] MSG[크로스 이벤트 상품] MAIL_KEY[676235]
2013-11-28 11:22:42,937 [INFO ] com.nfl.kfb.maintenance.MailSender - MAIL_SENDER PROCESSING[292/333] RESULT[SUCCESS] SENDER[0] OWNER[88191515460461024] ITEM[100] CNT[10] DEL_DT[1386209950] MSG[크로스 이벤트 상품] MAIL_KEY[676236]
2013-11-28 11:22:43,607 [INFO ] com.nfl.kfb.maintenance.MailSender - MAIL_SENDER PROCESSING[293/333] RESULT[SUCCESS] SENDER[0] OWNER[88196892363453009] ITEM[100] CNT[10] DEL_DT[1386209950] MSG[크로스 이벤트 상품] MAIL_KEY[676237]
2013-11-28 11:22:44,289 [INFO ] com.nfl.kfb.maintenance.MailSender - MAIL_SENDER PROCESSING[294/333] RESULT[SUCCESS] SENDER[0] OWNER[88100286971568512] ITEM[100] CNT[10] DEL_DT[1386209950] MSG[크로스 이벤트 상품] MAIL_KEY[676238]
2013-11-28 11:22:44,950 [INFO ] com.nfl.kfb.maintenance.MailSender - MAIL_SENDER PROCESSING[295/333] RESULT[SUCCESS] SENDER[0] OWNER[88411940755728304] ITEM[100] CNT[10] DEL_DT[1386209950] MSG[크로스 이벤트 상품] MAIL_KEY[676239]
2013-11-28 11:22:45,615 [INFO ] com.nfl.kfb.maintenance.MailSender - MAIL_SENDER PROCESSING[296/333] RESULT[SUCCESS] SENDER[0] OWNER[89895750332855280] ITEM[100] CNT[10] DEL_DT[1386209950] MSG[크로스 이벤트 상품] MAIL_KEY[676240]
2013-11-28 11:22:46,281 [INFO ] com.nfl.kfb.maintenance.MailSender - MAIL_SENDER PROCESSING[297/333] RESULT[SUCCESS] SENDER[0] OWNER[88220147570116576] ITEM[100] CNT[10] DEL_DT[1386209950] MSG[크로스 이벤트 상품] MAIL_KEY[676241]
2013-11-28 11:22:46,943 [INFO ] com.nfl.kfb.maintenance.MailSender - MAIL_SENDER PROCESSING[298/333] RESULT[SUCCESS] SENDER[0] OWNER[88463796106891537] ITEM[100] CNT[10] DEL_DT[1386209950] MSG[크로스 이벤트 상품] MAIL_KEY[676242]
2013-11-28 11:22:47,613 [INFO ] com.nfl.kfb.maintenance.MailSender - MAIL_SENDER PROCESSING[299/333] RESULT[SUCCESS] SENDER[0] OWNER[89834180961452112] ITEM[100] CNT[10] DEL_DT[1386209950] MSG[크로스 이벤트 상품] MAIL_KEY[676243]
2013-11-28 11:22:48,277 [INFO ] com.nfl.kfb.maintenance.MailSender - MAIL_SENDER PROCESSING[300/333] RESULT[SUCCESS] SENDER[0] OWNER[89262018510962800] ITEM[100] CNT[10] DEL_DT[1386209950] MSG[크로스 이벤트 상품] MAIL_KEY[676244]
2013-11-28 11:22:48,503 [INFO ] com.nfl.kfb.maintenance.MailSender - MAIL_SENDER PROCESSING[300/333] COMMIT[SUCCESS]
2013-11-28 11:22:49,165 [INFO ] com.nfl.kfb.maintenance.MailSender - MAIL_SENDER PROCESSING[301/333] RESULT[SUCCESS] SENDER[0] OWNER[88221049398055873] ITEM[100] CNT[10] DEL_DT[1386209950] MSG[크로스 이벤트 상품] MAIL_KEY[676245]
2013-11-28 11:22:49,829 [INFO ] com.nfl.kfb.maintenance.MailSender - MAIL_SENDER PROCESSING[302/333] RESULT[SUCCESS] SENDER[0] OWNER[88159109895402032] ITEM[100] CNT[10] DEL_DT[1386209950] MSG[크로스 이벤트 상품] MAIL_KEY[676246]
2013-11-28 11:22:50,495 [INFO ] com.nfl.kfb.maintenance.MailSender - MAIL_SENDER PROCESSING[303/333] RESULT[SUCCESS] SENDER[0] OWNER[88858454119392929] ITEM[100] CNT[10] DEL_DT[1386209950] MSG[크로스 이벤트 상품] MAIL_KEY[676247]
2013-11-28 11:22:51,157 [INFO ] com.nfl.kfb.maintenance.MailSender - MAIL_SENDER PROCESSING[304/333] RESULT[SUCCESS] SENDER[0] OWNER[88352376414998032] ITEM[100] CNT[10] DEL_DT[1386209950] MSG[크로스 이벤트 상품] MAIL_KEY[676248]
2013-11-28 11:22:51,823 [INFO ] com.nfl.kfb.maintenance.MailSender - MAIL_SENDER PROCESSING[305/333] RESULT[SUCCESS] SENDER[0] OWNER[88318096535319569] ITEM[100] CNT[10] DEL_DT[1386209950] MSG[크로스 이벤트 상품] MAIL_KEY[676249]
2013-11-28 11:22:52,520 [INFO ] com.nfl.kfb.maintenance.MailSender - MAIL_SENDER PROCESSING[306/333] RESULT[SUCCESS] SENDER[0] OWNER[88282897875519329] ITEM[100] CNT[10] DEL_DT[1386209950] MSG[크로스 이벤트 상품] MAIL_KEY[676250]
2013-11-28 11:22:53,186 [INFO ] com.nfl.kfb.maintenance.MailSender - MAIL_SENDER PROCESSING[307/333] RESULT[SUCCESS] SENDER[0] OWNER[88190442976402641] ITEM[100] CNT[10] DEL_DT[1386209950] MSG[크로스 이벤트 상품] MAIL_KEY[676251]
2013-11-28 11:22:53,852 [INFO ] com.nfl.kfb.maintenance.MailSender - MAIL_SENDER PROCESSING[308/333] RESULT[SUCCESS] SENDER[0] OWNER[88318151000548192] ITEM[100] CNT[10] DEL_DT[1386209950] MSG[크로스 이벤트 상품] MAIL_KEY[676252]
2013-11-28 11:22:54,519 [INFO ] com.nfl.kfb.maintenance.MailSender - MAIL_SENDER PROCESSING[309/333] RESULT[SUCCESS] SENDER[0] OWNER[90758699648123584] ITEM[100] CNT[10] DEL_DT[1386209950] MSG[크로스 이벤트 상품] MAIL_KEY[676253]
2013-11-28 11:22:55,184 [INFO ] com.nfl.kfb.maintenance.MailSender - MAIL_SENDER PROCESSING[310/333] RESULT[SUCCESS] SENDER[0] OWNER[89199118375513600] ITEM[100] CNT[10] DEL_DT[1386209950] MSG[크로스 이벤트 상품] MAIL_KEY[676254]
2013-11-28 11:22:55,411 [INFO ] com.nfl.kfb.maintenance.MailSender - MAIL_SENDER PROCESSING[310/333] COMMIT[SUCCESS]
2013-11-28 11:22:56,074 [INFO ] com.nfl.kfb.maintenance.MailSender - MAIL_SENDER PROCESSING[311/333] RESULT[SUCCESS] SENDER[0] OWNER[88245594239329105] ITEM[100] CNT[10] DEL_DT[1386209950] MSG[크로스 이벤트 상품] MAIL_KEY[676255]
2013-11-28 11:22:56,740 [INFO ] com.nfl.kfb.maintenance.MailSender - MAIL_SENDER PROCESSING[312/333] RESULT[SUCCESS] SENDER[0] OWNER[88179661170217137] ITEM[100] CNT[10] DEL_DT[1386209950] MSG[크로스 이벤트 상품] MAIL_KEY[676256]
2013-11-28 11:22:57,422 [INFO ] com.nfl.kfb.maintenance.MailSender - MAIL_SENDER PROCESSING[313/333] RESULT[SUCCESS] SENDER[0] OWNER[88299505234360321] ITEM[100] CNT[10] DEL_DT[1386209950] MSG[크로스 이벤트 상품] MAIL_KEY[676257]
2013-11-28 11:22:58,091 [INFO ] com.nfl.kfb.maintenance.MailSender - MAIL_SENDER PROCESSING[314/333] RESULT[SUCCESS] SENDER[0] OWNER[88196783607251104] ITEM[100] CNT[10] DEL_DT[1386209950] MSG[크로스 이벤트 상품] MAIL_KEY[676258]
2013-11-28 11:22:58,786 [INFO ] com.nfl.kfb.maintenance.MailSender - MAIL_SENDER PROCESSING[315/333] RESULT[SUCCESS] SENDER[0] OWNER[88589361046549472] ITEM[100] CNT[10] DEL_DT[1386209950] MSG[크로스 이벤트 상품] MAIL_KEY[676259]
2013-11-28 11:22:59,458 [INFO ] com.nfl.kfb.maintenance.MailSender - MAIL_SENDER PROCESSING[316/333] RESULT[SUCCESS] SENDER[0] OWNER[88463905433829408] ITEM[100] CNT[10] DEL_DT[1386209950] MSG[크로스 이벤트 상품] MAIL_KEY[676260]
2013-11-28 11:23:00,119 [INFO ] com.nfl.kfb.maintenance.MailSender - MAIL_SENDER PROCESSING[317/333] RESULT[SUCCESS] SENDER[0] OWNER[90786534893993024] ITEM[100] CNT[10] DEL_DT[1386209950] MSG[크로스 이벤트 상품] MAIL_KEY[676261]
2013-11-28 11:23:00,782 [INFO ] com.nfl.kfb.maintenance.MailSender - MAIL_SENDER PROCESSING[318/333] RESULT[SUCCESS] SENDER[0] OWNER[89813500681764800] ITEM[100] CNT[10] DEL_DT[1386209950] MSG[크로스 이벤트 상품] MAIL_KEY[676262]
2013-11-28 11:23:01,445 [INFO ] com.nfl.kfb.maintenance.MailSender - MAIL_SENDER PROCESSING[319/333] RESULT[SUCCESS] SENDER[0] OWNER[90723882798683169] ITEM[100] CNT[10] DEL_DT[1386209950] MSG[크로스 이벤트 상품] MAIL_KEY[676263]
2013-11-28 11:23:02,107 [INFO ] com.nfl.kfb.maintenance.MailSender - MAIL_SENDER PROCESSING[320/333] RESULT[SUCCESS] SENDER[0] OWNER[88717391547226736] ITEM[100] CNT[10] DEL_DT[1386209950] MSG[크로스 이벤트 상품] MAIL_KEY[676264]
2013-11-28 11:23:02,340 [INFO ] com.nfl.kfb.maintenance.MailSender - MAIL_SENDER PROCESSING[320/333] COMMIT[SUCCESS]
2013-11-28 11:23:03,001 [INFO ] com.nfl.kfb.maintenance.MailSender - MAIL_SENDER PROCESSING[321/333] RESULT[SUCCESS] SENDER[0] OWNER[88929227514477456] ITEM[100] CNT[10] DEL_DT[1386209950] MSG[크로스 이벤트 상품] MAIL_KEY[676265]
2013-11-28 11:23:03,677 [INFO ] com.nfl.kfb.maintenance.MailSender - MAIL_SENDER PROCESSING[322/333] RESULT[SUCCESS] SENDER[0] OWNER[88154334995734176] ITEM[100] CNT[10] DEL_DT[1386209950] MSG[크로스 이벤트 상품] MAIL_KEY[676266]
2013-11-28 11:23:04,354 [INFO ] com.nfl.kfb.maintenance.MailSender - MAIL_SENDER PROCESSING[323/333] RESULT[SUCCESS] SENDER[0] OWNER[89019047272939057] ITEM[100] CNT[10] DEL_DT[1386209950] MSG[크로스 이벤트 상품] MAIL_KEY[676267]
2013-11-28 11:23:05,016 [INFO ] com.nfl.kfb.maintenance.MailSender - MAIL_SENDER PROCESSING[324/333] RESULT[SUCCESS] SENDER[0] OWNER[88160143994009200] ITEM[100] CNT[10] DEL_DT[1386209950] MSG[크로스 이벤트 상품] MAIL_KEY[676268]
2013-11-28 11:23:06,722 [INFO ] com.nfl.kfb.maintenance.MailSender - MAIL_SENDER PROCESSING[325/333] RESULT[SUCCESS] SENDER[0] OWNER[88310369359191168] ITEM[100] CNT[10] DEL_DT[1386209950] MSG[크로스 이벤트 상품] MAIL_KEY[676269]
2013-11-28 11:23:07,397 [INFO ] com.nfl.kfb.maintenance.MailSender - MAIL_SENDER PROCESSING[326/333] RESULT[SUCCESS] SENDER[0] OWNER[89246201749169761] ITEM[100] CNT[10] DEL_DT[1386209950] MSG[크로스 이벤트 상품] MAIL_KEY[676270]
2013-11-28 11:23:08,060 [INFO ] com.nfl.kfb.maintenance.MailSender - MAIL_SENDER PROCESSING[327/333] RESULT[SUCCESS] SENDER[0] OWNER[90769144399942176] ITEM[100] CNT[10] DEL_DT[1386209950] MSG[크로스 이벤트 상품] MAIL_KEY[676271]
2013-11-28 11:23:08,724 [INFO ] com.nfl.kfb.maintenance.MailSender - MAIL_SENDER PROCESSING[328/333] RESULT[SUCCESS] SENDER[0] OWNER[88364512700992321] ITEM[100] CNT[10] DEL_DT[1386209950] MSG[크로스 이벤트 상품] MAIL_KEY[676272]
2013-11-28 11:23:09,385 [INFO ] com.nfl.kfb.maintenance.MailSender - MAIL_SENDER PROCESSING[329/333] RESULT[SUCCESS] SENDER[0] OWNER[90460940291477889] ITEM[100] CNT[10] DEL_DT[1386209950] MSG[크로스 이벤트 상품] MAIL_KEY[676273]
2013-11-28 11:23:10,046 [INFO ] com.nfl.kfb.maintenance.MailSender - MAIL_SENDER PROCESSING[330/333] RESULT[SUCCESS] SENDER[0] OWNER[88164439372715472] ITEM[100] CNT[10] DEL_DT[1386209950] MSG[크로스 이벤트 상품] MAIL_KEY[676274]
2013-11-28 11:23:10,272 [INFO ] com.nfl.kfb.maintenance.MailSender - MAIL_SENDER PROCESSING[330/333] COMMIT[SUCCESS]
2013-11-28 11:23:10,933 [INFO ] com.nfl.kfb.maintenance.MailSender - MAIL_SENDER PROCESSING[331/333] RESULT[SUCCESS] SENDER[0] OWNER[90727372538875889] ITEM[100] CNT[10] DEL_DT[1386209950] MSG[크로스 이벤트 상품] MAIL_KEY[676275]
2013-11-28 11:23:11,595 [INFO ] com.nfl.kfb.maintenance.MailSender - MAIL_SENDER PROCESSING[332/333] RESULT[SUCCESS] SENDER[0] OWNER[89857049024707312] ITEM[100] CNT[10] DEL_DT[1386209950] MSG[크로스 이벤트 상품] MAIL_KEY[676276]
2013-11-28 11:23:12,259 [INFO ] com.nfl.kfb.maintenance.MailSender - MAIL_SENDER PROCESSING[333/333] RESULT[SUCCESS] SENDER[0] OWNER[88600172612416641] ITEM[100] CNT[10] DEL_DT[1386209950] MSG[크로스 이벤트 상품] MAIL_KEY[676277]
2013-11-28 11:23:12,484 [INFO ] com.nfl.kfb.maintenance.MailSender - MAIL_SENDER PROCESSING[333/333] COMMIT[SUCCESS]
2013-11-28 11:23:12,705 [INFO ] com.nfl.kfb.maintenance.MailSender - MAIL_SENDER SUCCESS[333]
