2013-10-16 14:31:15,223 [DEBUG] c.n.k.m.m.M.selectCheatingAppId - ooo Using Connection [com.mysql.jdbc.JDBC4Connection@58648016]
2013-10-16 14:31:15,227 [DEBUG] c.n.k.m.m.M.selectCheatingAppId - ==>  Preparing: SELECT DISTINCT APPID FROM GAME_LOG WHERE MONTH=201310 AND LOG_TYPE=10 AND (ADD_GOLD>10000 or ADD_BALL>100) AND EPOCH > 1381813200 
2013-10-16 14:31:15,292 [DEBUG] c.n.k.m.m.M.selectCheatingAppId - ==> Parameters: 
2013-10-16 14:31:16,216 [INFO ] c.nfl.kfb.maintenance.CheatingUsers - CHEATING_USERS SIZE[29]
2013-10-16 14:31:16,239 [DEBUG] c.n.k.m.m.M.updateCheatingAppIdGoldBall - ooo Using Connection [com.mysql.jdbc.JDBC4Connection@58648016]
2013-10-16 14:31:16,240 [DEBUG] c.n.k.m.m.M.updateCheatingAppIdGoldBall - ==>  Preparing: UPDATE ACCOUNT SET GOLD = 0 - ABS(GOLD) , BALL = 0 - ABS(BALL) WHERE APPID = ? 
2013-10-16 14:31:16,240 [DEBUG] c.n.k.m.m.M.updateCheatingAppIdGoldBall - ==> Parameters: 1000000009(String)
2013-10-16 14:31:16,455 [INFO ] c.nfl.kfb.maintenance.CheatingUsers - CHEATING_USERS APPID[1000000009]
2013-10-16 14:31:16,673 [DEBUG] c.n.k.m.m.M.updateCheatingAppIdGoldBall - ooo Using Connection [com.mysql.jdbc.JDBC4Connection@58648016]
2013-10-16 14:31:16,673 [DEBUG] c.n.k.m.m.M.updateCheatingAppIdGoldBall - ==>  Preparing: UPDATE ACCOUNT SET GOLD = 0 - ABS(GOLD) , BALL = 0 - ABS(BALL) WHERE APPID = ? 
2013-10-16 14:31:16,674 [DEBUG] c.n.k.m.m.M.updateCheatingAppIdGoldBall - ==> Parameters: 88837049390111745(String)
2013-10-16 14:31:16,888 [INFO ] c.nfl.kfb.maintenance.CheatingUsers - CHEATING_USERS APPID[88837049390111745]
2013-10-16 14:31:17,106 [DEBUG] c.n.k.m.m.M.updateCheatingAppIdGoldBall - ooo Using Connection [com.mysql.jdbc.JDBC4Connection@58648016]
2013-10-16 14:31:17,106 [DEBUG] c.n.k.m.m.M.updateCheatingAppIdGoldBall - ==>  Preparing: UPDATE ACCOUNT SET GOLD = 0 - ABS(GOLD) , BALL = 0 - ABS(BALL) WHERE APPID = ? 
2013-10-16 14:31:17,107 [DEBUG] c.n.k.m.m.M.updateCheatingAppIdGoldBall - ==> Parameters: 89331903314207473(String)
2013-10-16 14:31:17,321 [INFO ] c.nfl.kfb.maintenance.CheatingUsers - CHEATING_USERS APPID[89331903314207473]
2013-10-16 14:31:17,537 [DEBUG] c.n.k.m.m.M.updateCheatingAppIdGoldBall - ooo Using Connection [com.mysql.jdbc.JDBC4Connection@58648016]
2013-10-16 14:31:17,538 [DEBUG] c.n.k.m.m.M.updateCheatingAppIdGoldBall - ==>  Preparing: UPDATE ACCOUNT SET GOLD = 0 - ABS(GOLD) , BALL = 0 - ABS(BALL) WHERE APPID = ? 
2013-10-16 14:31:17,538 [DEBUG] c.n.k.m.m.M.updateCheatingAppIdGoldBall - ==> Parameters: 88060303796268865(String)
2013-10-16 14:31:17,753 [INFO ] c.nfl.kfb.maintenance.CheatingUsers - CHEATING_USERS APPID[88060303796268865]
2013-10-16 14:31:17,970 [DEBUG] c.n.k.m.m.M.updateCheatingAppIdGoldBall - ooo Using Connection [com.mysql.jdbc.JDBC4Connection@58648016]
2013-10-16 14:31:17,971 [DEBUG] c.n.k.m.m.M.updateCheatingAppIdGoldBall - ==>  Preparing: UPDATE ACCOUNT SET GOLD = 0 - ABS(GOLD) , BALL = 0 - ABS(BALL) WHERE APPID = ? 
2013-10-16 14:31:17,971 [DEBUG] c.n.k.m.m.M.updateCheatingAppIdGoldBall - ==> Parameters: 90372129551998000(String)
2013-10-16 14:31:18,184 [INFO ] c.nfl.kfb.maintenance.CheatingUsers - CHEATING_USERS APPID[90372129551998000]
2013-10-16 14:31:18,403 [DEBUG] c.n.k.m.m.M.updateCheatingAppIdGoldBall - ooo Using Connection [com.mysql.jdbc.JDBC4Connection@58648016]
2013-10-16 14:31:18,403 [DEBUG] c.n.k.m.m.M.updateCheatingAppIdGoldBall - ==>  Preparing: UPDATE ACCOUNT SET GOLD = 0 - ABS(GOLD) , BALL = 0 - ABS(BALL) WHERE APPID = ? 
2013-10-16 14:31:18,404 [DEBUG] c.n.k.m.m.M.updateCheatingAppIdGoldBall - ==> Parameters: 89318032934377345(String)
2013-10-16 14:31:18,618 [INFO ] c.nfl.kfb.maintenance.CheatingUsers - CHEATING_USERS APPID[89318032934377345]
2013-10-16 14:31:18,837 [DEBUG] c.n.k.m.m.M.updateCheatingAppIdGoldBall - ooo Using Connection [com.mysql.jdbc.JDBC4Connection@58648016]
2013-10-16 14:31:18,837 [DEBUG] c.n.k.m.m.M.updateCheatingAppIdGoldBall - ==>  Preparing: UPDATE ACCOUNT SET GOLD = 0 - ABS(GOLD) , BALL = 0 - ABS(BALL) WHERE APPID = ? 
2013-10-16 14:31:18,838 [DEBUG] c.n.k.m.m.M.updateCheatingAppIdGoldBall - ==> Parameters: 88392358398122512(String)
2013-10-16 14:31:19,053 [INFO ] c.nfl.kfb.maintenance.CheatingUsers - CHEATING_USERS APPID[88392358398122512]
2013-10-16 14:31:19,271 [DEBUG] c.n.k.m.m.M.updateCheatingAppIdGoldBall - ooo Using Connection [com.mysql.jdbc.JDBC4Connection@58648016]
2013-10-16 14:31:19,272 [DEBUG] c.n.k.m.m.M.updateCheatingAppIdGoldBall - ==>  Preparing: UPDATE ACCOUNT SET GOLD = 0 - ABS(GOLD) , BALL = 0 - ABS(BALL) WHERE APPID = ? 
2013-10-16 14:31:19,272 [DEBUG] c.n.k.m.m.M.updateCheatingAppIdGoldBall - ==> Parameters: 88620343089468577(String)
2013-10-16 14:31:19,487 [INFO ] c.nfl.kfb.maintenance.CheatingUsers - CHEATING_USERS APPID[88620343089468577]
2013-10-16 14:31:19,705 [DEBUG] c.n.k.m.m.M.updateCheatingAppIdGoldBall - ooo Using Connection [com.mysql.jdbc.JDBC4Connection@58648016]
2013-10-16 14:31:19,706 [DEBUG] c.n.k.m.m.M.updateCheatingAppIdGoldBall - ==>  Preparing: UPDATE ACCOUNT SET GOLD = 0 - ABS(GOLD) , BALL = 0 - ABS(BALL) WHERE APPID = ? 
2013-10-16 14:31:19,706 [DEBUG] c.n.k.m.m.M.updateCheatingAppIdGoldBall - ==> Parameters: 88651735694007344(String)
2013-10-16 14:31:19,920 [INFO ] c.nfl.kfb.maintenance.CheatingUsers - CHEATING_USERS APPID[88651735694007344]
2013-10-16 14:31:20,139 [DEBUG] c.n.k.m.m.M.updateCheatingAppIdGoldBall - ooo Using Connection [com.mysql.jdbc.JDBC4Connection@58648016]
2013-10-16 14:31:20,139 [DEBUG] c.n.k.m.m.M.updateCheatingAppIdGoldBall - ==>  Preparing: UPDATE ACCOUNT SET GOLD = 0 - ABS(GOLD) , BALL = 0 - ABS(BALL) WHERE APPID = ? 
2013-10-16 14:31:20,140 [DEBUG] c.n.k.m.m.M.updateCheatingAppIdGoldBall - ==> Parameters: 88470036820933473(String)
2013-10-16 14:31:20,354 [INFO ] c.nfl.kfb.maintenance.CheatingUsers - CHEATING_USERS APPID[88470036820933473]
2013-10-16 14:31:20,572 [DEBUG] c.n.k.m.m.M.updateCheatingAppIdGoldBall - ooo Using Connection [com.mysql.jdbc.JDBC4Connection@58648016]
2013-10-16 14:31:20,587 [DEBUG] c.n.k.m.m.M.updateCheatingAppIdGoldBall - ==>  Preparing: UPDATE ACCOUNT SET GOLD = 0 - ABS(GOLD) , BALL = 0 - ABS(BALL) WHERE APPID = ? 
2013-10-16 14:31:20,588 [DEBUG] c.n.k.m.m.M.updateCheatingAppIdGoldBall - ==> Parameters: 88522016489732784(String)
2013-10-16 14:31:20,801 [INFO ] c.nfl.kfb.maintenance.CheatingUsers - CHEATING_USERS APPID[88522016489732784]
2013-10-16 14:31:21,020 [DEBUG] c.n.k.m.m.M.updateCheatingAppIdGoldBall - ooo Using Connection [com.mysql.jdbc.JDBC4Connection@58648016]
2013-10-16 14:31:21,020 [DEBUG] c.n.k.m.m.M.updateCheatingAppIdGoldBall - ==>  Preparing: UPDATE ACCOUNT SET GOLD = 0 - ABS(GOLD) , BALL = 0 - ABS(BALL) WHERE APPID = ? 
2013-10-16 14:31:21,021 [DEBUG] c.n.k.m.m.M.updateCheatingAppIdGoldBall - ==> Parameters: 90464447157025728(String)
2013-10-16 14:31:21,238 [INFO ] c.nfl.kfb.maintenance.CheatingUsers - CHEATING_USERS APPID[90464447157025728]
2013-10-16 14:31:21,454 [DEBUG] c.n.k.m.m.M.updateCheatingAppIdGoldBall - ooo Using Connection [com.mysql.jdbc.JDBC4Connection@58648016]
2013-10-16 14:31:21,455 [DEBUG] c.n.k.m.m.M.updateCheatingAppIdGoldBall - ==>  Preparing: UPDATE ACCOUNT SET GOLD = 0 - ABS(GOLD) , BALL = 0 - ABS(BALL) WHERE APPID = ? 
2013-10-16 14:31:21,456 [DEBUG] c.n.k.m.m.M.updateCheatingAppIdGoldBall - ==> Parameters: 88627158449956961(String)
2013-10-16 14:31:21,671 [INFO ] c.nfl.kfb.maintenance.CheatingUsers - CHEATING_USERS APPID[88627158449956961]
2013-10-16 14:31:21,890 [DEBUG] c.n.k.m.m.M.updateCheatingAppIdGoldBall - ooo Using Connection [com.mysql.jdbc.JDBC4Connection@58648016]
2013-10-16 14:31:21,892 [DEBUG] c.n.k.m.m.M.updateCheatingAppIdGoldBall - ==>  Preparing: UPDATE ACCOUNT SET GOLD = 0 - ABS(GOLD) , BALL = 0 - ABS(BALL) WHERE APPID = ? 
2013-10-16 14:31:21,892 [DEBUG] c.n.k.m.m.M.updateCheatingAppIdGoldBall - ==> Parameters: 89902795844375409(String)
2013-10-16 14:31:22,107 [INFO ] c.nfl.kfb.maintenance.CheatingUsers - CHEATING_USERS APPID[89902795844375409]
2013-10-16 14:31:22,325 [DEBUG] c.n.k.m.m.M.updateCheatingAppIdGoldBall - ooo Using Connection [com.mysql.jdbc.JDBC4Connection@58648016]
2013-10-16 14:31:22,326 [DEBUG] c.n.k.m.m.M.updateCheatingAppIdGoldBall - ==>  Preparing: UPDATE ACCOUNT SET GOLD = 0 - ABS(GOLD) , BALL = 0 - ABS(BALL) WHERE APPID = ? 
2013-10-16 14:31:22,328 [DEBUG] c.n.k.m.m.M.updateCheatingAppIdGoldBall - ==> Parameters: 88064243362304048(String)
2013-10-16 14:31:22,563 [INFO ] c.nfl.kfb.maintenance.CheatingUsers - CHEATING_USERS APPID[88064243362304048]
2013-10-16 14:31:22,781 [DEBUG] c.n.k.m.m.M.updateCheatingAppIdGoldBall - ooo Using Connection [com.mysql.jdbc.JDBC4Connection@58648016]
2013-10-16 14:31:22,782 [DEBUG] c.n.k.m.m.M.updateCheatingAppIdGoldBall - ==>  Preparing: UPDATE ACCOUNT SET GOLD = 0 - ABS(GOLD) , BALL = 0 - ABS(BALL) WHERE APPID = ? 
2013-10-16 14:31:22,783 [DEBUG] c.n.k.m.m.M.updateCheatingAppIdGoldBall - ==> Parameters: 88160374725398608(String)
2013-10-16 14:31:22,997 [INFO ] c.nfl.kfb.maintenance.CheatingUsers - CHEATING_USERS APPID[88160374725398608]
2013-10-16 14:31:23,216 [DEBUG] c.n.k.m.m.M.updateCheatingAppIdGoldBall - ooo Using Connection [com.mysql.jdbc.JDBC4Connection@58648016]
2013-10-16 14:31:23,216 [DEBUG] c.n.k.m.m.M.updateCheatingAppIdGoldBall - ==>  Preparing: UPDATE ACCOUNT SET GOLD = 0 - ABS(GOLD) , BALL = 0 - ABS(BALL) WHERE APPID = ? 
2013-10-16 14:31:23,216 [DEBUG] c.n.k.m.m.M.updateCheatingAppIdGoldBall - ==> Parameters: 88502758919904000(String)
2013-10-16 14:31:23,432 [INFO ] c.nfl.kfb.maintenance.CheatingUsers - CHEATING_USERS APPID[88502758919904000]
2013-10-16 14:31:23,649 [DEBUG] c.n.k.m.m.M.updateCheatingAppIdGoldBall - ooo Using Connection [com.mysql.jdbc.JDBC4Connection@58648016]
2013-10-16 14:31:23,649 [DEBUG] c.n.k.m.m.M.updateCheatingAppIdGoldBall - ==>  Preparing: UPDATE ACCOUNT SET GOLD = 0 - ABS(GOLD) , BALL = 0 - ABS(BALL) WHERE APPID = ? 
2013-10-16 14:31:23,650 [DEBUG] c.n.k.m.m.M.updateCheatingAppIdGoldBall - ==> Parameters: 90517220907726881(String)
2013-10-16 14:31:23,863 [INFO ] c.nfl.kfb.maintenance.CheatingUsers - CHEATING_USERS APPID[90517220907726881]
2013-10-16 14:31:24,082 [DEBUG] c.n.k.m.m.M.updateCheatingAppIdGoldBall - ooo Using Connection [com.mysql.jdbc.JDBC4Connection@58648016]
2013-10-16 14:31:24,082 [DEBUG] c.n.k.m.m.M.updateCheatingAppIdGoldBall - ==>  Preparing: UPDATE ACCOUNT SET GOLD = 0 - ABS(GOLD) , BALL = 0 - ABS(BALL) WHERE APPID = ? 
2013-10-16 14:31:24,083 [DEBUG] c.n.k.m.m.M.updateCheatingAppIdGoldBall - ==> Parameters: 89256384394518593(String)
2013-10-16 14:31:24,297 [INFO ] c.nfl.kfb.maintenance.CheatingUsers - CHEATING_USERS APPID[89256384394518593]
2013-10-16 14:31:24,520 [DEBUG] c.n.k.m.m.M.updateCheatingAppIdGoldBall - ooo Using Connection [com.mysql.jdbc.JDBC4Connection@58648016]
2013-10-16 14:31:24,521 [DEBUG] c.n.k.m.m.M.updateCheatingAppIdGoldBall - ==>  Preparing: UPDATE ACCOUNT SET GOLD = 0 - ABS(GOLD) , BALL = 0 - ABS(BALL) WHERE APPID = ? 
2013-10-16 14:31:24,521 [DEBUG] c.n.k.m.m.M.updateCheatingAppIdGoldBall - ==> Parameters: 89195854564361793(String)
2013-10-16 14:31:24,736 [INFO ] c.nfl.kfb.maintenance.CheatingUsers - CHEATING_USERS APPID[89195854564361793]
2013-10-16 14:31:24,954 [DEBUG] c.n.k.m.m.M.updateCheatingAppIdGoldBall - ooo Using Connection [com.mysql.jdbc.JDBC4Connection@58648016]
2013-10-16 14:31:24,954 [DEBUG] c.n.k.m.m.M.updateCheatingAppIdGoldBall - ==>  Preparing: UPDATE ACCOUNT SET GOLD = 0 - ABS(GOLD) , BALL = 0 - ABS(BALL) WHERE APPID = ? 
2013-10-16 14:31:24,954 [DEBUG] c.n.k.m.m.M.updateCheatingAppIdGoldBall - ==> Parameters: 88533809824098656(String)
2013-10-16 14:31:25,170 [INFO ] c.nfl.kfb.maintenance.CheatingUsers - CHEATING_USERS APPID[88533809824098656]
2013-10-16 14:31:25,389 [DEBUG] c.n.k.m.m.M.updateCheatingAppIdGoldBall - ooo Using Connection [com.mysql.jdbc.JDBC4Connection@58648016]
2013-10-16 14:31:25,390 [DEBUG] c.n.k.m.m.M.updateCheatingAppIdGoldBall - ==>  Preparing: UPDATE ACCOUNT SET GOLD = 0 - ABS(GOLD) , BALL = 0 - ABS(BALL) WHERE APPID = ? 
2013-10-16 14:31:25,390 [DEBUG] c.n.k.m.m.M.updateCheatingAppIdGoldBall - ==> Parameters: 88906918852208337(String)
2013-10-16 14:31:25,605 [INFO ] c.nfl.kfb.maintenance.CheatingUsers - CHEATING_USERS APPID[88906918852208337]
2013-10-16 14:31:25,823 [DEBUG] c.n.k.m.m.M.updateCheatingAppIdGoldBall - ooo Using Connection [com.mysql.jdbc.JDBC4Connection@58648016]
2013-10-16 14:31:25,824 [DEBUG] c.n.k.m.m.M.updateCheatingAppIdGoldBall - ==>  Preparing: UPDATE ACCOUNT SET GOLD = 0 - ABS(GOLD) , BALL = 0 - ABS(BALL) WHERE APPID = ? 
2013-10-16 14:31:25,824 [DEBUG] c.n.k.m.m.M.updateCheatingAppIdGoldBall - ==> Parameters: 89725873010921361(String)
2013-10-16 14:31:26,037 [INFO ] c.nfl.kfb.maintenance.CheatingUsers - CHEATING_USERS APPID[89725873010921361]
2013-10-16 14:31:26,256 [DEBUG] c.n.k.m.m.M.updateCheatingAppIdGoldBall - ooo Using Connection [com.mysql.jdbc.JDBC4Connection@58648016]
2013-10-16 14:31:26,256 [DEBUG] c.n.k.m.m.M.updateCheatingAppIdGoldBall - ==>  Preparing: UPDATE ACCOUNT SET GOLD = 0 - ABS(GOLD) , BALL = 0 - ABS(BALL) WHERE APPID = ? 
2013-10-16 14:31:26,257 [DEBUG] c.n.k.m.m.M.updateCheatingAppIdGoldBall - ==> Parameters: 89929798459662864(String)
2013-10-16 14:31:26,470 [INFO ] c.nfl.kfb.maintenance.CheatingUsers - CHEATING_USERS APPID[89929798459662864]
2013-10-16 14:31:26,691 [DEBUG] c.n.k.m.m.M.updateCheatingAppIdGoldBall - ooo Using Connection [com.mysql.jdbc.JDBC4Connection@58648016]
2013-10-16 14:31:26,692 [DEBUG] c.n.k.m.m.M.updateCheatingAppIdGoldBall - ==>  Preparing: UPDATE ACCOUNT SET GOLD = 0 - ABS(GOLD) , BALL = 0 - ABS(BALL) WHERE APPID = ? 
2013-10-16 14:31:26,692 [DEBUG] c.n.k.m.m.M.updateCheatingAppIdGoldBall - ==> Parameters: 89762782191283760(String)
2013-10-16 14:31:26,907 [INFO ] c.nfl.kfb.maintenance.CheatingUsers - CHEATING_USERS APPID[89762782191283760]
2013-10-16 14:31:27,128 [DEBUG] c.n.k.m.m.M.updateCheatingAppIdGoldBall - ooo Using Connection [com.mysql.jdbc.JDBC4Connection@58648016]
2013-10-16 14:31:27,128 [DEBUG] c.n.k.m.m.M.updateCheatingAppIdGoldBall - ==>  Preparing: UPDATE ACCOUNT SET GOLD = 0 - ABS(GOLD) , BALL = 0 - ABS(BALL) WHERE APPID = ? 
2013-10-16 14:31:27,129 [DEBUG] c.n.k.m.m.M.updateCheatingAppIdGoldBall - ==> Parameters: 88201470107226961(String)
2013-10-16 14:31:27,342 [INFO ] c.nfl.kfb.maintenance.CheatingUsers - CHEATING_USERS APPID[88201470107226961]
2013-10-16 14:31:27,559 [DEBUG] c.n.k.m.m.M.updateCheatingAppIdGoldBall - ooo Using Connection [com.mysql.jdbc.JDBC4Connection@58648016]
2013-10-16 14:31:27,560 [DEBUG] c.n.k.m.m.M.updateCheatingAppIdGoldBall - ==>  Preparing: UPDATE ACCOUNT SET GOLD = 0 - ABS(GOLD) , BALL = 0 - ABS(BALL) WHERE APPID = ? 
2013-10-16 14:31:27,560 [DEBUG] c.n.k.m.m.M.updateCheatingAppIdGoldBall - ==> Parameters: 88491651762734800(String)
2013-10-16 14:31:27,776 [INFO ] c.nfl.kfb.maintenance.CheatingUsers - CHEATING_USERS APPID[88491651762734800]
2013-10-16 14:31:27,994 [DEBUG] c.n.k.m.m.M.updateCheatingAppIdGoldBall - ooo Using Connection [com.mysql.jdbc.JDBC4Connection@58648016]
2013-10-16 14:31:27,994 [DEBUG] c.n.k.m.m.M.updateCheatingAppIdGoldBall - ==>  Preparing: UPDATE ACCOUNT SET GOLD = 0 - ABS(GOLD) , BALL = 0 - ABS(BALL) WHERE APPID = ? 
2013-10-16 14:31:27,995 [DEBUG] c.n.k.m.m.M.updateCheatingAppIdGoldBall - ==> Parameters: 88542841082319953(String)
2013-10-16 14:31:28,208 [INFO ] c.nfl.kfb.maintenance.CheatingUsers - CHEATING_USERS APPID[88542841082319953]
2013-10-16 14:31:28,425 [DEBUG] c.n.k.m.m.M.updateCheatingAppIdGoldBall - ooo Using Connection [com.mysql.jdbc.JDBC4Connection@58648016]
2013-10-16 14:31:28,426 [DEBUG] c.n.k.m.m.M.updateCheatingAppIdGoldBall - ==>  Preparing: UPDATE ACCOUNT SET GOLD = 0 - ABS(GOLD) , BALL = 0 - ABS(BALL) WHERE APPID = ? 
2013-10-16 14:31:28,426 [DEBUG] c.n.k.m.m.M.updateCheatingAppIdGoldBall - ==> Parameters: 88131733457413824(String)
2013-10-16 14:31:28,640 [INFO ] c.nfl.kfb.maintenance.CheatingUsers - CHEATING_USERS APPID[88131733457413824]
